
*** Running vivado
    with args -log top_level.vdi -applog -m64 -product Vivado -messageDb vivado.pb -mode batch -source top_level.tcl -notrace


****** Vivado v2016.4 (64-bit)
  **** SW Build 1756540 on Mon Jan 23 19:11:19 MST 2017
  **** IP Build 1755317 on Mon Jan 23 20:30:07 MST 2017
    ** Copyright 1986-2016 Xilinx, Inc. All Rights Reserved.

source top_level.tcl -notrace
Design is defaulting to srcset: sources_1
Design is defaulting to constrset: constrs_1
INFO: [Netlist 29-17] Analyzing 17143 Unisim elements for replacement
INFO: [Netlist 29-28] Unisim Transformation completed in 0 CPU seconds
WARNING: [Netlist 29-101] Netlist 'top_level' is not ideal for floorplanning, since the cellview 'tree_reduction' contains a large number of primitives.  Please consider enabling hierarchy in synthesis if you want to do floorplanning.
INFO: [Project 1-479] Netlist was created with Vivado 2016.4
INFO: [Device 21-403] Loading part xc7z045ffg900-2
INFO: [Project 1-570] Preparing netlist for logic optimization
Parsing XDC File [/home/elliot/git_neural/neural_IP/neural_network_simul/neural_network_simul.srcs/constrs_1/new/top_constraints.xdc]
CRITICAL WARNING: [Vivado 12-2272] Clock names may not contain wildcard characters, as it confuses tcl. Skipping 'VecOut_mux[*]' [/home/elliot/git_neural/neural_IP/neural_network_simul/neural_network_simul.srcs/constrs_1/new/top_constraints.xdc:2]
CRITICAL WARNING: [Vivado 12-2272] Clock names may not contain wildcard characters, as it confuses tcl. Skipping 'pixel[*]' [/home/elliot/git_neural/neural_IP/neural_network_simul/neural_network_simul.srcs/constrs_1/new/top_constraints.xdc:3]
CRITICAL WARNING: [Vivado 12-2272] Clock names may not contain wildcard characters, as it confuses tcl. Skipping 'weight[*]' [/home/elliot/git_neural/neural_IP/neural_network_simul/neural_network_simul.srcs/constrs_1/new/top_constraints.xdc:4]
INFO: [Timing 38-35] Done setting XDC timing constraints. [/home/elliot/git_neural/neural_IP/neural_network_simul/neural_network_simul.srcs/constrs_1/new/top_constraints.xdc:7]
get_clocks: Time (s): cpu = 00:00:26 ; elapsed = 00:00:22 . Memory (MB): peak = 2649.512 ; gain = 725.461 ; free physical = 3355 ; free virtual = 6468
Finished Parsing XDC File [/home/elliot/git_neural/neural_IP/neural_network_simul/neural_network_simul.srcs/constrs_1/new/top_constraints.xdc]
INFO: [Opt 31-138] Pushed 0 inverter(s) to 0 load pin(s).
INFO: [Project 1-111] Unisim Transformation Summary:
No Unisim elements were transformed.

link_design: Time (s): cpu = 00:01:21 ; elapsed = 00:01:13 . Memory (MB): peak = 2649.512 ; gain = 1637.652 ; free physical = 3558 ; free virtual = 6457
INFO: [Vivado_Tcl 4-424] Cannot write hardware definition file as there are no IPI block design hardware handoff files present
Command: opt_design -directive Explore
INFO: [Vivado_Tcl 4-136] Directive used for opt_design is: Explore
Attempting to get a license for feature 'Implementation' and/or device 'xc7z045'
INFO: [Common 17-349] Got license for feature 'Implementation' and/or device 'xc7z045'
INFO: [Common 17-86] Your Implementation license expires in 16 day(s)
INFO: [Common 17-1223] The version limit for your license is '2019.08' and will expire in -469 days. A version limit expiration means that, although you may be able to continue to use the current version of tools or IP with this license, you will not be eligible for any updates or new releases.
Running DRC as a precondition to command opt_design

Starting DRC Task
INFO: [DRC 23-27] Running DRC with 8 threads
INFO: [Project 1-461] DRC finished with 0 Errors
INFO: [Project 1-462] Please refer to the DRC report (report_drc) for more information.

Time (s): cpu = 00:00:06 ; elapsed = 00:00:03 . Memory (MB): peak = 2721.547 ; gain = 64.031 ; free physical = 3555 ; free virtual = 6455
INFO: [Timing 38-35] Done setting XDC timing constraints.

Starting Logic Optimization Task
Implement Debug Cores | Checksum: 660a30ff

Phase 1 Retarget
INFO: [Opt 31-138] Pushed 0 inverter(s) to 0 load pin(s).
INFO: [Opt 31-49] Retargeted 0 cell(s).
Phase 1 Retarget | Checksum: f4b73625

Time (s): cpu = 00:00:24 ; elapsed = 00:00:24 . Memory (MB): peak = 2721.547 ; gain = 0.000 ; free physical = 3465 ; free virtual = 6366

Phase 2 Constant propagation
INFO: [Opt 31-138] Pushed 0 inverter(s) to 0 load pin(s).
INFO: [Opt 31-10] Eliminated 252256 cells.
Phase 2 Constant propagation | Checksum: 13fcbddd8

Time (s): cpu = 00:21:31 ; elapsed = 00:21:30 . Memory (MB): peak = 2721.547 ; gain = 0.000 ; free physical = 3536 ; free virtual = 6509

Phase 3 Sweep
INFO: [Opt 31-12] Eliminated 374378 unconnected nets.
INFO: [Opt 31-11] Eliminated 138563 unconnected cells.
Phase 3 Sweep | Checksum: 52ff5e91

Time (s): cpu = 00:21:49 ; elapsed = 00:21:48 . Memory (MB): peak = 2721.547 ; gain = 0.000 ; free physical = 3475 ; free virtual = 6476

Phase 4 BUFG optimization
INFO: [Opt 31-12] Eliminated 0 unconnected nets.
INFO: [Opt 31-11] Eliminated 0 unconnected cells.
Phase 4 BUFG optimization | Checksum: 52ff5e91

Time (s): cpu = 00:21:53 ; elapsed = 00:21:53 . Memory (MB): peak = 2721.547 ; gain = 0.000 ; free physical = 3482 ; free virtual = 6484

Phase 5 Constant propagation
INFO: [Opt 31-138] Pushed 0 inverter(s) to 0 load pin(s).
INFO: [Opt 31-10] Eliminated 61117 cells.
Phase 5 Constant propagation | Checksum: 1246c9abf

Time (s): cpu = 00:22:57 ; elapsed = 00:23:07 . Memory (MB): peak = 2721.547 ; gain = 0.000 ; free physical = 3247 ; free virtual = 6314

Phase 6 Sweep
INFO: [Opt 31-12] Eliminated 76068 unconnected nets.
INFO: [Opt 31-11] Eliminated 32288 unconnected cells.
Phase 6 Sweep | Checksum: 11d741162

Time (s): cpu = 00:23:00 ; elapsed = 00:23:11 . Memory (MB): peak = 2721.547 ; gain = 0.000 ; free physical = 3253 ; free virtual = 6316

Starting Connectivity Check Task

Time (s): cpu = 00:00:00.08 ; elapsed = 00:00:00.09 . Memory (MB): peak = 2721.547 ; gain = 0.000 ; free physical = 3253 ; free virtual = 6316
Ending Logic Optimization Task | Checksum: 11d741162

Time (s): cpu = 00:23:00 ; elapsed = 00:23:12 . Memory (MB): peak = 2721.547 ; gain = 0.000 ; free physical = 3253 ; free virtual = 6316

Starting Power Optimization Task
INFO: [Pwropt 34-132] Skipping clock gating for clocks with a period < 2.00 ns.
Ending Power Optimization Task | Checksum: 11d741162

Time (s): cpu = 00:00:00.06 ; elapsed = 00:00:00.09 . Memory (MB): peak = 2721.547 ; gain = 0.000 ; free physical = 3253 ; free virtual = 6316
INFO: [Common 17-83] Releasing license: Implementation
31 Infos, 1 Warnings, 3 Critical Warnings and 0 Errors encountered.
opt_design completed successfully
opt_design: Time (s): cpu = 00:23:25 ; elapsed = 00:23:26 . Memory (MB): peak = 2721.547 ; gain = 72.035 ; free physical = 3253 ; free virtual = 6316
INFO: [Common 17-1381] The checkpoint '/home/elliot/git_neural/neural_IP/neural_network_simul/neural_network_simul.runs/impl_6/top_level_opt.dcp' has been generated.
INFO: [DRC 23-27] Running DRC with 8 threads
INFO: [Coretcl 2-168] The results of DRC are in file /home/elliot/git_neural/neural_IP/neural_network_simul/neural_network_simul.runs/impl_6/top_level_drc_opted.rpt.
INFO: [Chipscope 16-241] No debug cores found in the current design.
Before running the implement_debug_core command, either use the Set Up Debug wizard (GUI mode)
or use the create_debug_core and connect_debug_core Tcl commands to insert debug cores into the design.
Command: place_design -directive Explore
Attempting to get a license for feature 'Implementation' and/or device 'xc7z045'
INFO: [Common 17-349] Got license for feature 'Implementation' and/or device 'xc7z045'
INFO: [Common 17-86] Your Implementation license expires in 16 day(s)
INFO: [Common 17-1223] The version limit for your license is '2019.08' and will expire in -469 days. A version limit expiration means that, although you may be able to continue to use the current version of tools or IP with this license, you will not be eligible for any updates or new releases.
INFO: [DRC 23-27] Running DRC with 8 threads
INFO: [Vivado_Tcl 4-198] DRC finished with 0 Errors
INFO: [Vivado_Tcl 4-199] Please refer to the DRC report (report_drc) for more information.
Running DRC as a precondition to command place_design
INFO: [DRC 23-27] Running DRC with 8 threads
INFO: [Vivado_Tcl 4-198] DRC finished with 0 Errors
INFO: [Vivado_Tcl 4-199] Please refer to the DRC report (report_drc) for more information.

Starting Placer Task
INFO: [Place 46-5] The placer was invoked with the 'Explore' directive.
INFO: [Place 30-611] Multithreading enabled for place_design using a maximum of 8 CPUs

Phase 1 Placer Initialization
Netlist sorting complete. Time (s): cpu = 00:00:00.06 ; elapsed = 00:00:00.07 . Memory (MB): peak = 2721.547 ; gain = 0.000 ; free physical = 3241 ; free virtual = 6313
Netlist sorting complete. Time (s): cpu = 00:00:00.07 ; elapsed = 00:00:00.07 . Memory (MB): peak = 2721.547 ; gain = 0.000 ; free physical = 3236 ; free virtual = 6313

Phase 1.1 IO Placement/ Clock Placement/ Build Placer Device
INFO: [Timing 38-35] Done setting XDC timing constraints.
Phase 1.1 IO Placement/ Clock Placement/ Build Placer Device | Checksum: bac8aa19

Time (s): cpu = 00:00:09 ; elapsed = 00:00:05 . Memory (MB): peak = 2721.547 ; gain = 0.000 ; free physical = 3219 ; free virtual = 6345

Phase 1.2 Build Placer Netlist Model
INFO: [Place 30-896] Complex timing constraints detected. Disabling fast timing updates
Phase 1.2 Build Placer Netlist Model | Checksum: 15f1d4aae

Time (s): cpu = 00:00:16 ; elapsed = 00:00:08 . Memory (MB): peak = 2721.547 ; gain = 0.000 ; free physical = 3266 ; free virtual = 6344

Phase 1.3 Constrain Clocks/Macros
Phase 1.3 Constrain Clocks/Macros | Checksum: 15f1d4aae

Time (s): cpu = 00:00:16 ; elapsed = 00:00:08 . Memory (MB): peak = 2721.547 ; gain = 0.000 ; free physical = 3266 ; free virtual = 6344
Phase 1 Placer Initialization | Checksum: 15f1d4aae

Time (s): cpu = 00:00:16 ; elapsed = 00:00:08 . Memory (MB): peak = 2721.547 ; gain = 0.000 ; free physical = 3263 ; free virtual = 6341

Phase 2 Global Placement
Phase 2 Global Placement | Checksum: c042f3d0

Time (s): cpu = 00:01:28 ; elapsed = 00:00:31 . Memory (MB): peak = 2784.602 ; gain = 63.055 ; free physical = 3193 ; free virtual = 6321

Phase 3 Detail Placement

Phase 3.1 Commit Multi Column Macros
Phase 3.1 Commit Multi Column Macros | Checksum: c042f3d0

Time (s): cpu = 00:01:29 ; elapsed = 00:00:31 . Memory (MB): peak = 2784.602 ; gain = 63.055 ; free physical = 3193 ; free virtual = 6321

Phase 3.2 Commit Most Macros & LUTRAMs
Phase 3.2 Commit Most Macros & LUTRAMs | Checksum: f31ae53e

Time (s): cpu = 00:01:34 ; elapsed = 00:00:35 . Memory (MB): peak = 2784.602 ; gain = 63.055 ; free physical = 3148 ; free virtual = 6277

Phase 3.3 Area Swap Optimization
Phase 3.3 Area Swap Optimization | Checksum: 1b0a75152

Time (s): cpu = 00:01:36 ; elapsed = 00:00:36 . Memory (MB): peak = 2784.602 ; gain = 63.055 ; free physical = 3145 ; free virtual = 6273

Phase 3.4 Pipeline Register Optimization
Phase 3.4 Pipeline Register Optimization | Checksum: 1b0a75152

Time (s): cpu = 00:01:36 ; elapsed = 00:00:36 . Memory (MB): peak = 2784.602 ; gain = 63.055 ; free physical = 3145 ; free virtual = 6273

Phase 3.5 Timing Path Optimizer
Phase 3.5 Timing Path Optimizer | Checksum: 16f7b1789

Time (s): cpu = 00:01:37 ; elapsed = 00:00:36 . Memory (MB): peak = 2784.602 ; gain = 63.055 ; free physical = 3142 ; free virtual = 6270

Phase 3.6 Fast Optimization
Phase 3.6 Fast Optimization | Checksum: 16f7b1789

Time (s): cpu = 00:01:37 ; elapsed = 00:00:36 . Memory (MB): peak = 2784.602 ; gain = 63.055 ; free physical = 3142 ; free virtual = 6270

Phase 3.7 Small Shape Detail Placement
Phase 3.7 Small Shape Detail Placement | Checksum: e2b7a9c4

Time (s): cpu = 00:01:43 ; elapsed = 00:00:42 . Memory (MB): peak = 2784.602 ; gain = 63.055 ; free physical = 3115 ; free virtual = 6243

Phase 3.8 Re-assign LUT pins
Phase 3.8 Re-assign LUT pins | Checksum: 1858a62a5

Time (s): cpu = 00:01:45 ; elapsed = 00:00:43 . Memory (MB): peak = 2784.602 ; gain = 63.055 ; free physical = 3114 ; free virtual = 6242

Phase 3.9 Pipeline Register Optimization
Phase 3.9 Pipeline Register Optimization | Checksum: 1858a62a5

Time (s): cpu = 00:01:45 ; elapsed = 00:00:43 . Memory (MB): peak = 2784.602 ; gain = 63.055 ; free physical = 3114 ; free virtual = 6242

Phase 3.10 Fast Optimization
Phase 3.10 Fast Optimization | Checksum: 1858a62a5

Time (s): cpu = 00:01:46 ; elapsed = 00:00:44 . Memory (MB): peak = 2784.602 ; gain = 63.055 ; free physical = 3114 ; free virtual = 6242
Phase 3 Detail Placement | Checksum: 1858a62a5

Time (s): cpu = 00:01:46 ; elapsed = 00:00:44 . Memory (MB): peak = 2784.602 ; gain = 63.055 ; free physical = 3114 ; free virtual = 6242

Phase 4 Post Placement Optimization and Clean-Up

Phase 4.1 Post Commit Optimization

Phase 4.1.1 Post Placement Optimization
INFO: [Place 30-746] Post Placement Timing Summary WNS=-0.017. For the most accurate timing information please run report_timing.
Phase 4.1.1 Post Placement Optimization | Checksum: 17dc6e95f

Time (s): cpu = 00:02:06 ; elapsed = 00:01:01 . Memory (MB): peak = 2784.602 ; gain = 63.055 ; free physical = 2816 ; free virtual = 5972
Phase 4.1 Post Commit Optimization | Checksum: 17dc6e95f

Time (s): cpu = 00:02:06 ; elapsed = 00:01:01 . Memory (MB): peak = 2784.602 ; gain = 63.055 ; free physical = 2813 ; free virtual = 5971

Phase 4.2 Post Placement Cleanup
Phase 4.2 Post Placement Cleanup | Checksum: 17dc6e95f

Time (s): cpu = 00:02:07 ; elapsed = 00:01:01 . Memory (MB): peak = 2784.602 ; gain = 63.055 ; free physical = 2810 ; free virtual = 5971

Phase 4.3 Placer Reporting
Phase 4.3 Placer Reporting | Checksum: 17dc6e95f

Time (s): cpu = 00:02:07 ; elapsed = 00:01:02 . Memory (MB): peak = 2784.602 ; gain = 63.055 ; free physical = 2807 ; free virtual = 5972

Phase 4.4 Final Placement Cleanup
Phase 4.4 Final Placement Cleanup | Checksum: 137a7143a

Time (s): cpu = 00:02:07 ; elapsed = 00:01:02 . Memory (MB): peak = 2784.602 ; gain = 63.055 ; free physical = 2805 ; free virtual = 5972
Phase 4 Post Placement Optimization and Clean-Up | Checksum: 137a7143a

Time (s): cpu = 00:02:07 ; elapsed = 00:01:02 . Memory (MB): peak = 2784.602 ; gain = 63.055 ; free physical = 2804 ; free virtual = 5971
Ending Placer Task | Checksum: b09550c7

Time (s): cpu = 00:02:07 ; elapsed = 00:01:02 . Memory (MB): peak = 2784.602 ; gain = 63.055 ; free physical = 2803 ; free virtual = 5971
INFO: [Common 17-83] Releasing license: Implementation
50 Infos, 1 Warnings, 3 Critical Warnings and 0 Errors encountered.
place_design completed successfully
place_design: Time (s): cpu = 00:02:12 ; elapsed = 00:01:04 . Memory (MB): peak = 2784.602 ; gain = 63.055 ; free physical = 2802 ; free virtual = 5971
Writing placer database...
Writing XDEF routing.
Writing XDEF routing logical nets.
Writing XDEF routing special nets.
Write XDEF Complete: Time (s): cpu = 00:00:03 ; elapsed = 00:00:02 . Memory (MB): peak = 2784.602 ; gain = 0.000 ; free physical = 2766 ; free virtual = 5964
INFO: [Common 17-1381] The checkpoint '/home/elliot/git_neural/neural_IP/neural_network_simul/neural_network_simul.runs/impl_6/top_level_placed.dcp' has been generated.
report_io: Time (s): cpu = 00:00:00.27 ; elapsed = 00:00:00.38 . Memory (MB): peak = 2784.602 ; gain = 0.000 ; free physical = 2763 ; free virtual = 5961
report_utilization: Time (s): cpu = 00:00:00.23 ; elapsed = 00:00:00.37 . Memory (MB): peak = 2784.602 ; gain = 0.000 ; free physical = 2757 ; free virtual = 5958
report_control_sets: Time (s): cpu = 00:00:00.08 ; elapsed = 00:00:00.22 . Memory (MB): peak = 2784.602 ; gain = 0.000 ; free physical = 2755 ; free virtual = 5958
Command: phys_opt_design -directive Explore
Attempting to get a license for feature 'Implementation' and/or device 'xc7z045'
INFO: [Common 17-349] Got license for feature 'Implementation' and/or device 'xc7z045'
INFO: [Common 17-86] Your Implementation license expires in 16 day(s)
INFO: [Common 17-1223] The version limit for your license is '2019.08' and will expire in -469 days. A version limit expiration means that, although you may be able to continue to use the current version of tools or IP with this license, you will not be eligible for any updates or new releases.
INFO: [Vivado_Tcl 4-137] Directive used for phys_opt_design is: Explore
Netlist sorting complete. Time (s): cpu = 00:00:00.05 ; elapsed = 00:00:00.05 . Memory (MB): peak = 2784.602 ; gain = 0.000 ; free physical = 2753 ; free virtual = 5958

Starting Physical Synthesis Task

Phase 1 Physical Synthesis Initialization
INFO: [Physopt 32-721] Multithreading enabled for phys_opt_design using a maximum of 8 CPUs
Phase 1 Physical Synthesis Initialization | Checksum: 194644482

Time (s): cpu = 00:00:09 ; elapsed = 00:00:05 . Memory (MB): peak = 2784.602 ; gain = 0.000 ; free physical = 2790 ; free virtual = 5958
INFO: [Physopt 32-619] Estimated Timing Summary | WNS=-0.017 | TNS=-0.043 |

Phase 2 Fanout Optimization
INFO: [Physopt 32-64] No nets found for fanout-optimization.
Phase 2 Fanout Optimization | Checksum: 194644482

Time (s): cpu = 00:00:09 ; elapsed = 00:00:06 . Memory (MB): peak = 2784.602 ; gain = 0.000 ; free physical = 2780 ; free virtual = 5957

Phase 3 Placement Based Optimization
INFO: [Physopt 32-660] Identified 100 candidate nets for placement-based optimization.
INFO: [Physopt 32-662] Processed net Concurrent_loop_for_pixels[0].U1/VecOut[3].  Did not re-place instance Concurrent_loop_for_pixels[0].U1/result_reg[3]
INFO: [Physopt 32-662] Processed net Concurrent_loop_for_pixels[0].U1/result[11]_i_11_n_0.  Did not re-place instance Concurrent_loop_for_pixels[0].U1/result[11]_i_11
INFO: [Physopt 32-662] Processed net Concurrent_loop_for_pixels[0].U1/result[11]_i_72_n_0.  Did not re-place instance Concurrent_loop_for_pixels[0].U1/result[11]_i_72
INFO: [Physopt 32-662] Processed net Concurrent_loop_for_pixels[0].U1/result[11]_i_76_n_0.  Did not re-place instance Concurrent_loop_for_pixels[0].U1/result[11]_i_76
INFO: [Physopt 32-662] Processed net Concurrent_loop_for_pixels[0].U1/result[11]_i_81_n_0.  Did not re-place instance Concurrent_loop_for_pixels[0].U1/result[11]_i_81
INFO: [Physopt 32-662] Processed net Concurrent_loop_for_pixels[0].U1/result[11]_i_91_n_0.  Did not re-place instance Concurrent_loop_for_pixels[0].U1/result[11]_i_91
INFO: [Physopt 32-663] Processed net Concurrent_loop_for_pixels[0].U1/result[13].  Re-placed instance Concurrent_loop_for_pixels[0].U1/result[13]_i_1
INFO: [Physopt 32-662] Processed net Concurrent_loop_for_pixels[0].U1/result[15]_i_127_n_0.  Did not re-place instance Concurrent_loop_for_pixels[0].U1/result[15]_i_127
INFO: [Physopt 32-662] Processed net Concurrent_loop_for_pixels[0].U1/result[15]_i_138_n_0.  Did not re-place instance Concurrent_loop_for_pixels[0].U1/result[15]_i_138
INFO: [Physopt 32-662] Processed net Concurrent_loop_for_pixels[0].U1/result[15]_i_145_n_0.  Did not re-place instance Concurrent_loop_for_pixels[0].U1/result[15]_i_145
INFO: [Physopt 32-662] Processed net Concurrent_loop_for_pixels[0].U1/result[15]_i_150_n_0.  Did not re-place instance Concurrent_loop_for_pixels[0].U1/result[15]_i_150
INFO: [Physopt 32-662] Processed net Concurrent_loop_for_pixels[0].U1/result[15]_i_158_n_0.  Did not re-place instance Concurrent_loop_for_pixels[0].U1/result[15]_i_158
INFO: [Physopt 32-662] Processed net Concurrent_loop_for_pixels[0].U1/result[15]_i_56_n_0.  Did not re-place instance Concurrent_loop_for_pixels[0].U1/result[15]_i_56
INFO: [Physopt 32-662] Processed net Concurrent_loop_for_pixels[0].U1/result[19]_i_114_n_0.  Did not re-place instance Concurrent_loop_for_pixels[0].U1/result[19]_i_114
INFO: [Physopt 32-662] Processed net Concurrent_loop_for_pixels[0].U1/result[19]_i_151_n_0.  Did not re-place instance Concurrent_loop_for_pixels[0].U1/result[19]_i_151
INFO: [Physopt 32-662] Processed net Concurrent_loop_for_pixels[0].U1/result[19]_i_165_n_0.  Did not re-place instance Concurrent_loop_for_pixels[0].U1/result[19]_i_165
INFO: [Physopt 32-662] Processed net Concurrent_loop_for_pixels[0].U1/result[19]_i_56_n_0.  Did not re-place instance Concurrent_loop_for_pixels[0].U1/result[19]_i_56
INFO: [Physopt 32-662] Processed net Concurrent_loop_for_pixels[0].U1/result[19]_i_73_n_0.  Did not re-place instance Concurrent_loop_for_pixels[0].U1/result[19]_i_73
INFO: [Physopt 32-662] Processed net Concurrent_loop_for_pixels[0].U1/result[19]_i_96_n_0.  Did not re-place instance Concurrent_loop_for_pixels[0].U1/result[19]_i_96
INFO: [Physopt 32-662] Processed net Concurrent_loop_for_pixels[0].U1/result[3]_i_58_n_0.  Did not re-place instance Concurrent_loop_for_pixels[0].U1/result[3]_i_58
INFO: [Physopt 32-662] Processed net Concurrent_loop_for_pixels[0].U1/result[3]_i_5_n_0.  Did not re-place instance Concurrent_loop_for_pixels[0].U1/result[3]_i_5
INFO: [Physopt 32-662] Processed net Concurrent_loop_for_pixels[0].U1/result[3]_i_63_n_0.  Did not re-place instance Concurrent_loop_for_pixels[0].U1/result[3]_i_63
INFO: [Physopt 32-662] Processed net Concurrent_loop_for_pixels[0].U1/result[3]_i_69_n_0.  Did not re-place instance Concurrent_loop_for_pixels[0].U1/result[3]_i_69
INFO: [Physopt 32-662] Processed net Concurrent_loop_for_pixels[0].U1/result[7]_i_71_n_0.  Did not re-place instance Concurrent_loop_for_pixels[0].U1/result[7]_i_71
INFO: [Physopt 32-662] Processed net Concurrent_loop_for_pixels[0].U1/result[7]_i_77_n_0.  Did not re-place instance Concurrent_loop_for_pixels[0].U1/result[7]_i_77
INFO: [Physopt 32-662] Processed net Concurrent_loop_for_pixels[0].U1/result[7]_i_82_n_0.  Did not re-place instance Concurrent_loop_for_pixels[0].U1/result[7]_i_82
INFO: [Physopt 32-662] Processed net Concurrent_loop_for_pixels[0].U1/result[7]_i_91_n_0.  Did not re-place instance Concurrent_loop_for_pixels[0].U1/result[7]_i_91
INFO: [Physopt 32-662] Processed net Concurrent_loop_for_pixels[0].U1/result[29].  Did not re-place instance Concurrent_loop_for_pixels[0].U1/result[29]_i_1
INFO: [Physopt 32-662] Processed net Concurrent_loop_for_pixels[0].U1/result[3]_i_53_n_0.  Did not re-place instance Concurrent_loop_for_pixels[0].U1/result[3]_i_53
INFO: [Physopt 32-662] Processed net Concurrent_loop_for_pixels[0].U1/result[7]_i_92_n_0.  Did not re-place instance Concurrent_loop_for_pixels[0].U1/result[7]_i_92
INFO: [Physopt 32-662] Processed net Concurrent_loop_for_pixels[0].U1/result[19]_i_162_n_0.  Did not re-place instance Concurrent_loop_for_pixels[0].U1/result[19]_i_162
INFO: [Physopt 32-662] Processed net Concurrent_loop_for_pixels[0].U1/result[30].  Did not re-place instance Concurrent_loop_for_pixels[0].U1/result[30]_i_1
INFO: [Physopt 32-662] Processed net Concurrent_loop_for_pixels[0].U1/result[15]_i_140_n_0.  Did not re-place instance Concurrent_loop_for_pixels[0].U1/result[15]_i_140
INFO: [Physopt 32-662] Processed net Concurrent_loop_for_pixels[0].U1/result[19]_i_115_n_0.  Did not re-place instance Concurrent_loop_for_pixels[0].U1/result[19]_i_115
INFO: [Physopt 32-662] Processed net Concurrent_loop_for_pixels[0].U1/result[19]_i_95_n_0.  Did not re-place instance Concurrent_loop_for_pixels[0].U1/result[19]_i_95
INFO: [Physopt 32-662] Processed net Concurrent_loop_for_pixels[0].U1/result[3]_i_54_n_0.  Did not re-place instance Concurrent_loop_for_pixels[0].U1/result[3]_i_54
INFO: [Physopt 32-662] Processed net Concurrent_loop_for_pixels[0].U1/result[15]_i_144_n_0.  Did not re-place instance Concurrent_loop_for_pixels[0].U1/result[15]_i_144
INFO: [Physopt 32-662] Processed net Concurrent_loop_for_pixels[0].U1/result[19]_i_163_n_0.  Did not re-place instance Concurrent_loop_for_pixels[0].U1/result[19]_i_163
INFO: [Physopt 32-662] Processed net Concurrent_loop_for_pixels[0].U1/result[15]_i_136_n_0.  Did not re-place instance Concurrent_loop_for_pixels[0].U1/result[15]_i_136
INFO: [Physopt 32-662] Processed net Concurrent_loop_for_pixels[0].U1/result[3]_i_74_n_0.  Did not re-place instance Concurrent_loop_for_pixels[0].U1/result[3]_i_74
INFO: [Physopt 32-663] Processed net Concurrent_loop_for_pixels[0].U1/result[15]_i_134_n_0.  Re-placed instance Concurrent_loop_for_pixels[0].U1/result[15]_i_134
INFO: [Physopt 32-662] Processed net Concurrent_loop_for_pixels[0].U1/result[19]_i_111_n_0.  Did not re-place instance Concurrent_loop_for_pixels[0].U1/result[19]_i_111
INFO: [Physopt 32-662] Processed net Concurrent_loop_for_pixels[0].U1/result[19]_i_164_n_0.  Did not re-place instance Concurrent_loop_for_pixels[0].U1/result[19]_i_164
INFO: [Physopt 32-662] Processed net Concurrent_loop_for_pixels[0].U1/result[3]_i_59_n_0.  Did not re-place instance Concurrent_loop_for_pixels[0].U1/result[3]_i_59
INFO: [Physopt 32-662] Processed net Concurrent_loop_for_pixels[0].U1/VecOut[1].  Did not re-place instance Concurrent_loop_for_pixels[0].U1/result_reg[1]
INFO: [Physopt 32-662] Processed net Concurrent_loop_for_pixels[0].U1/result[11]_i_10_n_0.  Did not re-place instance Concurrent_loop_for_pixels[0].U1/result[11]_i_10
INFO: [Physopt 32-662] Processed net Concurrent_loop_for_pixels[0].U1/result[3]_i_7_n_0.  Did not re-place instance Concurrent_loop_for_pixels[0].U1/result[3]_i_7
INFO: [Physopt 32-662] Processed net Concurrent_loop_for_pixels[0].U1/result[11]_i_55_n_0.  Did not re-place instance Concurrent_loop_for_pixels[0].U1/result[11]_i_55
INFO: [Physopt 32-662] Processed net Concurrent_loop_for_pixels[0].U1/result[11]_i_82_n_0.  Did not re-place instance Concurrent_loop_for_pixels[0].U1/result[11]_i_82
INFO: [Physopt 32-662] Processed net Concurrent_loop_for_pixels[0].U1/result[15]_i_159_n_0.  Did not re-place instance Concurrent_loop_for_pixels[0].U1/result[15]_i_159
INFO: [Physopt 32-662] Processed net Concurrent_loop_for_pixels[0].U1/result[7]_i_72_n_0.  Did not re-place instance Concurrent_loop_for_pixels[0].U1/result[7]_i_72
INFO: [Physopt 32-662] Processed net Concurrent_loop_for_pixels[0].U1/result[11]_i_77_n_0.  Did not re-place instance Concurrent_loop_for_pixels[0].U1/result[11]_i_77
INFO: [Physopt 32-662] Processed net Concurrent_loop_for_pixels[0].U1/result[15]_i_90_n_0.  Did not re-place instance Concurrent_loop_for_pixels[0].U1/result[15]_i_90
INFO: [Physopt 32-662] Processed net Concurrent_loop_for_pixels[0].U1/result[11]_i_56_n_0.  Did not re-place instance Concurrent_loop_for_pixels[0].U1/result[11]_i_56
INFO: [Physopt 32-662] Processed net Concurrent_loop_for_pixels[0].U1/result[7]_i_81_n_0.  Did not re-place instance Concurrent_loop_for_pixels[0].U1/result[7]_i_81
INFO: [Physopt 32-662] Processed net Concurrent_loop_for_pixels[0].U1/result[11]_i_90_n_0.  Did not re-place instance Concurrent_loop_for_pixels[0].U1/result[11]_i_90
INFO: [Physopt 32-662] Processed net Concurrent_loop_for_pixels[0].U1/result[15]_i_126_n_0.  Did not re-place instance Concurrent_loop_for_pixels[0].U1/result[15]_i_126
INFO: [Physopt 32-662] Processed net Concurrent_loop_for_pixels[0].U1/result[3]_i_68_n_0.  Did not re-place instance Concurrent_loop_for_pixels[0].U1/result[3]_i_68
INFO: [Physopt 32-662] Processed net Concurrent_loop_for_pixels[0].U1/result[7]_i_76_n_0.  Did not re-place instance Concurrent_loop_for_pixels[0].U1/result[7]_i_76
INFO: [Physopt 32-662] Processed net Concurrent_loop_for_pixels[0].U1/result[15]_i_91_n_0.  Did not re-place instance Concurrent_loop_for_pixels[0].U1/result[15]_i_91
INFO: [Physopt 32-663] Processed net Concurrent_loop_for_pixels[0].U1/result[21].  Re-placed instance Concurrent_loop_for_pixels[0].U1/result[21]_i_1
INFO: [Physopt 32-662] Processed net Concurrent_loop_for_pixels[0].U1/result[31].  Did not re-place instance Concurrent_loop_for_pixels[0].U1/result[31]_i_1
INFO: [Physopt 32-662] Processed net Concurrent_loop_for_pixels[0].U1/result[15]_i_121_n_0.  Did not re-place instance Concurrent_loop_for_pixels[0].U1/result[15]_i_121
INFO: [Physopt 32-662] Processed net Concurrent_loop_for_pixels[0].U1/result[23].  Did not re-place instance Concurrent_loop_for_pixels[0].U1/result[23]_i_1
INFO: [Physopt 32-662] Processed net Concurrent_loop_for_pixels[0].U1/VecOut[6].  Did not re-place instance Concurrent_loop_for_pixels[0].U1/result_reg[6]
INFO: [Physopt 32-662] Processed net Concurrent_loop_for_pixels[0].U1/VecOut[5].  Did not re-place instance Concurrent_loop_for_pixels[0].U1/result_reg[5]
INFO: [Physopt 32-662] Processed net Concurrent_loop_for_pixels[0].U1/result[7]_i_6_n_0.  Did not re-place instance Concurrent_loop_for_pixels[0].U1/result[7]_i_6
INFO: [Physopt 32-662] Processed net Concurrent_loop_for_pixels[0].U1/result[7]_i_7_n_0.  Did not re-place instance Concurrent_loop_for_pixels[0].U1/result[7]_i_7
INFO: [Physopt 32-662] Processed net Concurrent_loop_for_pixels[0].U1/result[15]_i_149_n_0.  Did not re-place instance Concurrent_loop_for_pixels[0].U1/result[15]_i_149
INFO: [Physopt 32-662] Processed net Concurrent_loop_for_pixels[0].U1/result[3]_i_48_n_0.  Did not re-place instance Concurrent_loop_for_pixels[0].U1/result[3]_i_48
INFO: [Physopt 32-662] Processed net Concurrent_loop_for_pixels[0].U1/result[3]_i_73_n_0.  Did not re-place instance Concurrent_loop_for_pixels[0].U1/result[3]_i_73
INFO: [Physopt 32-662] Processed net Concurrent_loop_for_pixels[0].U1/result[15]_i_122_n_0.  Did not re-place instance Concurrent_loop_for_pixels[0].U1/result[15]_i_122
INFO: [Physopt 32-662] Processed net Concurrent_loop_for_pixels[0].U1/result[15]_i_137_n_0.  Did not re-place instance Concurrent_loop_for_pixels[0].U1/result[15]_i_137
INFO: [Physopt 32-663] Processed net Concurrent_loop_for_pixels[0].U1/result[26].  Re-placed instance Concurrent_loop_for_pixels[0].U1/result[26]_i_1
INFO: [Physopt 32-662] Processed net Concurrent_loop_for_pixels[0].U1/result[3]_i_49_n_0.  Did not re-place instance Concurrent_loop_for_pixels[0].U1/result[3]_i_49
INFO: [Physopt 32-662] Processed net Concurrent_loop_for_pixels[0].U1/result[19]_i_112_n_0.  Did not re-place instance Concurrent_loop_for_pixels[0].U1/result[19]_i_112
INFO: [Physopt 32-662] Processed net Concurrent_loop_for_pixels[0].U1/result[14].  Did not re-place instance Concurrent_loop_for_pixels[0].U1/result[14]_i_1
INFO: [Physopt 32-662] Processed net Concurrent_loop_for_pixels[0].U1/result[19]_i_10_n_0.  Did not re-place instance Concurrent_loop_for_pixels[0].U1/result[19]_i_10
INFO: [Physopt 32-662] Processed net Concurrent_loop_for_pixels[0].U1/result[19]_i_113_n_0.  Did not re-place instance Concurrent_loop_for_pixels[0].U1/result[19]_i_113
INFO: [Physopt 32-662] Processed net Concurrent_loop_for_pixels[0].U1/result[15]_i_25_n_0.  Did not re-place instance Concurrent_loop_for_pixels[0].U1/result[15]_i_25
INFO: [Physopt 32-662] Processed net Concurrent_loop_for_pixels[0].U1/result[7]_i_11_n_0.  Did not re-place instance Concurrent_loop_for_pixels[0].U1/result[7]_i_11
INFO: [Physopt 32-662] Processed net Concurrent_loop_for_pixels[0].U1/result[11]_i_31_n_0.  Did not re-place instance Concurrent_loop_for_pixels[0].U1/result[11]_i_31
INFO: [Physopt 32-662] Processed net Concurrent_loop_for_pixels[0].U1/result[7]_i_66_n_0.  Did not re-place instance Concurrent_loop_for_pixels[0].U1/result[7]_i_66
INFO: [Physopt 32-662] Processed net Concurrent_loop_for_pixels[0].U1/result[11]_i_50_n_0.  Did not re-place instance Concurrent_loop_for_pixels[0].U1/result[11]_i_50
INFO: [Physopt 32-662] Processed net Concurrent_loop_for_pixels[0].U1/result[19]_i_74_n_0.  Did not re-place instance Concurrent_loop_for_pixels[0].U1/result[19]_i_74
INFO: [Physopt 32-662] Processed net Concurrent_loop_for_pixels[0].U1/result[17].  Did not re-place instance Concurrent_loop_for_pixels[0].U1/result[17]_i_1
INFO: [Physopt 32-662] Processed net Concurrent_loop_for_pixels[0].U1/result[3]_i_64_n_0.  Did not re-place instance Concurrent_loop_for_pixels[0].U1/result[3]_i_64
INFO: [Physopt 32-662] Processed net Concurrent_loop_for_pixels[0].U1/result[19]_i_152_n_0.  Did not re-place instance Concurrent_loop_for_pixels[0].U1/result[19]_i_152
INFO: [Physopt 32-662] Processed net Concurrent_loop_for_pixels[0].U1/result[3]_i_61_n_0.  Did not re-place instance Concurrent_loop_for_pixels[0].U1/result[3]_i_61
INFO: [Physopt 32-662] Processed net Concurrent_loop_for_pixels[0].U1/result[7]_i_89_n_0.  Did not re-place instance Concurrent_loop_for_pixels[0].U1/result[7]_i_89
INFO: [Physopt 32-662] Processed net Concurrent_loop_for_pixels[0].U1/result[3]_i_62_n_0.  Did not re-place instance Concurrent_loop_for_pixels[0].U1/result[3]_i_62
INFO: [Physopt 32-662] Processed net Concurrent_loop_for_pixels[0].U1/result[7]_i_90_n_0.  Did not re-place instance Concurrent_loop_for_pixels[0].U1/result[7]_i_90
INFO: [Physopt 32-662] Processed net Concurrent_loop_for_pixels[0].U1/result[7]_i_67_n_0.  Did not re-place instance Concurrent_loop_for_pixels[0].U1/result[7]_i_67
INFO: [Physopt 32-662] Processed net Concurrent_loop_for_pixels[0].U1/result[11]_i_74_n_0.  Did not re-place instance Concurrent_loop_for_pixels[0].U1/result[11]_i_74
INFO: [Physopt 32-662] Processed net Concurrent_loop_for_pixels[0].U1/result[11]_i_75_n_0.  Did not re-place instance Concurrent_loop_for_pixels[0].U1/result[11]_i_75
INFO: [Physopt 32-662] Processed net Concurrent_loop_for_pixels[0].U1/result[11]_i_51_n_0.  Did not re-place instance Concurrent_loop_for_pixels[0].U1/result[11]_i_51
INFO: [Physopt 32-662] Processed net Concurrent_loop_for_pixels[0].U1/result[19]_i_44_n_0.  Did not re-place instance Concurrent_loop_for_pixels[0].U1/result[19]_i_44
INFO: [Physopt 32-662] Processed net Concurrent_loop_for_pixels[0].U1/result[19]_i_71_n_0.  Did not re-place instance Concurrent_loop_for_pixels[0].U1/result[19]_i_71
INFO: [Physopt 32-662] Processed net Concurrent_loop_for_pixels[0].U1/result[3]_i_12_n_0.  Did not re-place instance Concurrent_loop_for_pixels[0].U1/result[3]_i_12
INFO: [Physopt 32-662] Processed net Concurrent_loop_for_pixels[0].U1/result[19]_i_72_n_0.  Did not re-place instance Concurrent_loop_for_pixels[0].U1/result[19]_i_72
INFO: [Physopt 32-661] Optimized 4 nets.  Re-placed 4 instances.
INFO: [Physopt 32-619] Estimated Timing Summary | WNS=-0.015 | TNS=-0.026 |
Netlist sorting complete. Time (s): cpu = 00:00:00.03 ; elapsed = 00:00:00.06 . Memory (MB): peak = 2784.602 ; gain = 0.000 ; free physical = 2543 ; free virtual = 5715
Phase 3 Placement Based Optimization | Checksum: 15f7993d4

Time (s): cpu = 00:04:14 ; elapsed = 00:02:05 . Memory (MB): peak = 2784.602 ; gain = 0.000 ; free physical = 2544 ; free virtual = 5715

Phase 4 Rewire
INFO: [Physopt 32-246] Starting Signal Push optimization...
INFO: [Physopt 32-241] No nets found for rewiring (Signal Push) optimization.
Netlist sorting complete. Time (s): cpu = 00:00:00.03 ; elapsed = 00:00:00.08 . Memory (MB): peak = 2784.602 ; gain = 0.000 ; free physical = 2544 ; free virtual = 5715
Phase 4 Rewire | Checksum: 15f7993d4

Time (s): cpu = 00:04:14 ; elapsed = 00:02:05 . Memory (MB): peak = 2784.602 ; gain = 0.000 ; free physical = 2544 ; free virtual = 5715

Phase 5 Critical Cell Optimization
INFO: [Physopt 32-46] Identified 19 candidate nets for critical-cell optimization.
INFO: [Physopt 32-81] Processed net Concurrent_loop_for_pixels[0].U1/VecOut[3]. Replicated 1 times.
INFO: [Physopt 32-571] Net Concurrent_loop_for_pixels[0].U1/VecOut[1] was not replicated.
INFO: [Physopt 32-571] Net Concurrent_loop_for_pixels[0].U1/VecOut[6] was not replicated.
INFO: [Physopt 32-571] Net Concurrent_loop_for_pixels[0].U1/VecOut[5] was not replicated.
INFO: [Physopt 32-571] Net Concurrent_loop_for_pixels[0].U1/VecOut[2] was not replicated.
INFO: [Physopt 32-571] Net Concurrent_loop_for_pixels[0].U1/VecOut[9] was not replicated.
INFO: [Physopt 32-571] Net Concurrent_loop_for_pixels[0].U1/VecOut[7] was not replicated.
INFO: [Physopt 32-571] Net Concurrent_loop_for_pixels[0].U1/VecOut[8] was not replicated.
INFO: [Physopt 32-571] Net Concurrent_loop_for_pixels[0].U1/result_reg_n_0_[16] was not replicated.
INFO: [Physopt 32-571] Net Concurrent_loop_for_pixels[0].U1/result_reg_n_0_[17] was not replicated.
INFO: [Physopt 32-571] Net Concurrent_loop_for_pixels[0].U1/VecOut[4] was not replicated.
INFO: [Physopt 32-571] Net Concurrent_loop_for_pixels[0].U1/VecOut[15] was not replicated.
INFO: [Physopt 32-571] Net Concurrent_loop_for_pixels[0].U1/VecOut[14] was not replicated.
INFO: [Physopt 32-571] Net Concurrent_loop_for_pixels[0].U1/VecOut[12] was not replicated.
INFO: [Physopt 32-571] Net Concurrent_loop_for_pixels[0].U1/VecOut[13] was not replicated.
INFO: [Physopt 32-571] Net Concurrent_loop_for_pixels[0].U1/VecOut[10] was not replicated.
INFO: [Physopt 32-571] Net Concurrent_loop_for_pixels[0].U1/VecOut[11] was not replicated.
INFO: [Physopt 32-571] Net Concurrent_loop_for_pixels[0].U1/VecOut[0] was not replicated.
INFO: [Physopt 32-571] Net Concurrent_loop_for_pixels[0].U1/result_reg_n_0_[19] was not replicated.
INFO: [Physopt 32-232] Optimized 1 net. Created 1 new instance.
INFO: [Physopt 32-619] Estimated Timing Summary | WNS=0.014 | TNS=0.000 |
Netlist sorting complete. Time (s): cpu = 00:00:00.04 ; elapsed = 00:00:00.14 . Memory (MB): peak = 2784.602 ; gain = 0.000 ; free physical = 2535 ; free virtual = 5706
Phase 5 Critical Cell Optimization | Checksum: c703ab53

Time (s): cpu = 00:04:19 ; elapsed = 00:02:09 . Memory (MB): peak = 2784.602 ; gain = 0.000 ; free physical = 2535 ; free virtual = 5706

Phase 6 Fanout Optimization
INFO: [Physopt 32-670] No setup violation found.  Fanout Optimization was not performed.
Phase 6 Fanout Optimization | Checksum: c703ab53

Time (s): cpu = 00:04:19 ; elapsed = 00:02:09 . Memory (MB): peak = 2784.602 ; gain = 0.000 ; free physical = 2534 ; free virtual = 5705

Phase 7 Placement Based Optimization
INFO: [Physopt 32-670] No setup violation found.  Placement Based Optimization was not performed.
Phase 7 Placement Based Optimization | Checksum: c703ab53

Time (s): cpu = 00:04:19 ; elapsed = 00:02:09 . Memory (MB): peak = 2784.602 ; gain = 0.000 ; free physical = 2534 ; free virtual = 5705

Phase 8 Rewire
INFO: [Physopt 32-670] No setup violation found.  Rewire was not performed.
Phase 8 Rewire | Checksum: c703ab53

Time (s): cpu = 00:04:19 ; elapsed = 00:02:09 . Memory (MB): peak = 2784.602 ; gain = 0.000 ; free physical = 2534 ; free virtual = 5705

Phase 9 Critical Cell Optimization
INFO: [Physopt 32-670] No setup violation found.  Critical Cell Optimization was not performed.
Phase 9 Critical Cell Optimization | Checksum: c703ab53

Time (s): cpu = 00:04:19 ; elapsed = 00:02:09 . Memory (MB): peak = 2784.602 ; gain = 0.000 ; free physical = 2533 ; free virtual = 5705

Phase 10 Fanout Optimization
INFO: [Physopt 32-670] No setup violation found.  Fanout Optimization was not performed.
Phase 10 Fanout Optimization | Checksum: c703ab53

Time (s): cpu = 00:04:19 ; elapsed = 00:02:10 . Memory (MB): peak = 2784.602 ; gain = 0.000 ; free physical = 2534 ; free virtual = 5705

Phase 11 Placement Based Optimization
INFO: [Physopt 32-670] No setup violation found.  Placement Based Optimization was not performed.
Phase 11 Placement Based Optimization | Checksum: c703ab53

Time (s): cpu = 00:04:20 ; elapsed = 00:02:10 . Memory (MB): peak = 2784.602 ; gain = 0.000 ; free physical = 2534 ; free virtual = 5705

Phase 12 Rewire
INFO: [Physopt 32-670] No setup violation found.  Rewire was not performed.
Phase 12 Rewire | Checksum: c703ab53

Time (s): cpu = 00:04:20 ; elapsed = 00:02:10 . Memory (MB): peak = 2784.602 ; gain = 0.000 ; free physical = 2534 ; free virtual = 5705

Phase 13 Critical Cell Optimization
INFO: [Physopt 32-670] No setup violation found.  Critical Cell Optimization was not performed.
Phase 13 Critical Cell Optimization | Checksum: c703ab53

Time (s): cpu = 00:04:20 ; elapsed = 00:02:10 . Memory (MB): peak = 2784.602 ; gain = 0.000 ; free physical = 2534 ; free virtual = 5705

Phase 14 DSP Register Optimization
INFO: [Physopt 32-670] No setup violation found.  DSP Register Optimization was not performed.
Phase 14 DSP Register Optimization | Checksum: c703ab53

Time (s): cpu = 00:04:20 ; elapsed = 00:02:10 . Memory (MB): peak = 2784.602 ; gain = 0.000 ; free physical = 2534 ; free virtual = 5705

Phase 15 BRAM Register Optimization
INFO: [Physopt 32-670] No setup violation found.  BRAM Register Optimization was not performed.
Phase 15 BRAM Register Optimization | Checksum: c703ab53

Time (s): cpu = 00:04:20 ; elapsed = 00:02:10 . Memory (MB): peak = 2784.602 ; gain = 0.000 ; free physical = 2534 ; free virtual = 5705

Phase 16 Shift Register Optimization
INFO: [Physopt 32-670] No setup violation found.  Shift Register Optimization was not performed.
Phase 16 Shift Register Optimization | Checksum: c703ab53

Time (s): cpu = 00:04:20 ; elapsed = 00:02:10 . Memory (MB): peak = 2784.602 ; gain = 0.000 ; free physical = 2533 ; free virtual = 5704

Phase 17 DSP Register Optimization
INFO: [Physopt 32-670] No setup violation found.  DSP Register Optimization was not performed.
Phase 17 DSP Register Optimization | Checksum: c703ab53

Time (s): cpu = 00:04:20 ; elapsed = 00:02:10 . Memory (MB): peak = 2784.602 ; gain = 0.000 ; free physical = 2533 ; free virtual = 5704

Phase 18 BRAM Register Optimization
INFO: [Physopt 32-670] No setup violation found.  BRAM Register Optimization was not performed.
Phase 18 BRAM Register Optimization | Checksum: c703ab53

Time (s): cpu = 00:04:20 ; elapsed = 00:02:10 . Memory (MB): peak = 2784.602 ; gain = 0.000 ; free physical = 2533 ; free virtual = 5704

Phase 19 Shift Register Optimization
INFO: [Physopt 32-670] No setup violation found.  Shift Register Optimization was not performed.
Phase 19 Shift Register Optimization | Checksum: c703ab53

Time (s): cpu = 00:04:20 ; elapsed = 00:02:11 . Memory (MB): peak = 2784.602 ; gain = 0.000 ; free physical = 2532 ; free virtual = 5704

Phase 20 Critical Pin Optimization
INFO: [Physopt 32-670] No setup violation found.  Critical Pin Optimization was not performed.
Phase 20 Critical Pin Optimization | Checksum: c703ab53

Time (s): cpu = 00:04:20 ; elapsed = 00:02:11 . Memory (MB): peak = 2784.602 ; gain = 0.000 ; free physical = 2532 ; free virtual = 5704

Phase 21 Very High Fanout Optimization
INFO: [Physopt 32-76] Pass 1. Identified 15 candidate nets for fanout optimization.
INFO: [Physopt 32-29] End Pass 1. Optimized 0 net. Created 0 new instance.

Phase 21 Very High Fanout Optimization | Checksum: c703ab53

Time (s): cpu = 00:04:20 ; elapsed = 00:02:11 . Memory (MB): peak = 2784.602 ; gain = 0.000 ; free physical = 2532 ; free virtual = 5704

Phase 22 Placement Based Optimization
INFO: [Physopt 32-670] No setup violation found.  Placement Based Optimization was not performed.
Phase 22 Placement Based Optimization | Checksum: c703ab53

Time (s): cpu = 00:04:20 ; elapsed = 00:02:11 . Memory (MB): peak = 2784.602 ; gain = 0.000 ; free physical = 2527 ; free virtual = 5699

Phase 23 Critical Path Optimization
INFO: [Physopt 32-619] Estimated Timing Summary | WNS=0.014 | TNS=0.000 |
INFO: [Physopt 32-619] Estimated Timing Summary | WNS=0.014 | TNS=0.000 |
Phase 23 Critical Path Optimization | Checksum: c703ab53

Time (s): cpu = 00:04:20 ; elapsed = 00:02:11 . Memory (MB): peak = 2784.602 ; gain = 0.000 ; free physical = 2530 ; free virtual = 5702

Phase 24 BRAM Enable Optimization
Phase 24 BRAM Enable Optimization | Checksum: c703ab53

Time (s): cpu = 00:04:20 ; elapsed = 00:02:11 . Memory (MB): peak = 2784.602 ; gain = 0.000 ; free physical = 2530 ; free virtual = 5702
Netlist sorting complete. Time (s): cpu = 00:00:00.04 ; elapsed = 00:00:00.04 . Memory (MB): peak = 2784.602 ; gain = 0.000 ; free physical = 2531 ; free virtual = 5703
INFO: [Physopt 32-603] Post Physical Optimization Timing Summary | WNS=0.014 | TNS=0.000 |

Summary of Physical Synthesis Optimizations
============================================


-----------------------------------------------------------------------------------------------------------------------------------------------------------------
|  Optimization       |  WNS Gain (ns)  |  TNS Gain (ns)  |  Added Cells  |  Removed Cells  |  Optimized Cells/Nets  |  Dont Touch  |  Iterations  |  Elapsed   |
-----------------------------------------------------------------------------------------------------------------------------------------------------------------
|  Fanout             |          0.000  |          0.000  |            0  |              0  |                     0  |           0  |           1  |  00:00:00  |
|  Placement Based    |          0.002  |          0.017  |            0  |              0  |                     4  |           0  |           1  |  00:01:59  |
|  Rewire             |          0.000  |          0.000  |            0  |              0  |                     0  |           0  |           1  |  00:00:00  |
|  Critical Cell      |          0.029  |          0.026  |            1  |              0  |                     1  |           0  |           1  |  00:00:03  |
|  DSP Register       |          0.000  |          0.000  |            0  |              0  |                     0  |           0  |           0  |  00:00:00  |
|  BRAM Register      |          0.000  |          0.000  |            0  |              0  |                     0  |           0  |           0  |  00:00:00  |
|  Shift Register     |          0.000  |          0.000  |            0  |              0  |                     0  |           0  |           0  |  00:00:00  |
|  Very High Fanout   |          0.000  |          0.000  |            0  |              0  |                     0  |           0  |           1  |  00:00:00  |
|  Critical Pin       |          0.000  |          0.000  |            0  |              0  |                     0  |           0  |           0  |  00:00:00  |
|  Critical Path      |          0.000  |          0.000  |            0  |              0  |                     0  |           0  |           0  |  00:00:00  |
|  Total              |          0.031  |          0.043  |            1  |              0  |                     5  |           0  |           6  |  00:02:03  |
-----------------------------------------------------------------------------------------------------------------------------------------------------------------


Ending Physical Synthesis Task | Checksum: 165f4f81b

Time (s): cpu = 00:04:21 ; elapsed = 00:02:12 . Memory (MB): peak = 2784.602 ; gain = 0.000 ; free physical = 2523 ; free virtual = 5694
INFO: [Common 17-83] Releasing license: Implementation
207 Infos, 1 Warnings, 3 Critical Warnings and 0 Errors encountered.
phys_opt_design completed successfully
phys_opt_design: Time (s): cpu = 00:04:22 ; elapsed = 00:02:13 . Memory (MB): peak = 2784.602 ; gain = 0.000 ; free physical = 2523 ; free virtual = 5694
Writing placer database...
Writing XDEF routing.
Writing XDEF routing logical nets.
Writing XDEF routing special nets.
Write XDEF Complete: Time (s): cpu = 00:00:03 ; elapsed = 00:00:02 . Memory (MB): peak = 2784.602 ; gain = 0.000 ; free physical = 2503 ; free virtual = 5691
INFO: [Common 17-1381] The checkpoint '/home/elliot/git_neural/neural_IP/neural_network_simul/neural_network_simul.runs/impl_6/top_level_physopt.dcp' has been generated.
Command: route_design -directive Explore -tns_cleanup
Attempting to get a license for feature 'Implementation' and/or device 'xc7z045'
INFO: [Common 17-349] Got license for feature 'Implementation' and/or device 'xc7z045'
INFO: [Common 17-86] Your Implementation license expires in 16 day(s)
INFO: [Common 17-1223] The version limit for your license is '2019.08' and will expire in -469 days. A version limit expiration means that, although you may be able to continue to use the current version of tools or IP with this license, you will not be eligible for any updates or new releases.
INFO: [DRC 23-27] Running DRC with 8 threads
INFO: [Vivado_Tcl 4-198] DRC finished with 0 Errors
INFO: [Vivado_Tcl 4-199] Please refer to the DRC report (report_drc) for more information.
Running DRC as a precondition to command route_design
INFO: [DRC 23-27] Running DRC with 8 threads
INFO: [Vivado_Tcl 4-198] DRC finished with 0 Errors
INFO: [Vivado_Tcl 4-199] Please refer to the DRC report (report_drc) for more information.


Starting Routing Task
INFO: [Route 35-270] Using Router directive 'Explore'.
INFO: [Route 35-254] Multithreading enabled for route_design using a maximum of 8 CPUs
Checksum: PlaceDB: 248592b3 ConstDB: 0 ShapeSum: f730127b RouteDB: 0

Phase 1 Build RT Design
Phase 1 Build RT Design | Checksum: d607f66b

Time (s): cpu = 00:01:17 ; elapsed = 00:02:02 . Memory (MB): peak = 2784.602 ; gain = 0.000 ; free physical = 2077 ; free virtual = 5269

Phase 2 Router Initialization

Phase 2.1 Create Timer
Phase 2.1 Create Timer | Checksum: d607f66b

Time (s): cpu = 00:01:17 ; elapsed = 00:02:02 . Memory (MB): peak = 2784.602 ; gain = 0.000 ; free physical = 2077 ; free virtual = 5268

Phase 2.2 Fix Topology Constraints
Phase 2.2 Fix Topology Constraints | Checksum: d607f66b

Time (s): cpu = 00:01:17 ; elapsed = 00:02:03 . Memory (MB): peak = 2784.602 ; gain = 0.000 ; free physical = 2034 ; free virtual = 5224

Phase 2.3 Pre Route Cleanup
Phase 2.3 Pre Route Cleanup | Checksum: d607f66b

Time (s): cpu = 00:01:17 ; elapsed = 00:02:03 . Memory (MB): peak = 2784.602 ; gain = 0.000 ; free physical = 2034 ; free virtual = 5224
 Number of Nodes with overlaps = 0

Phase 2.4 Update Timing
Phase 2.4 Update Timing | Checksum: 13f48de69

Time (s): cpu = 00:01:25 ; elapsed = 00:02:09 . Memory (MB): peak = 2784.602 ; gain = 0.000 ; free physical = 1971 ; free virtual = 5170
INFO: [Route 35-416] Intermediate Timing Summary | WNS=1.592  | TNS=0.000  | WHS=22.138 | THS=0.000  |

Phase 2 Router Initialization | Checksum: 141d41443

Time (s): cpu = 00:01:27 ; elapsed = 00:02:11 . Memory (MB): peak = 2784.602 ; gain = 0.000 ; free physical = 1969 ; free virtual = 5170

Phase 3 Initial Routing
Phase 3 Initial Routing | Checksum: 124cd2a62

Time (s): cpu = 00:01:40 ; elapsed = 00:02:17 . Memory (MB): peak = 2784.602 ; gain = 0.000 ; free physical = 1971 ; free virtual = 5161

Phase 4 Rip-up And Reroute

Phase 4.1 Global Iteration 0
 Number of Nodes with overlaps = 2527
 Number of Nodes with overlaps = 101
 Number of Nodes with overlaps = 0

Phase 4.1.1 Update Timing
Phase 4.1.1 Update Timing | Checksum: ff556bf9

Time (s): cpu = 00:15:29 ; elapsed = 00:09:06 . Memory (MB): peak = 2784.602 ; gain = 0.000 ; free physical = 1113 ; free virtual = 4488
INFO: [Route 35-416] Intermediate Timing Summary | WNS=0.096  | TNS=0.000  | WHS=N/A    | THS=N/A    |

Phase 4.1 Global Iteration 0 | Checksum: e6b4511c

Time (s): cpu = 00:15:30 ; elapsed = 00:09:06 . Memory (MB): peak = 2784.602 ; gain = 0.000 ; free physical = 1113 ; free virtual = 4488
Phase 4 Rip-up And Reroute | Checksum: e6b4511c

Time (s): cpu = 00:15:30 ; elapsed = 00:09:06 . Memory (MB): peak = 2784.602 ; gain = 0.000 ; free physical = 1113 ; free virtual = 4488

Phase 5 Delay and Skew Optimization

Phase 5.1 Delay CleanUp
Phase 5.1 Delay CleanUp | Checksum: e6b4511c

Time (s): cpu = 00:15:30 ; elapsed = 00:09:06 . Memory (MB): peak = 2784.602 ; gain = 0.000 ; free physical = 1113 ; free virtual = 4488

Phase 5.2 Clock Skew Optimization
Phase 5.2 Clock Skew Optimization | Checksum: e6b4511c

Time (s): cpu = 00:15:30 ; elapsed = 00:09:06 . Memory (MB): peak = 2784.602 ; gain = 0.000 ; free physical = 1113 ; free virtual = 4488
Phase 5 Delay and Skew Optimization | Checksum: e6b4511c

Time (s): cpu = 00:15:30 ; elapsed = 00:09:06 . Memory (MB): peak = 2784.602 ; gain = 0.000 ; free physical = 1113 ; free virtual = 4488

Phase 6 Post Hold Fix

Phase 6.1 Hold Fix Iter

Phase 6.1.1 Update Timing
Phase 6.1.1 Update Timing | Checksum: 1060e8c2c

Time (s): cpu = 00:15:31 ; elapsed = 00:09:08 . Memory (MB): peak = 2784.602 ; gain = 0.000 ; free physical = 1113 ; free virtual = 4488
INFO: [Route 35-416] Intermediate Timing Summary | WNS=0.096  | TNS=0.000  | WHS=22.215 | THS=0.000  |

Phase 6.1 Hold Fix Iter | Checksum: 1060e8c2c

Time (s): cpu = 00:15:31 ; elapsed = 00:09:08 . Memory (MB): peak = 2784.602 ; gain = 0.000 ; free physical = 1113 ; free virtual = 4488
Phase 6 Post Hold Fix | Checksum: 1060e8c2c

Time (s): cpu = 00:15:31 ; elapsed = 00:09:08 . Memory (MB): peak = 2784.602 ; gain = 0.000 ; free physical = 1113 ; free virtual = 4488

Phase 7 Timing Verification

Phase 7.1 Update Timing
Phase 7.1 Update Timing | Checksum: b46791d5

Time (s): cpu = 00:15:34 ; elapsed = 00:09:10 . Memory (MB): peak = 2784.602 ; gain = 0.000 ; free physical = 1156 ; free virtual = 4531
INFO: [Route 35-416] Intermediate Timing Summary | WNS=0.096  | TNS=0.000  | WHS=N/A    | THS=N/A    |

Phase 7 Timing Verification | Checksum: b46791d5

Time (s): cpu = 00:15:34 ; elapsed = 00:09:10 . Memory (MB): peak = 2784.602 ; gain = 0.000 ; free physical = 1156 ; free virtual = 4531

Phase 8 Route finalize

Router Utilization Summary
  Global Vertical Routing Utilization    = 0.529039 %
  Global Horizontal Routing Utilization  = 0.701921 %
  Routable Net Status*
  *Does not include unroutable nets such as driverless and loadless.
  Run report_route_status for detailed report.
  Number of Failed Nets               = 0
  Number of Unrouted Nets             = 0
  Number of Partially Routed Nets     = 0
  Number of Node Overlaps             = 0

Phase 8 Route finalize | Checksum: b46791d5

Time (s): cpu = 00:15:35 ; elapsed = 00:09:10 . Memory (MB): peak = 2784.602 ; gain = 0.000 ; free physical = 1156 ; free virtual = 4531

Phase 9 Verifying routed nets

 Verification completed successfully
Phase 9 Verifying routed nets | Checksum: b46791d5

Time (s): cpu = 00:15:35 ; elapsed = 00:09:11 . Memory (MB): peak = 2784.602 ; gain = 0.000 ; free physical = 1156 ; free virtual = 4531

Phase 10 Depositing Routes
Phase 10 Depositing Routes | Checksum: 111e0dd7c

Time (s): cpu = 00:15:36 ; elapsed = 00:09:15 . Memory (MB): peak = 2784.602 ; gain = 0.000 ; free physical = 1172 ; free virtual = 4547

Phase 11 Post Router Timing
INFO: [Route 35-20] Post Routing Timing Summary | WNS=0.118  | TNS=0.000  | WHS=22.215 | THS=0.000  |

INFO: [Route 35-61] The design met the timing requirement.
Phase 11 Post Router Timing | Checksum: 1e286970f

Time (s): cpu = 00:15:41 ; elapsed = 00:09:20 . Memory (MB): peak = 2784.602 ; gain = 0.000 ; free physical = 1162 ; free virtual = 4544
INFO: [Route 35-16] Router Completed Successfully

Time (s): cpu = 00:15:42 ; elapsed = 00:09:20 . Memory (MB): peak = 2784.602 ; gain = 0.000 ; free physical = 1160 ; free virtual = 4543

Routing Is Done.
INFO: [Common 17-83] Releasing license: Implementation
227 Infos, 1 Warnings, 3 Critical Warnings and 0 Errors encountered.
route_design completed successfully
route_design: Time (s): cpu = 00:15:45 ; elapsed = 00:09:24 . Memory (MB): peak = 2784.602 ; gain = 0.000 ; free physical = 1160 ; free virtual = 4543
Writing placer database...
Writing XDEF routing.
Writing XDEF routing logical nets.
Writing XDEF routing special nets.
Write XDEF Complete: Time (s): cpu = 00:00:03 ; elapsed = 00:00:04 . Memory (MB): peak = 2784.602 ; gain = 0.000 ; free physical = 1144 ; free virtual = 4550
INFO: [Common 17-1381] The checkpoint '/home/elliot/git_neural/neural_IP/neural_network_simul/neural_network_simul.runs/impl_6/top_level_routed.dcp' has been generated.
write_checkpoint: Time (s): cpu = 00:00:04 ; elapsed = 00:00:07 . Memory (MB): peak = 2784.602 ; gain = 0.000 ; free physical = 1118 ; free virtual = 4521
INFO: [DRC 23-27] Running DRC with 8 threads
INFO: [Coretcl 2-168] The results of DRC are in file /home/elliot/git_neural/neural_IP/neural_network_simul/neural_network_simul.runs/impl_6/top_level_drc_routed.rpt.
report_drc: Time (s): cpu = 00:00:06 ; elapsed = 00:00:06 . Memory (MB): peak = 2784.602 ; gain = 0.000 ; free physical = 1154 ; free virtual = 4559
INFO: [Timing 38-35] Done setting XDC timing constraints.
INFO: [DRC 23-133] Running Methodology with 8 threads
INFO: [Coretcl 2-1520] The results of Report Methodology are in file /home/elliot/git_neural/neural_IP/neural_network_simul/neural_network_simul.runs/impl_6/top_level_methodology_drc_routed.rpt.
report_methodology: Time (s): cpu = 00:00:07 ; elapsed = 00:00:08 . Memory (MB): peak = 2784.602 ; gain = 0.000 ; free physical = 1117 ; free virtual = 4546
INFO: [Timing 38-35] Done setting XDC timing constraints.
INFO: [Timing 38-91] UpdateTimingParams: Speed grade: -2, Delay Type: min_max.
INFO: [Timing 38-191] Multithreading enabled for timing update using a maximum of 8 CPUs
INFO: [Timing 38-35] Done setting XDC timing constraints.
Command: report_power -file top_level_power_routed.rpt -pb top_level_power_summary_routed.pb -rpx top_level_power_routed.rpx
Running Vector-less Activity Propagation...

Finished Running Vector-less Activity Propagation
237 Infos, 1 Warnings, 3 Critical Warnings and 0 Errors encountered.
report_power completed successfully
report_power: Time (s): cpu = 00:00:10 ; elapsed = 00:00:11 . Memory (MB): peak = 2794.836 ; gain = 10.234 ; free physical = 1152 ; free virtual = 4560
Command: phys_opt_design -directive Explore
Attempting to get a license for feature 'Implementation' and/or device 'xc7z045'
INFO: [Common 17-349] Got license for feature 'Implementation' and/or device 'xc7z045'
INFO: [Common 17-86] Your Implementation license expires in 16 day(s)
INFO: [Common 17-1223] The version limit for your license is '2019.08' and will expire in -469 days. A version limit expiration means that, although you may be able to continue to use the current version of tools or IP with this license, you will not be eligible for any updates or new releases.
INFO: [Vivado_Tcl 4-241] Physical synthesis in post route mode ( 100.0% nets are fully routed)
INFO: [Vivado_Tcl 4-137] Directive used for phys_opt_design is: Explore
INFO: [Vivado_Tcl 4-383] Design worst setup slack (WNS) is greater than or equal to 0.000 ns. Skipping all physical synthesis optimizations.
INFO: [Vivado_Tcl 4-232] No setup violation found. The netlist was not modified.
INFO: [Common 17-83] Releasing license: Implementation
245 Infos, 1 Warnings, 3 Critical Warnings and 0 Errors encountered.
phys_opt_design completed successfully
Writing placer database...
Writing XDEF routing.
Writing XDEF routing logical nets.
Writing XDEF routing special nets.
Write XDEF Complete: Time (s): cpu = 00:00:03 ; elapsed = 00:00:03 . Memory (MB): peak = 2794.836 ; gain = 0.000 ; free physical = 1133 ; free virtual = 4565
INFO: [Common 17-1381] The checkpoint '/home/elliot/git_neural/neural_IP/neural_network_simul/neural_network_simul.runs/impl_6/top_level_postroute_physopt.dcp' has been generated.
write_checkpoint: Time (s): cpu = 00:00:04 ; elapsed = 00:00:07 . Memory (MB): peak = 2794.836 ; gain = 0.000 ; free physical = 1146 ; free virtual = 4563
INFO: [Timing 38-91] UpdateTimingParams: Speed grade: -2, Delay Type: min_max.
INFO: [Timing 38-191] Multithreading enabled for timing update using a maximum of 8 CPUs
INFO: [Common 17-206] Exiting Vivado at Sat Dec 12 21:55:36 2020...
