#
# An unexpected error has occurred (11)
#
Stack:
/lib/x86_64-linux-gnu/libc.so.6(+0x3efd0) [0x7f07924f4fd0]
/lib/x86_64-linux-gnu/libc.so.6(+0x18e811) [0x7f0792644811]
/lib/x86_64-linux-gnu/libc.so.6(+0x42b59) [0x7f07924f8b59]
/home/elliot/Vivado/Vivado_2016/Vivado/2016.4/lib/lnx64.o/librdi_common.so(HUTEnv::setEnv(char const*, char const*)+0xe) [0x7f0793637bde]
/home/elliot/Vivado/Vivado_2016/Vivado/2016.4/lib/lnx64.o/librdi_place.so(HAOPAbcJobManager::HAOPAbcJobManager()+0x94f) [0x7f07705ec4bf]
/home/elliot/Vivado/Vivado_2016/Vivado/2016.4/lib/lnx64.o/librdi_place.so(HAOPAbcOpt::HAOPAbcOpt(std::string, std::string)+0x2a5) [0x7f0770611685]
/home/elliot/Vivado/Vivado_2016/Vivado/2016.4/lib/lnx64.o/librdi_place.so(HAOPFlow::resynthesis(std::string, std::set<std::string, std::less<std::string>, std::allocator<std::string> >&, std::string)+0x6d) [0x7f07706889cd]
/home/elliot/Vivado/Vivado_2016/Vivado/2016.4/lib/lnx64.o/librdi_place.so(HAOPFlow::doabc(HDPLTask&, std::string, std::string, HANENetlist*, bool, bool)+0xcb) [0x7f0770688dfb]
/home/elliot/Vivado/Vivado_2016/Vivado/2016.4/lib/lnx64.o/librdi_place.so(HAOPFlow::optDesignMod()+0x5fe) [0x7f077068d39e]
/home/elliot/Vivado/Vivado_2016/Vivado/2016.4/lib/lnx64.o/librdi_place.so(HAOPFlow::optimize()+0x1a0) [0x7f077068d830]
/home/elliot/Vivado/Vivado_2016/Vivado/2016.4/lib/lnx64.o/librdi_vivadotasks.so(+0x306717) [0x7f075f938717]
/home/elliot/Vivado/Vivado_2016/Vivado/2016.4/lib/lnx64.o/librdi_vivadotasks.so(+0x308e14) [0x7f075f93ae14]
/home/elliot/Vivado/Vivado_2016/Vivado/2016.4/lib/lnx64.o/librdi_common.so(+0x5f8f37) [0x7f07935c2f37]
/home/elliot/Vivado/Vivado_2016/Vivado/2016.4/lib/lnx64.o/libtcl8.5.so(+0x331f5) [0x7f078e4031f5]
/home/elliot/Vivado/Vivado_2016/Vivado/2016.4/lib/lnx64.o/libtcl8.5.so(+0x76bbe) [0x7f078e446bbe]
/home/elliot/Vivado/Vivado_2016/Vivado/2016.4/lib/lnx64.o/libtcl8.5.so(+0x7e767) [0x7f078e44e767]
/home/elliot/Vivado/Vivado_2016/Vivado/2016.4/lib/lnx64.o/libtcl8.5.so(TclEvalObjEx+0x77) [0x7f078e405327]
/home/elliot/Vivado/Vivado_2016/Vivado/2016.4/lib/lnx64.o/librdi_commontasks.so(+0x2d0924) [0x7f078a3e9924]
/home/elliot/Vivado/Vivado_2016/Vivado/2016.4/lib/lnx64.o/libtcl8.5.so(+0x331f5) [0x7f078e4031f5]
/home/elliot/Vivado/Vivado_2016/Vivado/2016.4/lib/lnx64.o/libtcl8.5.so(+0x34d6b) [0x7f078e404d6b]
/home/elliot/Vivado/Vivado_2016/Vivado/2016.4/lib/lnx64.o/libtcl8.5.so(+0xad531) [0x7f078e47d531]
/home/elliot/Vivado/Vivado_2016/Vivado/2016.4/lib/lnx64.o/libtcl8.5.so(+0x3491c) [0x7f078e40491c]
/home/elliot/Vivado/Vivado_2016/Vivado/2016.4/lib/lnx64.o/libtcl8.5.so(Tcl_EvalEx+0x16) [0x7f078e405276]
/home/elliot/Vivado/Vivado_2016/Vivado/2016.4/lib/lnx64.o/libtcl8.5.so(Tcl_FSEvalFileEx+0x1d2) [0x7f078e469d02]
/home/elliot/Vivado/Vivado_2016/Vivado/2016.4/lib/lnx64.o/librdi_commontasks.so(+0x2edfb2) [0x7f078a406fb2]
/home/elliot/Vivado/Vivado_2016/Vivado/2016.4/lib/lnx64.o/librdi_common.so(+0x5f8f37) [0x7f07935c2f37]
/home/elliot/Vivado/Vivado_2016/Vivado/2016.4/lib/lnx64.o/libtcl8.5.so(+0x331f5) [0x7f078e4031f5]
/home/elliot/Vivado/Vivado_2016/Vivado/2016.4/lib/lnx64.o/libtcl8.5.so(Tcl_EvalObjv+0x32) [0x7f078e4037e2]
/home/elliot/Vivado/Vivado_2016/Vivado/2016.4/lib/lnx64.o/libtcl8.5.so(TclEvalObjEx+0x322) [0x7f078e4055d2]
/home/elliot/Vivado/Vivado_2016/Vivado/2016.4/lib/lnx64.o/librdi_commontasks.so(+0x30bef9) [0x7f078a424ef9]
/home/elliot/Vivado/Vivado_2016/Vivado/2016.4/lib/lnx64.o/librdi_commontasks.so(+0x304d43) [0x7f078a41dd43]
/home/elliot/Vivado/Vivado_2016/Vivado/2016.4/lib/lnx64.o/librdi_common.so(+0x5f8f37) [0x7f07935c2f37]
/home/elliot/Vivado/Vivado_2016/Vivado/2016.4/lib/lnx64.o/libtcl8.5.so(+0x331f5) [0x7f078e4031f5]
/home/elliot/Vivado/Vivado_2016/Vivado/2016.4/lib/lnx64.o/libtcl8.5.so(Tcl_EvalObjv+0x32) [0x7f078e4037e2]
/home/elliot/Vivado/Vivado_2016/Vivado/2016.4/lib/lnx64.o/libtcl8.5.so(TclEvalObjEx+0x322) [0x7f078e4055d2]
/home/elliot/Vivado/Vivado_2016/Vivado/2016.4/lib/lnx64.o/librdi_commonmain.so(+0x6430) [0x7f0792dc5430]
/home/elliot/Vivado/Vivado_2016/Vivado/2016.4/lib/lnx64.o/libtcl8.5.so(Tcl_Main+0x1d5) [0x7f078e470175]
/home/elliot/Vivado/Vivado_2016/Vivado/2016.4/lib/lnx64.o/librdi_common.so(+0x631d09) [0x7f07935fbd09]
/lib/x86_64-linux-gnu/libpthread.so.0(+0x76db) [0x7f0791f006db]
/lib/x86_64-linux-gnu/libc.so.6(clone+0x3f) [0x7f07925d7a3f]
