
*** Running vivado
    with args -log top_level.vdi -applog -m64 -product Vivado -messageDb vivado.pb -mode batch -source top_level.tcl -notrace


****** Vivado v2016.4 (64-bit)
  **** SW Build 1756540 on Mon Jan 23 19:11:19 MST 2017
  **** IP Build 1755317 on Mon Jan 23 20:30:07 MST 2017
    ** Copyright 1986-2016 Xilinx, Inc. All Rights Reserved.

source top_level.tcl -notrace
Design is defaulting to srcset: sources_1
Design is defaulting to constrset: constrs_1
INFO: [Netlist 29-17] Analyzing 21539 Unisim elements for replacement
INFO: [Netlist 29-28] Unisim Transformation completed in 0 CPU seconds
WARNING: [Netlist 29-101] Netlist 'top_level' is not ideal for floorplanning, since the cellview 'tree_reduction' contains a large number of primitives.  Please consider enabling hierarchy in synthesis if you want to do floorplanning.
INFO: [Project 1-479] Netlist was created with Vivado 2016.4
INFO: [Device 21-403] Loading part xc7z045ffg900-2
INFO: [Project 1-570] Preparing netlist for logic optimization
Parsing XDC File [/users/tareelou/git_neural/neural_network_simul/neural_network_simul.srcs/constrs_1/new/top_constraints.xdc]
CRITICAL WARNING: [Vivado 12-2272] Clock names may not contain wildcard characters, as it confuses tcl. Skipping 'VecOut_mux[*]' [/users/tareelou/git_neural/neural_network_simul/neural_network_simul.srcs/constrs_1/new/top_constraints.xdc:2]
CRITICAL WARNING: [Vivado 12-2272] Clock names may not contain wildcard characters, as it confuses tcl. Skipping 'pixel[*]' [/users/tareelou/git_neural/neural_network_simul/neural_network_simul.srcs/constrs_1/new/top_constraints.xdc:3]
CRITICAL WARNING: [Vivado 12-2272] Clock names may not contain wildcard characters, as it confuses tcl. Skipping 'weight[*]' [/users/tareelou/git_neural/neural_network_simul/neural_network_simul.srcs/constrs_1/new/top_constraints.xdc:4]
INFO: [Timing 38-35] Done setting XDC timing constraints. [/users/tareelou/git_neural/neural_network_simul/neural_network_simul.srcs/constrs_1/new/top_constraints.xdc:7]
get_clocks: Time (s): cpu = 00:01:05 ; elapsed = 00:00:30 . Memory (MB): peak = 2804.469 ; gain = 774.281 ; free physical = 100646 ; free virtual = 109184
Finished Parsing XDC File [/users/tareelou/git_neural/neural_network_simul/neural_network_simul.srcs/constrs_1/new/top_constraints.xdc]
INFO: [Opt 31-138] Pushed 0 inverter(s) to 0 load pin(s).
INFO: [Project 1-111] Unisim Transformation Summary:
No Unisim elements were transformed.

link_design: Time (s): cpu = 00:02:37 ; elapsed = 00:01:48 . Memory (MB): peak = 2804.469 ; gain = 1798.109 ; free physical = 100723 ; free virtual = 109194
INFO: [Vivado_Tcl 4-424] Cannot write hardware definition file as there are no IPI block design hardware handoff files present
Command: opt_design
Attempting to get a license for feature 'Implementation' and/or device 'xc7z045'
INFO: [Common 17-349] Got license for feature 'Implementation' and/or device 'xc7z045'
INFO: [Common 17-1223] The version limit for your license is '2019.01' and will expire in -684 days. A version limit expiration means that, although you may be able to continue to use the current version of tools or IP with this license, you will not be eligible for any updates or new releases.
Running DRC as a precondition to command opt_design

Starting DRC Task
INFO: [DRC 23-27] Running DRC with 8 threads
INFO: [Project 1-461] DRC finished with 0 Errors
INFO: [Project 1-462] Please refer to the DRC report (report_drc) for more information.

Time (s): cpu = 00:00:08 ; elapsed = 00:00:03 . Memory (MB): peak = 2876.504 ; gain = 64.031 ; free physical = 100727 ; free virtual = 109197
INFO: [Timing 38-35] Done setting XDC timing constraints.

Starting Logic Optimization Task
Implement Debug Cores | Checksum: bc1c4081

Phase 1 Retarget
INFO: [Opt 31-138] Pushed 0 inverter(s) to 0 load pin(s).
INFO: [Opt 31-49] Retargeted 0 cell(s).
Phase 1 Retarget | Checksum: 15d440e31

Time (s): cpu = 00:00:20 ; elapsed = 00:00:20 . Memory (MB): peak = 2876.504 ; gain = 0.000 ; free physical = 100704 ; free virtual = 109174

Phase 2 Constant propagation
INFO: [Opt 31-138] Pushed 0 inverter(s) to 0 load pin(s).
INFO: [Opt 31-10] Eliminated 316176 cells.
Phase 2 Constant propagation | Checksum: 84e74a07

Time (s): cpu = 00:37:36 ; elapsed = 00:37:46 . Memory (MB): peak = 2876.504 ; gain = 0.000 ; free physical = 103176 ; free virtual = 111939

Phase 3 Sweep
INFO: [Opt 31-12] Eliminated 468218 unconnected nets.
INFO: [Opt 31-11] Eliminated 173194 unconnected cells.
Phase 3 Sweep | Checksum: f1ceba6f

Time (s): cpu = 00:38:09 ; elapsed = 00:38:19 . Memory (MB): peak = 2876.504 ; gain = 0.000 ; free physical = 104204 ; free virtual = 112976

Phase 4 BUFG optimization
INFO: [Opt 31-12] Eliminated 0 unconnected nets.
INFO: [Opt 31-11] Eliminated 0 unconnected cells.
Phase 4 BUFG optimization | Checksum: f1ceba6f

Time (s): cpu = 00:38:15 ; elapsed = 00:38:26 . Memory (MB): peak = 2876.504 ; gain = 0.000 ; free physical = 104176 ; free virtual = 112947

Starting Connectivity Check Task

Time (s): cpu = 00:00:00.61 ; elapsed = 00:00:00.66 . Memory (MB): peak = 2876.504 ; gain = 0.000 ; free physical = 104174 ; free virtual = 112946
Ending Logic Optimization Task | Checksum: f1ceba6f

Time (s): cpu = 00:38:17 ; elapsed = 00:38:28 . Memory (MB): peak = 2876.504 ; gain = 0.000 ; free physical = 104173 ; free virtual = 112944

Starting Power Optimization Task
INFO: [Pwropt 34-132] Skipping clock gating for clocks with a period < 2.00 ns.
Ending Power Optimization Task | Checksum: f1ceba6f

Time (s): cpu = 00:00:00.27 ; elapsed = 00:00:00.28 . Memory (MB): peak = 2876.504 ; gain = 0.000 ; free physical = 104170 ; free virtual = 112941
INFO: [Common 17-83] Releasing license: Implementation
25 Infos, 1 Warnings, 3 Critical Warnings and 0 Errors encountered.
opt_design completed successfully
opt_design: Time (s): cpu = 00:39:16 ; elapsed = 00:38:48 . Memory (MB): peak = 2876.504 ; gain = 72.035 ; free physical = 104166 ; free virtual = 112938
INFO: [Common 17-1381] The checkpoint '/users/tareelou/git_neural/neural_network_simul/neural_network_simul.runs/imple_253/top_level_opt.dcp' has been generated.
write_checkpoint: Time (s): cpu = 00:00:15 ; elapsed = 00:00:13 . Memory (MB): peak = 2876.504 ; gain = 0.000 ; free physical = 103610 ; free virtual = 112325
INFO: [DRC 23-27] Running DRC with 8 threads
INFO: [Coretcl 2-168] The results of DRC are in file /users/tareelou/git_neural/neural_network_simul/neural_network_simul.runs/imple_253/top_level_drc_opted.rpt.
report_drc: Time (s): cpu = 00:00:17 ; elapsed = 00:00:07 . Memory (MB): peak = 2876.504 ; gain = 0.000 ; free physical = 103583 ; free virtual = 112297
INFO: [Chipscope 16-241] No debug cores found in the current design.
Before running the implement_debug_core command, either use the Set Up Debug wizard (GUI mode)
or use the create_debug_core and connect_debug_core Tcl commands to insert debug cores into the design.
Command: place_design
Attempting to get a license for feature 'Implementation' and/or device 'xc7z045'
INFO: [Common 17-349] Got license for feature 'Implementation' and/or device 'xc7z045'
INFO: [Common 17-1223] The version limit for your license is '2019.01' and will expire in -684 days. A version limit expiration means that, although you may be able to continue to use the current version of tools or IP with this license, you will not be eligible for any updates or new releases.
INFO: [DRC 23-27] Running DRC with 8 threads
INFO: [Vivado_Tcl 4-198] DRC finished with 0 Errors
INFO: [Vivado_Tcl 4-199] Please refer to the DRC report (report_drc) for more information.
Running DRC as a precondition to command place_design
INFO: [DRC 23-27] Running DRC with 8 threads
INFO: [Vivado_Tcl 4-198] DRC finished with 0 Errors
INFO: [Vivado_Tcl 4-199] Please refer to the DRC report (report_drc) for more information.

Starting Placer Task
INFO: [Place 30-611] Multithreading enabled for place_design using a maximum of 8 CPUs

Phase 1 Placer Initialization
Netlist sorting complete. Time (s): cpu = 00:00:00.20 ; elapsed = 00:00:00.23 . Memory (MB): peak = 2876.504 ; gain = 0.000 ; free physical = 103552 ; free virtual = 112266
Netlist sorting complete. Time (s): cpu = 00:00:00.19 ; elapsed = 00:00:00.19 . Memory (MB): peak = 2876.504 ; gain = 0.000 ; free physical = 103551 ; free virtual = 112265

Phase 1.1 IO Placement/ Clock Placement/ Build Placer Device
INFO: [Timing 38-35] Done setting XDC timing constraints.
Phase 1.1 IO Placement/ Clock Placement/ Build Placer Device | Checksum: 10ab7b3a5

Time (s): cpu = 00:00:36 ; elapsed = 00:00:19 . Memory (MB): peak = 2876.504 ; gain = 0.000 ; free physical = 103633 ; free virtual = 112280

Phase 1.2 Build Placer Netlist Model
INFO: [Place 30-896] Complex timing constraints detected. Disabling fast timing updates
Phase 1.2 Build Placer Netlist Model | Checksum: 14d8768b8

Time (s): cpu = 00:01:15 ; elapsed = 00:00:37 . Memory (MB): peak = 2876.504 ; gain = 0.000 ; free physical = 103604 ; free virtual = 112252

Phase 1.3 Constrain Clocks/Macros
Phase 1.3 Constrain Clocks/Macros | Checksum: 14d8768b8

Time (s): cpu = 00:01:15 ; elapsed = 00:00:38 . Memory (MB): peak = 2876.504 ; gain = 0.000 ; free physical = 103595 ; free virtual = 112242
Phase 1 Placer Initialization | Checksum: 14d8768b8

Time (s): cpu = 00:01:16 ; elapsed = 00:00:38 . Memory (MB): peak = 2876.504 ; gain = 0.000 ; free physical = 103603 ; free virtual = 112250

Phase 2 Global Placement
Phase 2 Global Placement | Checksum: 1ccfd1b82

Time (s): cpu = 00:02:29 ; elapsed = 00:01:11 . Memory (MB): peak = 2939.559 ; gain = 63.055 ; free physical = 103721 ; free virtual = 112368

Phase 3 Detail Placement

Phase 3.1 Commit Multi Column Macros
Phase 3.1 Commit Multi Column Macros | Checksum: 1ccfd1b82

Time (s): cpu = 00:02:30 ; elapsed = 00:01:11 . Memory (MB): peak = 2939.559 ; gain = 63.055 ; free physical = 103721 ; free virtual = 112368

Phase 3.2 Commit Most Macros & LUTRAMs
Phase 3.2 Commit Most Macros & LUTRAMs | Checksum: 135184b19

Time (s): cpu = 00:02:53 ; elapsed = 00:01:27 . Memory (MB): peak = 2939.559 ; gain = 63.055 ; free physical = 103700 ; free virtual = 112347

Phase 3.3 Area Swap Optimization
Phase 3.3 Area Swap Optimization | Checksum: cd7feb31

Time (s): cpu = 00:02:55 ; elapsed = 00:01:28 . Memory (MB): peak = 2939.559 ; gain = 63.055 ; free physical = 103719 ; free virtual = 112366

Phase 3.4 Pipeline Register Optimization
Phase 3.4 Pipeline Register Optimization | Checksum: cd7feb31

Time (s): cpu = 00:02:55 ; elapsed = 00:01:29 . Memory (MB): peak = 2939.559 ; gain = 63.055 ; free physical = 103720 ; free virtual = 112367

Phase 3.5 Timing Path Optimizer
Phase 3.5 Timing Path Optimizer | Checksum: e38a0f91

Time (s): cpu = 00:03:00 ; elapsed = 00:01:30 . Memory (MB): peak = 2939.559 ; gain = 63.055 ; free physical = 103712 ; free virtual = 112370

Phase 3.6 Small Shape Detail Placement
Phase 3.6 Small Shape Detail Placement | Checksum: 23243e5b3

Time (s): cpu = 00:03:25 ; elapsed = 00:01:53 . Memory (MB): peak = 2939.559 ; gain = 63.055 ; free physical = 103703 ; free virtual = 112363

Phase 3.7 Re-assign LUT pins
Phase 3.7 Re-assign LUT pins | Checksum: 22b958315

Time (s): cpu = 00:03:32 ; elapsed = 00:02:00 . Memory (MB): peak = 2939.559 ; gain = 63.055 ; free physical = 103706 ; free virtual = 112366

Phase 3.8 Pipeline Register Optimization
Phase 3.8 Pipeline Register Optimization | Checksum: 22b958315

Time (s): cpu = 00:03:33 ; elapsed = 00:02:01 . Memory (MB): peak = 2939.559 ; gain = 63.055 ; free physical = 103682 ; free virtual = 112342
Phase 3 Detail Placement | Checksum: 22b958315

Time (s): cpu = 00:03:35 ; elapsed = 00:02:02 . Memory (MB): peak = 2939.559 ; gain = 63.055 ; free physical = 105362 ; free virtual = 114021

Phase 4 Post Placement Optimization and Clean-Up

Phase 4.1 Post Commit Optimization

Phase 4.1.1 Post Placement Optimization
INFO: [Place 30-746] Post Placement Timing Summary WNS=1.514. For the most accurate timing information please run report_timing.
Phase 4.1.1 Post Placement Optimization | Checksum: 1ab086148

Time (s): cpu = 00:04:22 ; elapsed = 00:02:19 . Memory (MB): peak = 2939.559 ; gain = 63.055 ; free physical = 105369 ; free virtual = 114029
Phase 4.1 Post Commit Optimization | Checksum: 1ab086148

Time (s): cpu = 00:04:23 ; elapsed = 00:02:20 . Memory (MB): peak = 2939.559 ; gain = 63.055 ; free physical = 105371 ; free virtual = 114030

Phase 4.2 Post Placement Cleanup
Phase 4.2 Post Placement Cleanup | Checksum: 1ab086148

Time (s): cpu = 00:04:25 ; elapsed = 00:02:21 . Memory (MB): peak = 2939.559 ; gain = 63.055 ; free physical = 105370 ; free virtual = 114030

Phase 4.3 Placer Reporting
Phase 4.3 Placer Reporting | Checksum: 1ab086148

Time (s): cpu = 00:04:26 ; elapsed = 00:02:23 . Memory (MB): peak = 2939.559 ; gain = 63.055 ; free physical = 105372 ; free virtual = 114031

Phase 4.4 Final Placement Cleanup
Phase 4.4 Final Placement Cleanup | Checksum: 21b6645e9

Time (s): cpu = 00:04:27 ; elapsed = 00:02:24 . Memory (MB): peak = 2939.559 ; gain = 63.055 ; free physical = 105372 ; free virtual = 114032
Phase 4 Post Placement Optimization and Clean-Up | Checksum: 21b6645e9

Time (s): cpu = 00:04:28 ; elapsed = 00:02:24 . Memory (MB): peak = 2939.559 ; gain = 63.055 ; free physical = 105373 ; free virtual = 114033
Ending Placer Task | Checksum: 129d0a35b

Time (s): cpu = 00:04:28 ; elapsed = 00:02:24 . Memory (MB): peak = 2939.559 ; gain = 63.055 ; free physical = 105373 ; free virtual = 114033
INFO: [Common 17-83] Releasing license: Implementation
42 Infos, 1 Warnings, 3 Critical Warnings and 0 Errors encountered.
place_design completed successfully
place_design: Time (s): cpu = 00:04:44 ; elapsed = 00:02:32 . Memory (MB): peak = 2939.559 ; gain = 63.055 ; free physical = 105371 ; free virtual = 114031
Writing placer database...
Writing XDEF routing.
Writing XDEF routing logical nets.
Writing XDEF routing special nets.
Write XDEF Complete: Time (s): cpu = 00:00:16 ; elapsed = 00:00:06 . Memory (MB): peak = 2939.559 ; gain = 0.000 ; free physical = 105305 ; free virtual = 114037
INFO: [Common 17-1381] The checkpoint '/users/tareelou/git_neural/neural_network_simul/neural_network_simul.runs/imple_253/top_level_placed.dcp' has been generated.
write_checkpoint: Time (s): cpu = 00:00:22 ; elapsed = 00:00:12 . Memory (MB): peak = 2939.559 ; gain = 0.000 ; free physical = 105363 ; free virtual = 114038
report_io: Time (s): cpu = 00:00:00.38 ; elapsed = 00:00:00.58 . Memory (MB): peak = 2939.559 ; gain = 0.000 ; free physical = 105364 ; free virtual = 114039
report_utilization: Time (s): cpu = 00:00:00.77 ; elapsed = 00:00:00.98 . Memory (MB): peak = 2939.559 ; gain = 0.000 ; free physical = 105361 ; free virtual = 114035
report_control_sets: Time (s): cpu = 00:00:00.13 ; elapsed = 00:00:00.34 . Memory (MB): peak = 2939.559 ; gain = 0.000 ; free physical = 105345 ; free virtual = 114020
Command: phys_opt_design -directive Explore
Attempting to get a license for feature 'Implementation' and/or device 'xc7z045'
INFO: [Common 17-349] Got license for feature 'Implementation' and/or device 'xc7z045'
INFO: [Common 17-1223] The version limit for your license is '2019.01' and will expire in -684 days. A version limit expiration means that, although you may be able to continue to use the current version of tools or IP with this license, you will not be eligible for any updates or new releases.
INFO: [Vivado_Tcl 4-137] Directive used for phys_opt_design is: Explore
Netlist sorting complete. Time (s): cpu = 00:00:00.18 ; elapsed = 00:00:00.18 . Memory (MB): peak = 2939.559 ; gain = 0.000 ; free physical = 105360 ; free virtual = 114035

Starting Physical Synthesis Task

Phase 1 Physical Synthesis Initialization
INFO: [Physopt 32-721] Multithreading enabled for phys_opt_design using a maximum of 8 CPUs
Phase 1 Physical Synthesis Initialization | Checksum: 68c96228

Time (s): cpu = 00:00:52 ; elapsed = 00:00:16 . Memory (MB): peak = 2939.559 ; gain = 0.000 ; free physical = 105359 ; free virtual = 114033
INFO: [Vivado_Tcl 4-383] Design worst setup slack (WNS) is greater than or equal to 0.500 ns. Skipping all physical synthesis optimizations.
INFO: [Vivado_Tcl 4-232] No setup violation found. The netlist was not modified.
Ending Physical Synthesis Task | Checksum: d5c8808b

Time (s): cpu = 00:00:55 ; elapsed = 00:00:20 . Memory (MB): peak = 2939.559 ; gain = 0.000 ; free physical = 105360 ; free virtual = 114034
INFO: [Common 17-83] Releasing license: Implementation
50 Infos, 1 Warnings, 3 Critical Warnings and 0 Errors encountered.
phys_opt_design completed successfully
phys_opt_design: Time (s): cpu = 00:00:58 ; elapsed = 00:00:22 . Memory (MB): peak = 2939.559 ; gain = 0.000 ; free physical = 105361 ; free virtual = 114036
Writing placer database...
Writing XDEF routing.
Writing XDEF routing logical nets.
Writing XDEF routing special nets.
Write XDEF Complete: Time (s): cpu = 00:00:17 ; elapsed = 00:00:06 . Memory (MB): peak = 2939.559 ; gain = 0.000 ; free physical = 105294 ; free virtual = 114037
INFO: [Common 17-1381] The checkpoint '/users/tareelou/git_neural/neural_network_simul/neural_network_simul.runs/imple_253/top_level_physopt.dcp' has been generated.
write_checkpoint: Time (s): cpu = 00:00:22 ; elapsed = 00:00:11 . Memory (MB): peak = 2939.559 ; gain = 0.000 ; free physical = 105349 ; free virtual = 114039
Command: route_design
Attempting to get a license for feature 'Implementation' and/or device 'xc7z045'
INFO: [Common 17-349] Got license for feature 'Implementation' and/or device 'xc7z045'
INFO: [Common 17-1223] The version limit for your license is '2019.01' and will expire in -684 days. A version limit expiration means that, although you may be able to continue to use the current version of tools or IP with this license, you will not be eligible for any updates or new releases.
Running DRC as a precondition to command route_design
INFO: [DRC 23-27] Running DRC with 8 threads
INFO: [Vivado_Tcl 4-198] DRC finished with 0 Errors
INFO: [Vivado_Tcl 4-199] Please refer to the DRC report (report_drc) for more information.


Starting Routing Task
INFO: [Route 35-254] Multithreading enabled for route_design using a maximum of 8 CPUs
Checksum: PlaceDB: b2150d45 ConstDB: 0 ShapeSum: e766441 RouteDB: 0

Phase 1 Build RT Design
Phase 1 Build RT Design | Checksum: d366a443

Time (s): cpu = 00:01:59 ; elapsed = 00:01:23 . Memory (MB): peak = 2939.559 ; gain = 0.000 ; free physical = 104970 ; free virtual = 113675

Phase 2 Router Initialization

Phase 2.1 Create Timer
Phase 2.1 Create Timer | Checksum: d366a443

Time (s): cpu = 00:02:01 ; elapsed = 00:01:25 . Memory (MB): peak = 2939.559 ; gain = 0.000 ; free physical = 104966 ; free virtual = 113671

Phase 2.2 Fix Topology Constraints
Phase 2.2 Fix Topology Constraints | Checksum: d366a443

Time (s): cpu = 00:02:02 ; elapsed = 00:01:26 . Memory (MB): peak = 2939.559 ; gain = 0.000 ; free physical = 104924 ; free virtual = 113629

Phase 2.3 Pre Route Cleanup
Phase 2.3 Pre Route Cleanup | Checksum: d366a443

Time (s): cpu = 00:02:02 ; elapsed = 00:01:26 . Memory (MB): peak = 2939.559 ; gain = 0.000 ; free physical = 104924 ; free virtual = 113629
 Number of Nodes with overlaps = 0

Phase 2.4 Update Timing
Phase 2.4 Update Timing | Checksum: cf4b7de2

Time (s): cpu = 00:02:55 ; elapsed = 00:01:44 . Memory (MB): peak = 2975.629 ; gain = 36.070 ; free physical = 104865 ; free virtual = 113571
INFO: [Route 35-416] Intermediate Timing Summary | WNS=2.880  | TNS=0.000  | WHS=22.136 | THS=0.000  |

Phase 2 Router Initialization | Checksum: 44a6d765

Time (s): cpu = 00:03:22 ; elapsed = 00:01:49 . Memory (MB): peak = 2975.629 ; gain = 36.070 ; free physical = 104859 ; free virtual = 113565

Phase 3 Initial Routing
Phase 3 Initial Routing | Checksum: f9008186

Time (s): cpu = 00:05:52 ; elapsed = 00:02:33 . Memory (MB): peak = 3725.629 ; gain = 786.070 ; free physical = 106235 ; free virtual = 114947

Phase 4 Rip-up And Reroute

Phase 4.1 Global Iteration 0
 Number of Nodes with overlaps = 11074
 Number of Nodes with overlaps = 271
 Number of Nodes with overlaps = 0

Phase 4.1.1 Update Timing
Phase 4.1.1 Update Timing | Checksum: 1e5e13b5c

Time (s): cpu = 00:07:38 ; elapsed = 00:03:08 . Memory (MB): peak = 3725.629 ; gain = 786.070 ; free physical = 106239 ; free virtual = 114951
INFO: [Route 35-416] Intermediate Timing Summary | WNS=0.366  | TNS=0.000  | WHS=N/A    | THS=N/A    |

Phase 4.1 Global Iteration 0 | Checksum: 12825bb35

Time (s): cpu = 00:07:39 ; elapsed = 00:03:09 . Memory (MB): peak = 3725.629 ; gain = 786.070 ; free physical = 106240 ; free virtual = 114952
Phase 4 Rip-up And Reroute | Checksum: 12825bb35

Time (s): cpu = 00:07:39 ; elapsed = 00:03:09 . Memory (MB): peak = 3725.629 ; gain = 786.070 ; free physical = 106228 ; free virtual = 114940

Phase 5 Delay and Skew Optimization

Phase 5.1 Delay CleanUp
Phase 5.1 Delay CleanUp | Checksum: 12825bb35

Time (s): cpu = 00:07:40 ; elapsed = 00:03:09 . Memory (MB): peak = 3725.629 ; gain = 786.070 ; free physical = 106239 ; free virtual = 114951

Phase 5.2 Clock Skew Optimization
Phase 5.2 Clock Skew Optimization | Checksum: 12825bb35

Time (s): cpu = 00:07:40 ; elapsed = 00:03:09 . Memory (MB): peak = 3725.629 ; gain = 786.070 ; free physical = 106239 ; free virtual = 114951
Phase 5 Delay and Skew Optimization | Checksum: 12825bb35

Time (s): cpu = 00:07:41 ; elapsed = 00:03:09 . Memory (MB): peak = 3725.629 ; gain = 786.070 ; free physical = 106239 ; free virtual = 114951

Phase 6 Post Hold Fix

Phase 6.1 Hold Fix Iter

Phase 6.1.1 Update Timing
Phase 6.1.1 Update Timing | Checksum: 14fe6b801

Time (s): cpu = 00:07:48 ; elapsed = 00:03:12 . Memory (MB): peak = 3725.629 ; gain = 786.070 ; free physical = 106240 ; free virtual = 114952
INFO: [Route 35-416] Intermediate Timing Summary | WNS=0.366  | TNS=0.000  | WHS=22.203 | THS=0.000  |

Phase 6.1 Hold Fix Iter | Checksum: 14fe6b801

Time (s): cpu = 00:07:48 ; elapsed = 00:03:12 . Memory (MB): peak = 3725.629 ; gain = 786.070 ; free physical = 106240 ; free virtual = 114952
Phase 6 Post Hold Fix | Checksum: 14fe6b801

Time (s): cpu = 00:07:48 ; elapsed = 00:03:12 . Memory (MB): peak = 3725.629 ; gain = 786.070 ; free physical = 106240 ; free virtual = 114952

Phase 7 Route finalize

Router Utilization Summary
  Global Vertical Routing Utilization    = 5.43503 %
  Global Horizontal Routing Utilization  = 7.75226 %
  Routable Net Status*
  *Does not include unroutable nets such as driverless and loadless.
  Run report_route_status for detailed report.
  Number of Failed Nets               = 0
  Number of Unrouted Nets             = 0
  Number of Partially Routed Nets     = 0
  Number of Node Overlaps             = 0

Phase 7 Route finalize | Checksum: 180b72010

Time (s): cpu = 00:07:51 ; elapsed = 00:03:13 . Memory (MB): peak = 3725.629 ; gain = 786.070 ; free physical = 106241 ; free virtual = 114953

Phase 8 Verifying routed nets

 Verification completed successfully
Phase 8 Verifying routed nets | Checksum: 180b72010

Time (s): cpu = 00:07:51 ; elapsed = 00:03:13 . Memory (MB): peak = 3725.629 ; gain = 786.070 ; free physical = 106223 ; free virtual = 114935

Phase 9 Depositing Routes
Phase 9 Depositing Routes | Checksum: 11f90b411

Time (s): cpu = 00:07:59 ; elapsed = 00:03:22 . Memory (MB): peak = 3725.629 ; gain = 786.070 ; free physical = 106243 ; free virtual = 114955

Phase 10 Post Router Timing
INFO: [Route 35-57] Estimated Timing Summary | WNS=0.366  | TNS=0.000  | WHS=22.203 | THS=0.000  |

INFO: [Route 35-327] The final timing numbers are based on the router estimated timing analysis. For a complete and accurate timing signoff, please run report_timing_summary.
Phase 10 Post Router Timing | Checksum: 11f90b411

Time (s): cpu = 00:08:00 ; elapsed = 00:03:22 . Memory (MB): peak = 3725.629 ; gain = 786.070 ; free physical = 106237 ; free virtual = 114949
INFO: [Route 35-16] Router Completed Successfully

Time (s): cpu = 00:08:05 ; elapsed = 00:03:23 . Memory (MB): peak = 3725.629 ; gain = 786.070 ; free physical = 106247 ; free virtual = 114959

Routing Is Done.
INFO: [Common 17-83] Releasing license: Implementation
64 Infos, 1 Warnings, 3 Critical Warnings and 0 Errors encountered.
route_design completed successfully
route_design: Time (s): cpu = 00:08:21 ; elapsed = 00:03:31 . Memory (MB): peak = 3725.629 ; gain = 786.070 ; free physical = 106246 ; free virtual = 114958
Writing placer database...
Writing XDEF routing.
Writing XDEF routing logical nets.
Writing XDEF routing special nets.
Write XDEF Complete: Time (s): cpu = 00:00:18 ; elapsed = 00:00:07 . Memory (MB): peak = 3725.629 ; gain = 0.000 ; free physical = 106161 ; free virtual = 114959
INFO: [Common 17-1381] The checkpoint '/users/tareelou/git_neural/neural_network_simul/neural_network_simul.runs/imple_253/top_level_routed.dcp' has been generated.
write_checkpoint: Time (s): cpu = 00:00:23 ; elapsed = 00:00:13 . Memory (MB): peak = 3725.629 ; gain = 0.000 ; free physical = 106223 ; free virtual = 114956
INFO: [DRC 23-27] Running DRC with 8 threads
INFO: [Coretcl 2-168] The results of DRC are in file /users/tareelou/git_neural/neural_network_simul/neural_network_simul.runs/imple_253/top_level_drc_routed.rpt.
report_drc: Time (s): cpu = 00:00:28 ; elapsed = 00:00:09 . Memory (MB): peak = 3757.645 ; gain = 32.016 ; free physical = 106220 ; free virtual = 114951
INFO: [Timing 38-35] Done setting XDC timing constraints.
INFO: [DRC 23-133] Running Methodology with 8 threads
INFO: [Coretcl 2-1520] The results of Report Methodology are in file /users/tareelou/git_neural/neural_network_simul/neural_network_simul.runs/imple_253/top_level_methodology_drc_routed.rpt.
report_methodology: Time (s): cpu = 00:00:55 ; elapsed = 00:00:23 . Memory (MB): peak = 3757.645 ; gain = 0.000 ; free physical = 106223 ; free virtual = 114954
INFO: [Timing 38-35] Done setting XDC timing constraints.
INFO: [Timing 38-91] UpdateTimingParams: Speed grade: -2, Delay Type: min_max.
INFO: [Timing 38-191] Multithreading enabled for timing update using a maximum of 8 CPUs
INFO: [Timing 38-35] Done setting XDC timing constraints.
report_timing_summary: Time (s): cpu = 00:00:19 ; elapsed = 00:00:06 . Memory (MB): peak = 3757.645 ; gain = 0.000 ; free physical = 106224 ; free virtual = 114956
Command: report_power -file top_level_power_routed.rpt -pb top_level_power_summary_routed.pb -rpx top_level_power_routed.rpx
Running Vector-less Activity Propagation...

Finished Running Vector-less Activity Propagation
74 Infos, 1 Warnings, 3 Critical Warnings and 0 Errors encountered.
report_power completed successfully
report_power: Time (s): cpu = 00:00:38 ; elapsed = 00:00:14 . Memory (MB): peak = 3812.859 ; gain = 55.215 ; free physical = 106213 ; free virtual = 114951
INFO: [Common 17-206] Exiting Vivado at Tue Dec 15 18:28:17 2020...
