#-----------------------------------------------------------
# Vivado v2016.4 (64-bit)
# SW Build 1756540 on Mon Jan 23 19:11:19 MST 2017
# IP Build 1755317 on Mon Jan 23 20:30:07 MST 2017
# Start of session at: Tue Dec 22 09:47:41 2020
# Process ID: 37983
# Current directory: /users/tareelou/git_neural
# Command line: vivado
# Log file: /users/tareelou/git_neural/vivado.log
# Journal file: /users/tareelou/git_neural/vivado.jou
#-----------------------------------------------------------
start_gui
open_project /users/tareelou/git_neural/neural_network_simul/neural_network_simul.xpr
Scanning sources...
Finished scanning sources
INFO: [IP_Flow 19-234] Refreshing IP repositories
INFO: [IP_Flow 19-1704] No user IP repositories specified
INFO: [IP_Flow 19-2313] Loaded Vivado IP repository '/apps/Xilinx/Vivado/2016.4/data/ip'.
close_project
open_project /users/tareelou/git_neural/neural_network_simul_SWM/neural_network_simul.xpr
INFO: [Project 1-313] Project file moved from '/users/tareelou/git_neural/neural_network_simul' since last save.
Scanning sources...
Finished scanning sources
INFO: [IP_Flow 19-234] Refreshing IP repositories
INFO: [IP_Flow 19-1704] No user IP repositories specified
INFO: [IP_Flow 19-2313] Loaded Vivado IP repository '/apps/Xilinx/Vivado/2016.4/data/ip'.
close_project
open_project /users/tareelou/git_neural/neural_network_simul_SWM/neural_network_simul.xpr
INFO: [Project 1-313] Project file moved from '/users/tareelou/git_neural/neural_network_simul' since last save.
Scanning sources...
Finished scanning sources
INFO: [IP_Flow 19-234] Refreshing IP repositories
INFO: [IP_Flow 19-1704] No user IP repositories specified
INFO: [IP_Flow 19-2313] Loaded Vivado IP repository '/apps/Xilinx/Vivado/2016.4/data/ip'.
close_project
open_project /users/tareelou/git_neural/neural_network_simul_SWM/neural_network_simul.xpr
INFO: [Project 1-313] Project file moved from '/users/tareelou/git_neural/neural_network_simul' since last save.
Scanning sources...
Finished scanning sources
INFO: [IP_Flow 19-234] Refreshing IP repositories
INFO: [IP_Flow 19-1704] No user IP repositories specified
INFO: [IP_Flow 19-2313] Loaded Vivado IP repository '/apps/Xilinx/Vivado/2016.4/data/ip'.
