#-----------------------------------------------------------
# Vivado v2016.4 (64-bit)
# SW Build 1756540 on Mon Jan 23 19:11:19 MST 2017
# IP Build 1755317 on Mon Jan 23 20:30:07 MST 2017
# Start of session at: Thu Jan 14 15:07:49 2021
# Process ID: 18864
# Current directory: /users/tareelou/git_neural
# Command line: vivado
# Log file: /users/tareelou/git_neural/vivado.log
# Journal file: /users/tareelou/git_neural/vivado.jou
#-----------------------------------------------------------
start_gui
open_project /users/tareelou/neural_network_sfixed/neural_network_sfixed.xpr
Scanning sources...
Finished scanning sources
INFO: [IP_Flow 19-234] Refreshing IP repositories
INFO: [IP_Flow 19-1704] No user IP repositories specified
INFO: [IP_Flow 19-2313] Loaded Vivado IP repository '/apps/Xilinx/Vivado/2016.4/data/ip'.
open_project /users/tareelou/project_1/project_1.xpr
Scanning sources...
Finished scanning sources
WARNING: [filemgmt 56-3] IP Repository Path: Could not find the directory '/users/tareelou/wizard/ip_repo'.
INFO: [IP_Flow 19-234] Refreshing IP repositories
WARNING: [IP_Flow 19-2248] Failed to load user IP repository '/users/tareelou/wizard/ip_repo'; Can't find the specified path.
If this directory should no longer be in your list of user repositories, go to the IP Settings dialog and remove it.
INFO: [IP_Flow 19-1700] Loaded user IP repository '/users/tareelou/ips_for_wizard/pyramid_kp_v1'.
INFO: [IP_Flow 19-1700] Loaded user IP repository '/users/tareelou/ips_for_wizard/fmc_imageon_vita_receiver'.
INFO: [IP_Flow 19-1700] Loaded user IP repository '/users/tareelou/ips_for_wizard/zc702_hdmi_out'.
INFO: [IP_Flow 19-2313] Loaded Vivado IP repository '/apps/Xilinx/Vivado/2016.4/data/ip'.
WARNING: [IP_Flow 19-3664] IP 'design_2_processing_system7_0_0' generated file not found '/users/tareelou/project_1/project_1.srcs/sources_1/bd/design_2/ip/design_2_processing_system7_0_0/sim/libps7.so'. Please regenerate to continue.
WARNING: [IP_Flow 19-3664] IP 'design_2_processing_system7_0_0' generated file not found '/users/tareelou/project_1/project_1.srcs/sources_1/bd/design_2/ip/design_2_processing_system7_0_0/sim/libremoteport.so'. Please regenerate to continue.
INFO: [Common 17-41] Interrupt caught. Command should exit soon.
WARNING: [BD 41-1661] One or more IPs have been locked in the design 'design_2.bd'. Please run report_ip_status for more details and recommendations on how to fix this issue.
List of locked IPs:
design_2_v_cfa_1_0

INFO: [Common 17-344] 'open_project' was cancelled
open_project /users/tareelou/neural_network_simul/neural_network_simul.xpr
Scanning sources...
Finished scanning sources
INFO: [IP_Flow 19-234] Refreshing IP repositories
INFO: [IP_Flow 19-1704] No user IP repositories specified
INFO: [IP_Flow 19-2313] Loaded Vivado IP repository '/apps/Xilinx/Vivado/2016.4/data/ip'.
open_project: Time (s): cpu = 00:00:09 ; elapsed = 00:00:07 . Memory (MB): peak = 6288.156 ; gain = 7.004 ; free physical = 39304 ; free virtual = 78243
close_project
