#
# An unexpected error has occurred (11)
#
Stack:
/lib/x86_64-linux-gnu/libc.so.6(+0x3efd0) [0x7f831c0f1fd0]
/lib/x86_64-linux-gnu/libc.so.6(+0x18e811) [0x7f831c241811]
/lib/x86_64-linux-gnu/libc.so.6(+0x42b59) [0x7f831c0f5b59]
/home/elliot/Vivado/Vivado_2016/Vivado/2016.4/lib/lnx64.o/librdi_common.so(HUTEnv::setEnv(char const*, char const*)+0xe) [0x7f831d234bde]
/home/elliot/Vivado/Vivado_2016/Vivado/2016.4/lib/lnx64.o/librdi_place.so(HAOPAbcJobManager::HAOPAbcJobManager()+0x94f) [0x7f82fa1e94bf]
/home/elliot/Vivado/Vivado_2016/Vivado/2016.4/lib/lnx64.o/librdi_place.so(HAOPAbcOpt::HAOPAbcOpt(std::string, std::string)+0x2a5) [0x7f82fa20e685]
/home/elliot/Vivado/Vivado_2016/Vivado/2016.4/lib/lnx64.o/librdi_place.so(HAOPFlow::resynthesis(std::string, std::set<std::string, std::less<std::string>, std::allocator<std::string> >&, std::string)+0x6d) [0x7f82fa2859cd]
/home/elliot/Vivado/Vivado_2016/Vivado/2016.4/lib/lnx64.o/librdi_place.so(HAOPFlow::doabc(HDPLTask&, std::string, std::string, HANENetlist*, bool, bool)+0xcb) [0x7f82fa285dfb]
/home/elliot/Vivado/Vivado_2016/Vivado/2016.4/lib/lnx64.o/librdi_place.so(HAOPFlow::optDesignMod()+0x5fe) [0x7f82fa28a39e]
/home/elliot/Vivado/Vivado_2016/Vivado/2016.4/lib/lnx64.o/librdi_place.so(HAOPFlow::optimize()+0x1a0) [0x7f82fa28a830]
/home/elliot/Vivado/Vivado_2016/Vivado/2016.4/lib/lnx64.o/librdi_vivadotasks.so(+0x306717) [0x7f82e9535717]
/home/elliot/Vivado/Vivado_2016/Vivado/2016.4/lib/lnx64.o/librdi_vivadotasks.so(+0x308e14) [0x7f82e9537e14]
/home/elliot/Vivado/Vivado_2016/Vivado/2016.4/lib/lnx64.o/librdi_common.so(+0x5f8f37) [0x7f831d1bff37]
/home/elliot/Vivado/Vivado_2016/Vivado/2016.4/lib/lnx64.o/libtcl8.5.so(+0x331f5) [0x7f83180001f5]
/home/elliot/Vivado/Vivado_2016/Vivado/2016.4/lib/lnx64.o/libtcl8.5.so(+0x76bbe) [0x7f8318043bbe]
/home/elliot/Vivado/Vivado_2016/Vivado/2016.4/lib/lnx64.o/libtcl8.5.so(+0x7e767) [0x7f831804b767]
/home/elliot/Vivado/Vivado_2016/Vivado/2016.4/lib/lnx64.o/libtcl8.5.so(TclEvalObjEx+0x77) [0x7f8318002327]
/home/elliot/Vivado/Vivado_2016/Vivado/2016.4/lib/lnx64.o/librdi_commontasks.so(+0x2d0924) [0x7f8313fe6924]
/home/elliot/Vivado/Vivado_2016/Vivado/2016.4/lib/lnx64.o/libtcl8.5.so(+0x331f5) [0x7f83180001f5]
/home/elliot/Vivado/Vivado_2016/Vivado/2016.4/lib/lnx64.o/libtcl8.5.so(+0x34d6b) [0x7f8318001d6b]
/home/elliot/Vivado/Vivado_2016/Vivado/2016.4/lib/lnx64.o/libtcl8.5.so(+0xad531) [0x7f831807a531]
/home/elliot/Vivado/Vivado_2016/Vivado/2016.4/lib/lnx64.o/libtcl8.5.so(+0x3491c) [0x7f831800191c]
/home/elliot/Vivado/Vivado_2016/Vivado/2016.4/lib/lnx64.o/libtcl8.5.so(Tcl_EvalEx+0x16) [0x7f8318002276]
/home/elliot/Vivado/Vivado_2016/Vivado/2016.4/lib/lnx64.o/libtcl8.5.so(Tcl_FSEvalFileEx+0x1d2) [0x7f8318066d02]
/home/elliot/Vivado/Vivado_2016/Vivado/2016.4/lib/lnx64.o/librdi_commontasks.so(+0x2edfb2) [0x7f8314003fb2]
/home/elliot/Vivado/Vivado_2016/Vivado/2016.4/lib/lnx64.o/librdi_common.so(+0x5f8f37) [0x7f831d1bff37]
/home/elliot/Vivado/Vivado_2016/Vivado/2016.4/lib/lnx64.o/libtcl8.5.so(+0x331f5) [0x7f83180001f5]
/home/elliot/Vivado/Vivado_2016/Vivado/2016.4/lib/lnx64.o/libtcl8.5.so(Tcl_EvalObjv+0x32) [0x7f83180007e2]
/home/elliot/Vivado/Vivado_2016/Vivado/2016.4/lib/lnx64.o/libtcl8.5.so(TclEvalObjEx+0x322) [0x7f83180025d2]
/home/elliot/Vivado/Vivado_2016/Vivado/2016.4/lib/lnx64.o/librdi_commontasks.so(+0x30bef9) [0x7f8314021ef9]
/home/elliot/Vivado/Vivado_2016/Vivado/2016.4/lib/lnx64.o/librdi_commontasks.so(+0x304d43) [0x7f831401ad43]
/home/elliot/Vivado/Vivado_2016/Vivado/2016.4/lib/lnx64.o/librdi_common.so(+0x5f8f37) [0x7f831d1bff37]
/home/elliot/Vivado/Vivado_2016/Vivado/2016.4/lib/lnx64.o/libtcl8.5.so(+0x331f5) [0x7f83180001f5]
/home/elliot/Vivado/Vivado_2016/Vivado/2016.4/lib/lnx64.o/libtcl8.5.so(Tcl_EvalObjv+0x32) [0x7f83180007e2]
/home/elliot/Vivado/Vivado_2016/Vivado/2016.4/lib/lnx64.o/libtcl8.5.so(TclEvalObjEx+0x322) [0x7f83180025d2]
/home/elliot/Vivado/Vivado_2016/Vivado/2016.4/lib/lnx64.o/librdi_commonmain.so(+0x6430) [0x7f831c9c2430]
/home/elliot/Vivado/Vivado_2016/Vivado/2016.4/lib/lnx64.o/libtcl8.5.so(Tcl_Main+0x1d5) [0x7f831806d175]
/home/elliot/Vivado/Vivado_2016/Vivado/2016.4/lib/lnx64.o/librdi_common.so(+0x631d09) [0x7f831d1f8d09]
/lib/x86_64-linux-gnu/libpthread.so.0(+0x76db) [0x7f831bafd6db]
/lib/x86_64-linux-gnu/libc.so.6(clone+0x3f) [0x7f831c1d4a3f]
