Vivado Simulator 2016.4
Copyright 1986-1999, 2001-2016 Xilinx, Inc. All Rights Reserved.
Running: /apps/Xilinx/Vivado/2016.4/bin/unwrapped/lnx64.o/xelab -wto 286763c7124d422c9b98bebc3ea7153a --debug typical --relax --mt 8 -L neuronal -L xil_defaultlib -L secureip --snapshot neuro_simul_behav xil_defaultlib.neuro_simul -log elaborate.log 
Using 8 slave threads.
Starting static elaboration
Completed static elaboration
Starting simulation data flow analysis
Completed simulation data flow analysis
Time Resolution for simulation is 1ps
Compiling package std.standard
Compiling package std.textio
Compiling package ieee.std_logic_1164
Compiling package ieee.numeric_std
Compiling package ieee.std_logic_arith
Compiling package ieee.std_logic_signed
Compiling package neuronal.fixed_float_types
Compiling package neuronal.fixed_pkg
Compiling package neuronal.math_real
Compiling package neuronal.float_pkg
Compiling package neuronal.package_type
Compiling architecture neuronfunction of entity xil_defaultlib.neuro_bio [\neuro_bio(size_width=16,nbr_neu...]
Compiling architecture treefunction of entity xil_defaultlib.tree_reduction [\tree_reduction(size_width=16,nb...]
Compiling architecture neuronfunction of entity xil_defaultlib.top_level [top_level_default]
Compiling architecture behavioral of entity xil_defaultlib.neuro_simul
Built simulation snapshot neuro_simul_behav
