#
# An unexpected error has occurred (11)
#
Stack:
/lib/x86_64-linux-gnu/libc.so.6(+0x3f040) [0x7f6eae507040]
/lib/x86_64-linux-gnu/libc.so.6(+0xb1426) [0x7f6eae579426]
/lib/x86_64-linux-gnu/libc.so.6(+0x42bc9) [0x7f6eae50abc9]
/apps/Xilinx/Vivado/2016.4/lib/lnx64.o/librdi_common.so(HUTEnv::setEnv(char const*, char const*)+0xe) [0x7f6eaf65dbde]
/apps/Xilinx/Vivado/2016.4/lib/lnx64.o/librdi_place.so(HAOPAbcJobManager::HAOPAbcJobManager()+0x94f) [0x7f6e8bf924bf]
/apps/Xilinx/Vivado/2016.4/lib/lnx64.o/librdi_place.so(HAOPAbcOpt::HAOPAbcOpt(std::string, std::string)+0x2a5) [0x7f6e8bfb7685]
/apps/Xilinx/Vivado/2016.4/lib/lnx64.o/librdi_place.so(HAOPFlow::resynthesis(std::string, std::set<std::string, std::less<std::string>, std::allocator<std::string> >&, std::string)+0x6d) [0x7f6e8c02e9cd]
/apps/Xilinx/Vivado/2016.4/lib/lnx64.o/librdi_place.so(HAOPFlow::doabc(HDPLTask&, std::string, std::string, HANENetlist*, bool, bool)+0xcb) [0x7f6e8c02edfb]
/apps/Xilinx/Vivado/2016.4/lib/lnx64.o/librdi_place.so(HAOPFlow::optDesignMod()+0x5fe) [0x7f6e8c03339e]
/apps/Xilinx/Vivado/2016.4/lib/lnx64.o/librdi_place.so(HAOPFlow::optimize()+0x1a0) [0x7f6e8c033830]
/apps/Xilinx/Vivado/2016.4/lib/lnx64.o/librdi_vivadotasks.so(+0x306717) [0x7f6e7b266717]
/apps/Xilinx/Vivado/2016.4/lib/lnx64.o/librdi_vivadotasks.so(+0x308e14) [0x7f6e7b268e14]
/apps/Xilinx/Vivado/2016.4/lib/lnx64.o/librdi_common.so(+0x5f8f37) [0x7f6eaf5e8f37]
/apps/Xilinx/Vivado/2016.4/lib/lnx64.o/libtcl8.5.so(+0x331f5) [0x7f6eaa3d31f5]
/apps/Xilinx/Vivado/2016.4/lib/lnx64.o/libtcl8.5.so(+0x76bbe) [0x7f6eaa416bbe]
/apps/Xilinx/Vivado/2016.4/lib/lnx64.o/libtcl8.5.so(+0x7e767) [0x7f6eaa41e767]
/apps/Xilinx/Vivado/2016.4/lib/lnx64.o/libtcl8.5.so(TclEvalObjEx+0x77) [0x7f6eaa3d5327]
/apps/Xilinx/Vivado/2016.4/lib/lnx64.o/librdi_commontasks.so(+0x2d0924) [0x7f6ea5df8924]
/apps/Xilinx/Vivado/2016.4/lib/lnx64.o/libtcl8.5.so(+0x331f5) [0x7f6eaa3d31f5]
/apps/Xilinx/Vivado/2016.4/lib/lnx64.o/libtcl8.5.so(+0x34d6b) [0x7f6eaa3d4d6b]
/apps/Xilinx/Vivado/2016.4/lib/lnx64.o/libtcl8.5.so(+0xad531) [0x7f6eaa44d531]
/apps/Xilinx/Vivado/2016.4/lib/lnx64.o/libtcl8.5.so(+0x3491c) [0x7f6eaa3d491c]
/apps/Xilinx/Vivado/2016.4/lib/lnx64.o/libtcl8.5.so(Tcl_EvalEx+0x16) [0x7f6eaa3d5276]
/apps/Xilinx/Vivado/2016.4/lib/lnx64.o/libtcl8.5.so(Tcl_FSEvalFileEx+0x1d2) [0x7f6eaa439d02]
/apps/Xilinx/Vivado/2016.4/lib/lnx64.o/librdi_commontasks.so(+0x2edfb2) [0x7f6ea5e15fb2]
/apps/Xilinx/Vivado/2016.4/lib/lnx64.o/librdi_common.so(+0x5f8f37) [0x7f6eaf5e8f37]
/apps/Xilinx/Vivado/2016.4/lib/lnx64.o/libtcl8.5.so(+0x331f5) [0x7f6eaa3d31f5]
/apps/Xilinx/Vivado/2016.4/lib/lnx64.o/libtcl8.5.so(Tcl_EvalObjv+0x32) [0x7f6eaa3d37e2]
/apps/Xilinx/Vivado/2016.4/lib/lnx64.o/libtcl8.5.so(TclEvalObjEx+0x322) [0x7f6eaa3d55d2]
/apps/Xilinx/Vivado/2016.4/lib/lnx64.o/librdi_commontasks.so(+0x30bef9) [0x7f6ea5e33ef9]
/apps/Xilinx/Vivado/2016.4/lib/lnx64.o/librdi_commontasks.so(+0x304d43) [0x7f6ea5e2cd43]
/apps/Xilinx/Vivado/2016.4/lib/lnx64.o/librdi_common.so(+0x5f8f37) [0x7f6eaf5e8f37]
/apps/Xilinx/Vivado/2016.4/lib/lnx64.o/libtcl8.5.so(+0x331f5) [0x7f6eaa3d31f5]
/apps/Xilinx/Vivado/2016.4/lib/lnx64.o/libtcl8.5.so(Tcl_EvalObjv+0x32) [0x7f6eaa3d37e2]
/apps/Xilinx/Vivado/2016.4/lib/lnx64.o/libtcl8.5.so(TclEvalObjEx+0x322) [0x7f6eaa3d55d2]
/apps/Xilinx/Vivado/2016.4/lib/lnx64.o/librdi_commonmain.so(+0x6430) [0x7f6eaede6430]
/apps/Xilinx/Vivado/2016.4/lib/lnx64.o/libtcl8.5.so(Tcl_Main+0x1d5) [0x7f6eaa440175]
/apps/Xilinx/Vivado/2016.4/lib/lnx64.o/librdi_common.so(+0x631d09) [0x7f6eaf621d09]
/lib/x86_64-linux-gnu/libpthread.so.0(+0x76db) [0x7f6eadf0f6db]
/lib/x86_64-linux-gnu/libc.so.6(clone+0x3f) [0x7f6eae5e971f]
