
*** Running vivado
    with args -log top_level.vdi -applog -m64 -product Vivado -messageDb vivado.pb -mode batch -source top_level.tcl -notrace


****** Vivado v2016.4 (64-bit)
  **** SW Build 1756540 on Mon Jan 23 19:11:19 MST 2017
  **** IP Build 1755317 on Mon Jan 23 20:30:07 MST 2017
    ** Copyright 1986-2016 Xilinx, Inc. All Rights Reserved.

source top_level.tcl -notrace
Design is defaulting to srcset: sources_1
Design is defaulting to constrset: constrs_1
INFO: [Netlist 29-17] Analyzing 21539 Unisim elements for replacement
INFO: [Netlist 29-28] Unisim Transformation completed in 0 CPU seconds
WARNING: [Netlist 29-101] Netlist 'top_level' is not ideal for floorplanning, since the cellview 'tree_reduction' contains a large number of primitives.  Please consider enabling hierarchy in synthesis if you want to do floorplanning.
INFO: [Project 1-479] Netlist was created with Vivado 2016.4
INFO: [Device 21-403] Loading part xc7z045ffg900-2
INFO: [Project 1-570] Preparing netlist for logic optimization
Parsing XDC File [/users/tareelou/git_neural/neural_network_simul/neural_network_simul.srcs/constrs_1/new/top_constraints.xdc]
CRITICAL WARNING: [Vivado 12-2272] Clock names may not contain wildcard characters, as it confuses tcl. Skipping 'VecOut_mux[*]' [/users/tareelou/git_neural/neural_network_simul/neural_network_simul.srcs/constrs_1/new/top_constraints.xdc:2]
CRITICAL WARNING: [Vivado 12-2272] Clock names may not contain wildcard characters, as it confuses tcl. Skipping 'pixel[*]' [/users/tareelou/git_neural/neural_network_simul/neural_network_simul.srcs/constrs_1/new/top_constraints.xdc:3]
CRITICAL WARNING: [Vivado 12-2272] Clock names may not contain wildcard characters, as it confuses tcl. Skipping 'weight[*]' [/users/tareelou/git_neural/neural_network_simul/neural_network_simul.srcs/constrs_1/new/top_constraints.xdc:4]
INFO: [Timing 38-35] Done setting XDC timing constraints. [/users/tareelou/git_neural/neural_network_simul/neural_network_simul.srcs/constrs_1/new/top_constraints.xdc:7]
get_clocks: Time (s): cpu = 00:01:05 ; elapsed = 00:00:32 . Memory (MB): peak = 2804.734 ; gain = 775.281 ; free physical = 100963 ; free virtual = 108995
Finished Parsing XDC File [/users/tareelou/git_neural/neural_network_simul/neural_network_simul.srcs/constrs_1/new/top_constraints.xdc]
INFO: [Opt 31-138] Pushed 0 inverter(s) to 0 load pin(s).
INFO: [Project 1-111] Unisim Transformation Summary:
No Unisim elements were transformed.

link_design: Time (s): cpu = 00:02:40 ; elapsed = 00:01:53 . Memory (MB): peak = 2804.734 ; gain = 1798.375 ; free physical = 101012 ; free virtual = 108977
INFO: [Vivado_Tcl 4-424] Cannot write hardware definition file as there are no IPI block design hardware handoff files present
Command: opt_design
Attempting to get a license for feature 'Implementation' and/or device 'xc7z045'
INFO: [Common 17-349] Got license for feature 'Implementation' and/or device 'xc7z045'
INFO: [Common 17-1223] The version limit for your license is '2019.01' and will expire in -684 days. A version limit expiration means that, although you may be able to continue to use the current version of tools or IP with this license, you will not be eligible for any updates or new releases.
Running DRC as a precondition to command opt_design

Starting DRC Task
INFO: [DRC 23-27] Running DRC with 8 threads
INFO: [Project 1-461] DRC finished with 0 Errors
INFO: [Project 1-462] Please refer to the DRC report (report_drc) for more information.

Time (s): cpu = 00:00:08 ; elapsed = 00:00:03 . Memory (MB): peak = 2876.770 ; gain = 64.031 ; free physical = 101021 ; free virtual = 108986
INFO: [Timing 38-35] Done setting XDC timing constraints.

Starting Logic Optimization Task
Implement Debug Cores | Checksum: bc1c4081

Phase 1 Retarget
INFO: [Opt 31-138] Pushed 0 inverter(s) to 0 load pin(s).
INFO: [Opt 31-49] Retargeted 0 cell(s).
Phase 1 Retarget | Checksum: 15d440e31

Time (s): cpu = 00:00:20 ; elapsed = 00:00:20 . Memory (MB): peak = 2876.770 ; gain = 0.000 ; free physical = 101009 ; free virtual = 108974

Phase 2 Constant propagation
INFO: [Opt 31-138] Pushed 0 inverter(s) to 0 load pin(s).
INFO: [Opt 31-10] Eliminated 316176 cells.
Phase 2 Constant propagation | Checksum: 84e74a07

Time (s): cpu = 00:35:44 ; elapsed = 00:35:46 . Memory (MB): peak = 2876.770 ; gain = 0.000 ; free physical = 100922 ; free virtual = 109060

Phase 3 Sweep
INFO: [Opt 31-12] Eliminated 468218 unconnected nets.
INFO: [Opt 31-11] Eliminated 173194 unconnected cells.
Phase 3 Sweep | Checksum: f1ceba6f

Time (s): cpu = 00:36:22 ; elapsed = 00:36:24 . Memory (MB): peak = 2876.770 ; gain = 0.000 ; free physical = 100295 ; free virtual = 108357

Phase 4 BUFG optimization
INFO: [Opt 31-12] Eliminated 0 unconnected nets.
INFO: [Opt 31-11] Eliminated 0 unconnected cells.
Phase 4 BUFG optimization | Checksum: f1ceba6f

Time (s): cpu = 00:36:29 ; elapsed = 00:36:31 . Memory (MB): peak = 2876.770 ; gain = 0.000 ; free physical = 100196 ; free virtual = 108258

Starting Connectivity Check Task

Time (s): cpu = 00:00:00.58 ; elapsed = 00:00:00.61 . Memory (MB): peak = 2876.770 ; gain = 0.000 ; free physical = 100175 ; free virtual = 108236
Ending Logic Optimization Task | Checksum: f1ceba6f

Time (s): cpu = 00:36:30 ; elapsed = 00:36:33 . Memory (MB): peak = 2876.770 ; gain = 0.000 ; free physical = 100066 ; free virtual = 108128

Starting Power Optimization Task
INFO: [Pwropt 34-132] Skipping clock gating for clocks with a period < 2.00 ns.
Ending Power Optimization Task | Checksum: f1ceba6f

Time (s): cpu = 00:00:00.23 ; elapsed = 00:00:00.23 . Memory (MB): peak = 2876.770 ; gain = 0.000 ; free physical = 100010 ; free virtual = 108071
INFO: [Common 17-83] Releasing license: Implementation
25 Infos, 1 Warnings, 3 Critical Warnings and 0 Errors encountered.
opt_design completed successfully
opt_design: Time (s): cpu = 00:37:27 ; elapsed = 00:36:52 . Memory (MB): peak = 2876.770 ; gain = 72.035 ; free physical = 100005 ; free virtual = 108067
INFO: [Common 17-1381] The checkpoint '/users/tareelou/git_neural/neural_network_simul/neural_network_simul.runs/imple_245/top_level_opt.dcp' has been generated.
write_checkpoint: Time (s): cpu = 00:00:16 ; elapsed = 00:00:12 . Memory (MB): peak = 2876.770 ; gain = 0.000 ; free physical = 99438 ; free virtual = 107585
INFO: [DRC 23-27] Running DRC with 8 threads
INFO: [Coretcl 2-168] The results of DRC are in file /users/tareelou/git_neural/neural_network_simul/neural_network_simul.runs/imple_245/top_level_drc_opted.rpt.
report_drc: Time (s): cpu = 00:00:17 ; elapsed = 00:00:07 . Memory (MB): peak = 2876.770 ; gain = 0.000 ; free physical = 99477 ; free virtual = 107564
INFO: [Chipscope 16-241] No debug cores found in the current design.
Before running the implement_debug_core command, either use the Set Up Debug wizard (GUI mode)
or use the create_debug_core and connect_debug_core Tcl commands to insert debug cores into the design.
Command: place_design -directive SSI_SpreadLogic_high
Attempting to get a license for feature 'Implementation' and/or device 'xc7z045'
INFO: [Common 17-349] Got license for feature 'Implementation' and/or device 'xc7z045'
INFO: [Common 17-1223] The version limit for your license is '2019.01' and will expire in -684 days. A version limit expiration means that, although you may be able to continue to use the current version of tools or IP with this license, you will not be eligible for any updates or new releases.
INFO: [DRC 23-27] Running DRC with 8 threads
INFO: [Vivado_Tcl 4-198] DRC finished with 0 Errors
INFO: [Vivado_Tcl 4-199] Please refer to the DRC report (report_drc) for more information.
Running DRC as a precondition to command place_design
INFO: [DRC 23-27] Running DRC with 8 threads
INFO: [Vivado_Tcl 4-198] DRC finished with 0 Errors
INFO: [Vivado_Tcl 4-199] Please refer to the DRC report (report_drc) for more information.

Starting Placer Task
INFO: [Place 46-5] The placer was invoked with the 'SSI_SpreadLogic_high' directive.
INFO: [Place 30-611] Multithreading enabled for place_design using a maximum of 8 CPUs

Phase 1 Placer Initialization
Netlist sorting complete. Time (s): cpu = 00:00:00.17 ; elapsed = 00:00:00.20 . Memory (MB): peak = 2876.770 ; gain = 0.000 ; free physical = 99469 ; free virtual = 107555
Netlist sorting complete. Time (s): cpu = 00:00:00.16 ; elapsed = 00:00:00.17 . Memory (MB): peak = 2876.770 ; gain = 0.000 ; free physical = 99470 ; free virtual = 107556

Phase 1.1 IO Placement/ Clock Placement/ Build Placer Device
INFO: [Timing 38-35] Done setting XDC timing constraints.
Phase 1.1 IO Placement/ Clock Placement/ Build Placer Device | Checksum: 10ab7b3a5

Time (s): cpu = 00:00:37 ; elapsed = 00:00:20 . Memory (MB): peak = 2876.770 ; gain = 0.000 ; free physical = 99120 ; free virtual = 107277

Phase 1.2 Build Placer Netlist Model
INFO: [Place 30-896] Complex timing constraints detected. Disabling fast timing updates
Phase 1.2 Build Placer Netlist Model | Checksum: 14d8768b8

Time (s): cpu = 00:01:20 ; elapsed = 00:00:40 . Memory (MB): peak = 2876.770 ; gain = 0.000 ; free physical = 99097 ; free virtual = 107197

Phase 1.3 Constrain Clocks/Macros
Phase 1.3 Constrain Clocks/Macros | Checksum: 14d8768b8

Time (s): cpu = 00:01:20 ; elapsed = 00:00:40 . Memory (MB): peak = 2876.770 ; gain = 0.000 ; free physical = 99097 ; free virtual = 107197
Phase 1 Placer Initialization | Checksum: 14d8768b8

Time (s): cpu = 00:01:21 ; elapsed = 00:00:40 . Memory (MB): peak = 2876.770 ; gain = 0.000 ; free physical = 99096 ; free virtual = 107196

Phase 2 Global Placement
Phase 2 Global Placement | Checksum: 1ccfd1b82

Time (s): cpu = 00:02:33 ; elapsed = 00:01:13 . Memory (MB): peak = 2939.824 ; gain = 63.055 ; free physical = 98990 ; free virtual = 107192

Phase 3 Detail Placement

Phase 3.1 Commit Multi Column Macros
Phase 3.1 Commit Multi Column Macros | Checksum: 1ccfd1b82

Time (s): cpu = 00:02:35 ; elapsed = 00:01:13 . Memory (MB): peak = 2939.824 ; gain = 63.055 ; free physical = 98988 ; free virtual = 107191

Phase 3.2 Commit Most Macros & LUTRAMs
Phase 3.2 Commit Most Macros & LUTRAMs | Checksum: 135184b19

Time (s): cpu = 00:03:00 ; elapsed = 00:01:32 . Memory (MB): peak = 2939.824 ; gain = 63.055 ; free physical = 99020 ; free virtual = 107181

Phase 3.3 Area Swap Optimization
Phase 3.3 Area Swap Optimization | Checksum: cd7feb31

Time (s): cpu = 00:03:02 ; elapsed = 00:01:33 . Memory (MB): peak = 2939.824 ; gain = 63.055 ; free physical = 98994 ; free virtual = 107176

Phase 3.4 Pipeline Register Optimization
Phase 3.4 Pipeline Register Optimization | Checksum: cd7feb31

Time (s): cpu = 00:03:02 ; elapsed = 00:01:33 . Memory (MB): peak = 2939.824 ; gain = 63.055 ; free physical = 98986 ; free virtual = 107176

Phase 3.5 Timing Path Optimizer
Phase 3.5 Timing Path Optimizer | Checksum: e38a0f91

Time (s): cpu = 00:03:07 ; elapsed = 00:01:35 . Memory (MB): peak = 2939.824 ; gain = 63.055 ; free physical = 98961 ; free virtual = 107177

Phase 3.6 Small Shape Detail Placement
Phase 3.6 Small Shape Detail Placement | Checksum: 23243e5b3

Time (s): cpu = 00:03:34 ; elapsed = 00:02:01 . Memory (MB): peak = 2939.824 ; gain = 63.055 ; free physical = 98977 ; free virtual = 107168

Phase 3.7 Re-assign LUT pins
Phase 3.7 Re-assign LUT pins | Checksum: 22b958315

Time (s): cpu = 00:03:42 ; elapsed = 00:02:08 . Memory (MB): peak = 2939.824 ; gain = 63.055 ; free physical = 98874 ; free virtual = 107065

Phase 3.8 Pipeline Register Optimization
Phase 3.8 Pipeline Register Optimization | Checksum: 22b958315

Time (s): cpu = 00:03:44 ; elapsed = 00:02:09 . Memory (MB): peak = 2939.824 ; gain = 63.055 ; free physical = 98871 ; free virtual = 107062
Phase 3 Detail Placement | Checksum: 22b958315

Time (s): cpu = 00:03:45 ; elapsed = 00:02:10 . Memory (MB): peak = 2939.824 ; gain = 63.055 ; free physical = 98857 ; free virtual = 107054

Phase 4 Post Placement Optimization and Clean-Up

Phase 4.1 Post Commit Optimization

Phase 4.1.1 Post Placement Optimization
INFO: [Place 30-746] Post Placement Timing Summary WNS=1.514. For the most accurate timing information please run report_timing.
Phase 4.1.1 Post Placement Optimization | Checksum: 1ab086148

Time (s): cpu = 00:04:35 ; elapsed = 00:02:28 . Memory (MB): peak = 2939.824 ; gain = 63.055 ; free physical = 101331 ; free virtual = 109610
Phase 4.1 Post Commit Optimization | Checksum: 1ab086148

Time (s): cpu = 00:04:37 ; elapsed = 00:02:30 . Memory (MB): peak = 2939.824 ; gain = 63.055 ; free physical = 101300 ; free virtual = 109579

Phase 4.2 Post Placement Cleanup
Phase 4.2 Post Placement Cleanup | Checksum: 1ab086148

Time (s): cpu = 00:04:39 ; elapsed = 00:02:31 . Memory (MB): peak = 2939.824 ; gain = 63.055 ; free physical = 101048 ; free virtual = 109327

Phase 4.3 Placer Reporting
Phase 4.3 Placer Reporting | Checksum: 1ab086148

Time (s): cpu = 00:04:40 ; elapsed = 00:02:32 . Memory (MB): peak = 2939.824 ; gain = 63.055 ; free physical = 100885 ; free virtual = 109164

Phase 4.4 Final Placement Cleanup
Phase 4.4 Final Placement Cleanup | Checksum: 21b6645e9

Time (s): cpu = 00:04:41 ; elapsed = 00:02:33 . Memory (MB): peak = 2939.824 ; gain = 63.055 ; free physical = 100776 ; free virtual = 109055
Phase 4 Post Placement Optimization and Clean-Up | Checksum: 21b6645e9

Time (s): cpu = 00:04:41 ; elapsed = 00:02:34 . Memory (MB): peak = 2939.824 ; gain = 63.055 ; free physical = 100649 ; free virtual = 108928
Ending Placer Task | Checksum: 129d0a35b

Time (s): cpu = 00:04:42 ; elapsed = 00:02:34 . Memory (MB): peak = 2939.824 ; gain = 63.055 ; free physical = 100566 ; free virtual = 108848
INFO: [Common 17-83] Releasing license: Implementation
43 Infos, 1 Warnings, 3 Critical Warnings and 0 Errors encountered.
place_design completed successfully
place_design: Time (s): cpu = 00:04:59 ; elapsed = 00:02:43 . Memory (MB): peak = 2939.824 ; gain = 63.055 ; free physical = 100536 ; free virtual = 108823
Writing placer database...
Writing XDEF routing.
Writing XDEF routing logical nets.
Writing XDEF routing special nets.
Write XDEF Complete: Time (s): cpu = 00:00:19 ; elapsed = 00:00:07 . Memory (MB): peak = 2939.824 ; gain = 0.000 ; free physical = 99970 ; free virtual = 108412
INFO: [Common 17-1381] The checkpoint '/users/tareelou/git_neural/neural_network_simul/neural_network_simul.runs/imple_245/top_level_placed.dcp' has been generated.
write_checkpoint: Time (s): cpu = 00:00:25 ; elapsed = 00:00:13 . Memory (MB): peak = 2939.824 ; gain = 0.000 ; free physical = 102699 ; free virtual = 111010
report_io: Time (s): cpu = 00:00:00.46 ; elapsed = 00:00:00.62 . Memory (MB): peak = 2939.824 ; gain = 0.000 ; free physical = 102695 ; free virtual = 111004
report_utilization: Time (s): cpu = 00:00:00.89 ; elapsed = 00:00:01 . Memory (MB): peak = 2939.824 ; gain = 0.000 ; free physical = 102614 ; free virtual = 110924
report_control_sets: Time (s): cpu = 00:00:00.17 ; elapsed = 00:00:00.31 . Memory (MB): peak = 2939.824 ; gain = 0.000 ; free physical = 102582 ; free virtual = 110892
Command: phys_opt_design -directive AggressiveExplore
Attempting to get a license for feature 'Implementation' and/or device 'xc7z045'
INFO: [Common 17-349] Got license for feature 'Implementation' and/or device 'xc7z045'
INFO: [Common 17-1223] The version limit for your license is '2019.01' and will expire in -684 days. A version limit expiration means that, although you may be able to continue to use the current version of tools or IP with this license, you will not be eligible for any updates or new releases.
INFO: [Vivado_Tcl 4-137] Directive used for phys_opt_design is: AggressiveExplore
Netlist sorting complete. Time (s): cpu = 00:00:00.21 ; elapsed = 00:00:00.21 . Memory (MB): peak = 2939.824 ; gain = 0.000 ; free physical = 102534 ; free virtual = 110844

Starting Physical Synthesis Task

Phase 1 Physical Synthesis Initialization
INFO: [Physopt 32-721] Multithreading enabled for phys_opt_design using a maximum of 8 CPUs
Phase 1 Physical Synthesis Initialization | Checksum: 68c96228

Time (s): cpu = 00:00:53 ; elapsed = 00:00:16 . Memory (MB): peak = 2939.824 ; gain = 0.000 ; free physical = 101529 ; free virtual = 109906
INFO: [Vivado_Tcl 4-383] Design worst setup slack (WNS) is greater than or equal to 0.500 ns. Skipping all physical synthesis optimizations.
INFO: [Vivado_Tcl 4-232] No setup violation found. The netlist was not modified.
Ending Physical Synthesis Task | Checksum: d5c8808b

Time (s): cpu = 00:00:57 ; elapsed = 00:00:20 . Memory (MB): peak = 2939.824 ; gain = 0.000 ; free physical = 101495 ; free virtual = 109871
INFO: [Common 17-83] Releasing license: Implementation
51 Infos, 1 Warnings, 3 Critical Warnings and 0 Errors encountered.
phys_opt_design completed successfully
phys_opt_design: Time (s): cpu = 00:00:59 ; elapsed = 00:00:22 . Memory (MB): peak = 2939.824 ; gain = 0.000 ; free physical = 101491 ; free virtual = 109868
Writing placer database...
Writing XDEF routing.
Writing XDEF routing logical nets.
Writing XDEF routing special nets.
Write XDEF Complete: Time (s): cpu = 00:00:20 ; elapsed = 00:00:07 . Memory (MB): peak = 2939.824 ; gain = 0.000 ; free physical = 101283 ; free virtual = 109729
INFO: [Common 17-1381] The checkpoint '/users/tareelou/git_neural/neural_network_simul/neural_network_simul.runs/imple_245/top_level_physopt.dcp' has been generated.
write_checkpoint: Time (s): cpu = 00:00:25 ; elapsed = 00:00:13 . Memory (MB): peak = 2939.824 ; gain = 0.000 ; free physical = 101243 ; free virtual = 109634
Command: route_design -directive AlternateCLBRouting
Attempting to get a license for feature 'Implementation' and/or device 'xc7z045'
INFO: [Common 17-349] Got license for feature 'Implementation' and/or device 'xc7z045'
INFO: [Common 17-1223] The version limit for your license is '2019.01' and will expire in -684 days. A version limit expiration means that, although you may be able to continue to use the current version of tools or IP with this license, you will not be eligible for any updates or new releases.
Running DRC as a precondition to command route_design
INFO: [DRC 23-27] Running DRC with 8 threads
INFO: [Vivado_Tcl 4-198] DRC finished with 0 Errors
INFO: [Vivado_Tcl 4-199] Please refer to the DRC report (report_drc) for more information.


Starting Routing Task
INFO: [Route 35-270] Using Router directive 'AlternateCLBRouting'.
INFO: [Route 35-254] Multithreading enabled for route_design using a maximum of 8 CPUs
Checksum: PlaceDB: b2150d45 ConstDB: 0 ShapeSum: e766441 RouteDB: 0

Phase 1 Build RT Design
Phase 1 Build RT Design | Checksum: d366a443

Time (s): cpu = 00:02:09 ; elapsed = 00:01:32 . Memory (MB): peak = 2939.824 ; gain = 0.000 ; free physical = 97502 ; free virtual = 105854

Phase 2 Router Initialization

Phase 2.1 Create Timer
Phase 2.1 Create Timer | Checksum: d366a443

Time (s): cpu = 00:02:11 ; elapsed = 00:01:35 . Memory (MB): peak = 2939.824 ; gain = 0.000 ; free physical = 97554 ; free virtual = 105844

Phase 2.2 Fix Topology Constraints
Phase 2.2 Fix Topology Constraints | Checksum: d366a443

Time (s): cpu = 00:02:12 ; elapsed = 00:01:36 . Memory (MB): peak = 2939.824 ; gain = 0.000 ; free physical = 97495 ; free virtual = 105786

Phase 2.3 Pre Route Cleanup
Phase 2.3 Pre Route Cleanup | Checksum: d366a443

Time (s): cpu = 00:02:12 ; elapsed = 00:01:36 . Memory (MB): peak = 2939.824 ; gain = 0.000 ; free physical = 97507 ; free virtual = 105797
 Number of Nodes with overlaps = 0

Phase 2.4 Update Timing
Phase 2.4 Update Timing | Checksum: cf4b7de2

Time (s): cpu = 00:03:09 ; elapsed = 00:01:54 . Memory (MB): peak = 2979.566 ; gain = 39.742 ; free physical = 97278 ; free virtual = 105568
INFO: [Route 35-416] Intermediate Timing Summary | WNS=2.880  | TNS=0.000  | WHS=22.136 | THS=0.000  |

Phase 2 Router Initialization | Checksum: 44a6d765

Time (s): cpu = 00:03:38 ; elapsed = 00:02:00 . Memory (MB): peak = 2979.566 ; gain = 39.742 ; free physical = 97275 ; free virtual = 105575

Phase 3 Initial Routing
Phase 3 Initial Routing | Checksum: f9008186

Time (s): cpu = 00:06:26 ; elapsed = 00:02:50 . Memory (MB): peak = 3821.566 ; gain = 881.742 ; free physical = 98595 ; free virtual = 107016

Phase 4 Rip-up And Reroute

Phase 4.1 Global Iteration 0
 Number of Nodes with overlaps = 11074
 Number of Nodes with overlaps = 271
 Number of Nodes with overlaps = 0

Phase 4.1.1 Update Timing
Phase 4.1.1 Update Timing | Checksum: 1e5e13b5c

Time (s): cpu = 00:08:22 ; elapsed = 00:03:27 . Memory (MB): peak = 3821.566 ; gain = 881.742 ; free physical = 98220 ; free virtual = 106726
INFO: [Route 35-416] Intermediate Timing Summary | WNS=0.366  | TNS=0.000  | WHS=N/A    | THS=N/A    |

Phase 4.1 Global Iteration 0 | Checksum: 12825bb35

Time (s): cpu = 00:08:23 ; elapsed = 00:03:27 . Memory (MB): peak = 3821.566 ; gain = 881.742 ; free physical = 98194 ; free virtual = 106709
Phase 4 Rip-up And Reroute | Checksum: 12825bb35

Time (s): cpu = 00:08:23 ; elapsed = 00:03:28 . Memory (MB): peak = 3821.566 ; gain = 881.742 ; free physical = 98173 ; free virtual = 106687

Phase 5 Delay and Skew Optimization

Phase 5.1 Delay CleanUp
Phase 5.1 Delay CleanUp | Checksum: 12825bb35

Time (s): cpu = 00:08:24 ; elapsed = 00:03:28 . Memory (MB): peak = 3821.566 ; gain = 881.742 ; free physical = 98185 ; free virtual = 106699

Phase 5.2 Clock Skew Optimization
Phase 5.2 Clock Skew Optimization | Checksum: 12825bb35

Time (s): cpu = 00:08:25 ; elapsed = 00:03:28 . Memory (MB): peak = 3821.566 ; gain = 881.742 ; free physical = 98183 ; free virtual = 106698
Phase 5 Delay and Skew Optimization | Checksum: 12825bb35

Time (s): cpu = 00:08:25 ; elapsed = 00:03:28 . Memory (MB): peak = 3821.566 ; gain = 881.742 ; free physical = 98176 ; free virtual = 106691

Phase 6 Post Hold Fix

Phase 6.1 Hold Fix Iter

Phase 6.1.1 Update Timing
Phase 6.1.1 Update Timing | Checksum: 14fe6b801

Time (s): cpu = 00:08:32 ; elapsed = 00:03:31 . Memory (MB): peak = 3821.566 ; gain = 881.742 ; free physical = 98138 ; free virtual = 106659
INFO: [Route 35-416] Intermediate Timing Summary | WNS=0.366  | TNS=0.000  | WHS=22.203 | THS=0.000  |

Phase 6.1 Hold Fix Iter | Checksum: 14fe6b801

Time (s): cpu = 00:08:32 ; elapsed = 00:03:31 . Memory (MB): peak = 3821.566 ; gain = 881.742 ; free physical = 98133 ; free virtual = 106657
Phase 6 Post Hold Fix | Checksum: 14fe6b801

Time (s): cpu = 00:08:33 ; elapsed = 00:03:32 . Memory (MB): peak = 3821.566 ; gain = 881.742 ; free physical = 98132 ; free virtual = 106657

Phase 7 Timing Verification

Phase 7.1 Update Timing
Phase 7.1 Update Timing | Checksum: 180b72010

Time (s): cpu = 00:08:48 ; elapsed = 00:03:35 . Memory (MB): peak = 3821.566 ; gain = 881.742 ; free physical = 98161 ; free virtual = 106608
INFO: [Route 35-416] Intermediate Timing Summary | WNS=0.366  | TNS=0.000  | WHS=N/A    | THS=N/A    |

Phase 7 Timing Verification | Checksum: 180b72010

Time (s): cpu = 00:08:48 ; elapsed = 00:03:35 . Memory (MB): peak = 3821.566 ; gain = 881.742 ; free physical = 98160 ; free virtual = 106607

Phase 8 Route finalize

Router Utilization Summary
  Global Vertical Routing Utilization    = 5.43503 %
  Global Horizontal Routing Utilization  = 7.75226 %
  Routable Net Status*
  *Does not include unroutable nets such as driverless and loadless.
  Run report_route_status for detailed report.
  Number of Failed Nets               = 0
  Number of Unrouted Nets             = 0
  Number of Partially Routed Nets     = 0
  Number of Node Overlaps             = 0

Phase 8 Route finalize | Checksum: 180b72010

Time (s): cpu = 00:08:51 ; elapsed = 00:03:36 . Memory (MB): peak = 3821.566 ; gain = 881.742 ; free physical = 98161 ; free virtual = 106608

Phase 9 Verifying routed nets

 Verification completed successfully
Phase 9 Verifying routed nets | Checksum: 180b72010

Time (s): cpu = 00:08:51 ; elapsed = 00:03:36 . Memory (MB): peak = 3821.566 ; gain = 881.742 ; free physical = 98161 ; free virtual = 106608

Phase 10 Depositing Routes
Phase 10 Depositing Routes | Checksum: 11f90b411

Time (s): cpu = 00:09:00 ; elapsed = 00:03:45 . Memory (MB): peak = 3821.566 ; gain = 881.742 ; free physical = 100913 ; free virtual = 109366

Phase 11 Post Router Timing
INFO: [Route 35-20] Post Routing Timing Summary | WNS=0.381  | TNS=0.000  | WHS=22.204 | THS=0.000  |

INFO: [Route 35-61] The design met the timing requirement.
Phase 11 Post Router Timing | Checksum: 10be79fbd

Time (s): cpu = 00:09:52 ; elapsed = 00:04:03 . Memory (MB): peak = 3821.566 ; gain = 881.742 ; free physical = 100131 ; free virtual = 108651
INFO: [Route 35-16] Router Completed Successfully

Time (s): cpu = 00:09:53 ; elapsed = 00:04:04 . Memory (MB): peak = 3821.566 ; gain = 881.742 ; free physical = 100103 ; free virtual = 108623

Routing Is Done.
INFO: [Common 17-83] Releasing license: Implementation
67 Infos, 1 Warnings, 3 Critical Warnings and 0 Errors encountered.
route_design completed successfully
route_design: Time (s): cpu = 00:10:11 ; elapsed = 00:04:12 . Memory (MB): peak = 3821.566 ; gain = 881.742 ; free physical = 100103 ; free virtual = 108623
Writing placer database...
Writing XDEF routing.
Writing XDEF routing logical nets.
Writing XDEF routing special nets.
Write XDEF Complete: Time (s): cpu = 00:00:21 ; elapsed = 00:00:08 . Memory (MB): peak = 3821.566 ; gain = 0.000 ; free physical = 99541 ; free virtual = 108147
INFO: [Common 17-1381] The checkpoint '/users/tareelou/git_neural/neural_network_simul/neural_network_simul.runs/imple_245/top_level_routed.dcp' has been generated.
write_checkpoint: Time (s): cpu = 00:00:26 ; elapsed = 00:00:14 . Memory (MB): peak = 3821.566 ; gain = 0.000 ; free physical = 99050 ; free virtual = 107590
INFO: [DRC 23-27] Running DRC with 8 threads
INFO: [Coretcl 2-168] The results of DRC are in file /users/tareelou/git_neural/neural_network_simul/neural_network_simul.runs/imple_245/top_level_drc_routed.rpt.
report_drc: Time (s): cpu = 00:00:32 ; elapsed = 00:00:11 . Memory (MB): peak = 3853.582 ; gain = 32.016 ; free physical = 98368 ; free virtual = 106914
INFO: [Timing 38-35] Done setting XDC timing constraints.
INFO: [DRC 23-133] Running Methodology with 8 threads
INFO: [Coretcl 2-1520] The results of Report Methodology are in file /users/tareelou/git_neural/neural_network_simul/neural_network_simul.runs/imple_245/top_level_methodology_drc_routed.rpt.
report_methodology: Time (s): cpu = 00:01:01 ; elapsed = 00:00:25 . Memory (MB): peak = 3853.582 ; gain = 0.000 ; free physical = 100494 ; free virtual = 109039
INFO: [Timing 38-35] Done setting XDC timing constraints.
INFO: [Timing 38-91] UpdateTimingParams: Speed grade: -2, Delay Type: min_max.
INFO: [Timing 38-191] Multithreading enabled for timing update using a maximum of 8 CPUs
INFO: [Timing 38-35] Done setting XDC timing constraints.
report_timing_summary: Time (s): cpu = 00:00:21 ; elapsed = 00:00:08 . Memory (MB): peak = 3853.582 ; gain = 0.000 ; free physical = 100287 ; free virtual = 108834
Command: report_power -file top_level_power_routed.rpt -pb top_level_power_summary_routed.pb -rpx top_level_power_routed.rpx
Running Vector-less Activity Propagation...

Finished Running Vector-less Activity Propagation
77 Infos, 1 Warnings, 3 Critical Warnings and 0 Errors encountered.
report_power completed successfully
report_power: Time (s): cpu = 00:00:42 ; elapsed = 00:00:16 . Memory (MB): peak = 3908.797 ; gain = 55.215 ; free physical = 99508 ; free virtual = 108060
INFO: [Common 17-206] Exiting Vivado at Tue Dec 15 17:36:09 2020...
