#
# An unexpected error has occurred (11)
#
Stack:
/lib/x86_64-linux-gnu/libc.so.6(+0x3efd0) [0x7fcd06c25fd0]
/lib/x86_64-linux-gnu/libc.so.6(+0x18e811) [0x7fcd06d75811]
/lib/x86_64-linux-gnu/libc.so.6(+0x42b59) [0x7fcd06c29b59]
/home/elliot/Vivado/Vivado_2016/Vivado/2016.4/lib/lnx64.o/librdi_common.so(HUTEnv::setEnv(char const*, char const*)+0xe) [0x7fcd07d68bde]
/home/elliot/Vivado/Vivado_2016/Vivado/2016.4/lib/lnx64.o/librdi_place.so(HAOPAbcJobManager::HAOPAbcJobManager()+0x94f) [0x7fcce4d1d4bf]
/home/elliot/Vivado/Vivado_2016/Vivado/2016.4/lib/lnx64.o/librdi_place.so(HAOPAbcOpt::HAOPAbcOpt(std::string, std::string)+0x2a5) [0x7fcce4d42685]
/home/elliot/Vivado/Vivado_2016/Vivado/2016.4/lib/lnx64.o/librdi_place.so(HAOPFlow::resynthesis(std::string, std::set<std::string, std::less<std::string>, std::allocator<std::string> >&, std::string)+0x6d) [0x7fcce4db99cd]
/home/elliot/Vivado/Vivado_2016/Vivado/2016.4/lib/lnx64.o/librdi_place.so(HAOPFlow::doabc(HDPLTask&, std::string, std::string, HANENetlist*, bool, bool)+0xcb) [0x7fcce4db9dfb]
/home/elliot/Vivado/Vivado_2016/Vivado/2016.4/lib/lnx64.o/librdi_place.so(HAOPFlow::optDesignMod()+0x5fe) [0x7fcce4dbe39e]
/home/elliot/Vivado/Vivado_2016/Vivado/2016.4/lib/lnx64.o/librdi_place.so(HAOPFlow::optimize()+0x1a0) [0x7fcce4dbe830]
/home/elliot/Vivado/Vivado_2016/Vivado/2016.4/lib/lnx64.o/librdi_vivadotasks.so(+0x306717) [0x7fccd4069717]
/home/elliot/Vivado/Vivado_2016/Vivado/2016.4/lib/lnx64.o/librdi_vivadotasks.so(+0x308e14) [0x7fccd406be14]
/home/elliot/Vivado/Vivado_2016/Vivado/2016.4/lib/lnx64.o/librdi_common.so(+0x5f8f37) [0x7fcd07cf3f37]
/home/elliot/Vivado/Vivado_2016/Vivado/2016.4/lib/lnx64.o/libtcl8.5.so(+0x331f5) [0x7fcd02b341f5]
/home/elliot/Vivado/Vivado_2016/Vivado/2016.4/lib/lnx64.o/libtcl8.5.so(+0x76bbe) [0x7fcd02b77bbe]
/home/elliot/Vivado/Vivado_2016/Vivado/2016.4/lib/lnx64.o/libtcl8.5.so(+0x7e767) [0x7fcd02b7f767]
/home/elliot/Vivado/Vivado_2016/Vivado/2016.4/lib/lnx64.o/libtcl8.5.so(TclEvalObjEx+0x77) [0x7fcd02b36327]
/home/elliot/Vivado/Vivado_2016/Vivado/2016.4/lib/lnx64.o/librdi_commontasks.so(+0x2d0924) [0x7fccfeb1a924]
/home/elliot/Vivado/Vivado_2016/Vivado/2016.4/lib/lnx64.o/libtcl8.5.so(+0x331f5) [0x7fcd02b341f5]
/home/elliot/Vivado/Vivado_2016/Vivado/2016.4/lib/lnx64.o/libtcl8.5.so(+0x34d6b) [0x7fcd02b35d6b]
/home/elliot/Vivado/Vivado_2016/Vivado/2016.4/lib/lnx64.o/libtcl8.5.so(+0xad531) [0x7fcd02bae531]
/home/elliot/Vivado/Vivado_2016/Vivado/2016.4/lib/lnx64.o/libtcl8.5.so(+0x3491c) [0x7fcd02b3591c]
/home/elliot/Vivado/Vivado_2016/Vivado/2016.4/lib/lnx64.o/libtcl8.5.so(Tcl_EvalEx+0x16) [0x7fcd02b36276]
/home/elliot/Vivado/Vivado_2016/Vivado/2016.4/lib/lnx64.o/libtcl8.5.so(Tcl_FSEvalFileEx+0x1d2) [0x7fcd02b9ad02]
/home/elliot/Vivado/Vivado_2016/Vivado/2016.4/lib/lnx64.o/librdi_commontasks.so(+0x2edfb2) [0x7fccfeb37fb2]
/home/elliot/Vivado/Vivado_2016/Vivado/2016.4/lib/lnx64.o/librdi_common.so(+0x5f8f37) [0x7fcd07cf3f37]
/home/elliot/Vivado/Vivado_2016/Vivado/2016.4/lib/lnx64.o/libtcl8.5.so(+0x331f5) [0x7fcd02b341f5]
/home/elliot/Vivado/Vivado_2016/Vivado/2016.4/lib/lnx64.o/libtcl8.5.so(Tcl_EvalObjv+0x32) [0x7fcd02b347e2]
/home/elliot/Vivado/Vivado_2016/Vivado/2016.4/lib/lnx64.o/libtcl8.5.so(TclEvalObjEx+0x322) [0x7fcd02b365d2]
/home/elliot/Vivado/Vivado_2016/Vivado/2016.4/lib/lnx64.o/librdi_commontasks.so(+0x30bef9) [0x7fccfeb55ef9]
/home/elliot/Vivado/Vivado_2016/Vivado/2016.4/lib/lnx64.o/librdi_commontasks.so(+0x304d43) [0x7fccfeb4ed43]
/home/elliot/Vivado/Vivado_2016/Vivado/2016.4/lib/lnx64.o/librdi_common.so(+0x5f8f37) [0x7fcd07cf3f37]
/home/elliot/Vivado/Vivado_2016/Vivado/2016.4/lib/lnx64.o/libtcl8.5.so(+0x331f5) [0x7fcd02b341f5]
/home/elliot/Vivado/Vivado_2016/Vivado/2016.4/lib/lnx64.o/libtcl8.5.so(Tcl_EvalObjv+0x32) [0x7fcd02b347e2]
/home/elliot/Vivado/Vivado_2016/Vivado/2016.4/lib/lnx64.o/libtcl8.5.so(TclEvalObjEx+0x322) [0x7fcd02b365d2]
/home/elliot/Vivado/Vivado_2016/Vivado/2016.4/lib/lnx64.o/librdi_commonmain.so(+0x6430) [0x7fcd074f6430]
/home/elliot/Vivado/Vivado_2016/Vivado/2016.4/lib/lnx64.o/libtcl8.5.so(Tcl_Main+0x1d5) [0x7fcd02ba1175]
/home/elliot/Vivado/Vivado_2016/Vivado/2016.4/lib/lnx64.o/librdi_common.so(+0x631d09) [0x7fcd07d2cd09]
/lib/x86_64-linux-gnu/libpthread.so.0(+0x76db) [0x7fcd066316db]
/lib/x86_64-linux-gnu/libc.so.6(clone+0x3f) [0x7fcd06d08a3f]
