
*** Running vivado
    with args -log top_level.vdi -applog -m64 -product Vivado -messageDb vivado.pb -mode batch -source top_level.tcl -notrace


****** Vivado v2016.4 (64-bit)
  **** SW Build 1756540 on Mon Jan 23 19:11:19 MST 2017
  **** IP Build 1755317 on Mon Jan 23 20:30:07 MST 2017
    ** Copyright 1986-2016 Xilinx, Inc. All Rights Reserved.

source top_level.tcl -notrace
Design is defaulting to srcset: sources_1
Design is defaulting to constrset: constrs_1
INFO: [Netlist 29-17] Analyzing 21539 Unisim elements for replacement
INFO: [Netlist 29-28] Unisim Transformation completed in 0 CPU seconds
WARNING: [Netlist 29-101] Netlist 'top_level' is not ideal for floorplanning, since the cellview 'tree_reduction' contains a large number of primitives.  Please consider enabling hierarchy in synthesis if you want to do floorplanning.
INFO: [Project 1-479] Netlist was created with Vivado 2016.4
INFO: [Device 21-403] Loading part xc7z045ffg900-2
INFO: [Project 1-570] Preparing netlist for logic optimization
Parsing XDC File [/users/tareelou/git_neural/neural_network_simul/neural_network_simul.srcs/constrs_1/new/top_constraints.xdc]
CRITICAL WARNING: [Vivado 12-2272] Clock names may not contain wildcard characters, as it confuses tcl. Skipping 'VecOut_mux[*]' [/users/tareelou/git_neural/neural_network_simul/neural_network_simul.srcs/constrs_1/new/top_constraints.xdc:2]
CRITICAL WARNING: [Vivado 12-2272] Clock names may not contain wildcard characters, as it confuses tcl. Skipping 'pixel[*]' [/users/tareelou/git_neural/neural_network_simul/neural_network_simul.srcs/constrs_1/new/top_constraints.xdc:3]
CRITICAL WARNING: [Vivado 12-2272] Clock names may not contain wildcard characters, as it confuses tcl. Skipping 'weight[*]' [/users/tareelou/git_neural/neural_network_simul/neural_network_simul.srcs/constrs_1/new/top_constraints.xdc:4]
INFO: [Timing 38-35] Done setting XDC timing constraints. [/users/tareelou/git_neural/neural_network_simul/neural_network_simul.srcs/constrs_1/new/top_constraints.xdc:7]
get_clocks: Time (s): cpu = 00:01:04 ; elapsed = 00:00:31 . Memory (MB): peak = 2804.461 ; gain = 774.281 ; free physical = 101613 ; free virtual = 109781
Finished Parsing XDC File [/users/tareelou/git_neural/neural_network_simul/neural_network_simul.srcs/constrs_1/new/top_constraints.xdc]
INFO: [Opt 31-138] Pushed 0 inverter(s) to 0 load pin(s).
INFO: [Project 1-111] Unisim Transformation Summary:
No Unisim elements were transformed.

link_design: Time (s): cpu = 00:02:43 ; elapsed = 00:01:56 . Memory (MB): peak = 2804.461 ; gain = 1798.102 ; free physical = 101704 ; free virtual = 109737
INFO: [Vivado_Tcl 4-424] Cannot write hardware definition file as there are no IPI block design hardware handoff files present
Command: opt_design
Attempting to get a license for feature 'Implementation' and/or device 'xc7z045'
INFO: [Common 17-349] Got license for feature 'Implementation' and/or device 'xc7z045'
INFO: [Common 17-1223] The version limit for your license is '2019.01' and will expire in -684 days. A version limit expiration means that, although you may be able to continue to use the current version of tools or IP with this license, you will not be eligible for any updates or new releases.
Running DRC as a precondition to command opt_design

Starting DRC Task
INFO: [DRC 23-27] Running DRC with 8 threads
INFO: [Project 1-461] DRC finished with 0 Errors
INFO: [Project 1-462] Please refer to the DRC report (report_drc) for more information.

Time (s): cpu = 00:00:09 ; elapsed = 00:00:03 . Memory (MB): peak = 2876.496 ; gain = 64.031 ; free physical = 101682 ; free virtual = 109715
INFO: [Timing 38-35] Done setting XDC timing constraints.

Starting Logic Optimization Task
Implement Debug Cores | Checksum: bc1c4081

Phase 1 Retarget
INFO: [Opt 31-138] Pushed 0 inverter(s) to 0 load pin(s).
INFO: [Opt 31-49] Retargeted 0 cell(s).
Phase 1 Retarget | Checksum: 15d440e31

Time (s): cpu = 00:00:23 ; elapsed = 00:00:24 . Memory (MB): peak = 2876.496 ; gain = 0.000 ; free physical = 100957 ; free virtual = 108989

Phase 2 Constant propagation
INFO: [Opt 31-138] Pushed 0 inverter(s) to 0 load pin(s).
INFO: [Opt 31-10] Eliminated 316176 cells.
Phase 2 Constant propagation | Checksum: 84e74a07

Time (s): cpu = 00:39:31 ; elapsed = 00:39:34 . Memory (MB): peak = 2876.496 ; gain = 0.000 ; free physical = 98934 ; free virtual = 107175

Phase 3 Sweep
INFO: [Opt 31-12] Eliminated 468218 unconnected nets.
INFO: [Opt 31-11] Eliminated 173194 unconnected cells.
Phase 3 Sweep | Checksum: f1ceba6f

Time (s): cpu = 00:40:09 ; elapsed = 00:40:12 . Memory (MB): peak = 2876.496 ; gain = 0.000 ; free physical = 101337 ; free virtual = 109604

Phase 4 BUFG optimization
INFO: [Opt 31-12] Eliminated 0 unconnected nets.
INFO: [Opt 31-11] Eliminated 0 unconnected cells.
Phase 4 BUFG optimization | Checksum: f1ceba6f

Time (s): cpu = 00:40:16 ; elapsed = 00:40:20 . Memory (MB): peak = 2876.496 ; gain = 0.000 ; free physical = 100907 ; free virtual = 109186

Starting Connectivity Check Task

Time (s): cpu = 00:00:00.60 ; elapsed = 00:00:00.60 . Memory (MB): peak = 2876.496 ; gain = 0.000 ; free physical = 100820 ; free virtual = 109099
Ending Logic Optimization Task | Checksum: f1ceba6f

Time (s): cpu = 00:40:18 ; elapsed = 00:40:21 . Memory (MB): peak = 2876.496 ; gain = 0.000 ; free physical = 100660 ; free virtual = 108939

Starting Power Optimization Task
INFO: [Pwropt 34-132] Skipping clock gating for clocks with a period < 2.00 ns.
Ending Power Optimization Task | Checksum: f1ceba6f

Time (s): cpu = 00:00:00.27 ; elapsed = 00:00:00.30 . Memory (MB): peak = 2876.496 ; gain = 0.000 ; free physical = 100590 ; free virtual = 108869
INFO: [Common 17-83] Releasing license: Implementation
25 Infos, 1 Warnings, 3 Critical Warnings and 0 Errors encountered.
opt_design completed successfully
opt_design: Time (s): cpu = 00:41:17 ; elapsed = 00:40:41 . Memory (MB): peak = 2876.496 ; gain = 72.035 ; free physical = 100585 ; free virtual = 108864
INFO: [Common 17-1381] The checkpoint '/users/tareelou/git_neural/neural_network_simul/neural_network_simul.runs/imple_243/top_level_opt.dcp' has been generated.
write_checkpoint: Time (s): cpu = 00:00:16 ; elapsed = 00:00:13 . Memory (MB): peak = 2876.496 ; gain = 0.000 ; free physical = 102652 ; free virtual = 111031
INFO: [DRC 23-27] Running DRC with 8 threads
INFO: [Coretcl 2-168] The results of DRC are in file /users/tareelou/git_neural/neural_network_simul/neural_network_simul.runs/imple_243/top_level_drc_opted.rpt.
report_drc: Time (s): cpu = 00:00:18 ; elapsed = 00:00:07 . Memory (MB): peak = 2876.496 ; gain = 0.000 ; free physical = 102258 ; free virtual = 110568
INFO: [Chipscope 16-241] No debug cores found in the current design.
Before running the implement_debug_core command, either use the Set Up Debug wizard (GUI mode)
or use the create_debug_core and connect_debug_core Tcl commands to insert debug cores into the design.
Command: place_design -directive AltSpreadLogic_low
Attempting to get a license for feature 'Implementation' and/or device 'xc7z045'
INFO: [Common 17-349] Got license for feature 'Implementation' and/or device 'xc7z045'
INFO: [Common 17-1223] The version limit for your license is '2019.01' and will expire in -684 days. A version limit expiration means that, although you may be able to continue to use the current version of tools or IP with this license, you will not be eligible for any updates or new releases.
INFO: [DRC 23-27] Running DRC with 8 threads
INFO: [Vivado_Tcl 4-198] DRC finished with 0 Errors
INFO: [Vivado_Tcl 4-199] Please refer to the DRC report (report_drc) for more information.
Running DRC as a precondition to command place_design
INFO: [DRC 23-27] Running DRC with 8 threads
INFO: [Vivado_Tcl 4-198] DRC finished with 0 Errors
INFO: [Vivado_Tcl 4-199] Please refer to the DRC report (report_drc) for more information.

Starting Placer Task
INFO: [Place 46-5] The placer was invoked with the 'AltSpreadLogic_low' directive.
INFO: [Place 30-611] Multithreading enabled for place_design using a maximum of 8 CPUs

Phase 1 Placer Initialization
Netlist sorting complete. Time (s): cpu = 00:00:00.16 ; elapsed = 00:00:00.21 . Memory (MB): peak = 2876.496 ; gain = 0.000 ; free physical = 101725 ; free virtual = 110102
Netlist sorting complete. Time (s): cpu = 00:00:00.17 ; elapsed = 00:00:00.16 . Memory (MB): peak = 2876.496 ; gain = 0.000 ; free physical = 101673 ; free virtual = 110050

Phase 1.1 IO Placement/ Clock Placement/ Build Placer Device
INFO: [Timing 38-35] Done setting XDC timing constraints.
Phase 1.1 IO Placement/ Clock Placement/ Build Placer Device | Checksum: 10ab7b3a5

Time (s): cpu = 00:00:38 ; elapsed = 00:00:20 . Memory (MB): peak = 2876.496 ; gain = 0.000 ; free physical = 101214 ; free virtual = 109662

Phase 1.2 Build Placer Netlist Model
INFO: [Place 30-896] Complex timing constraints detected. Disabling fast timing updates
Phase 1.2 Build Placer Netlist Model | Checksum: 14d8768b8

Time (s): cpu = 00:01:23 ; elapsed = 00:00:42 . Memory (MB): peak = 2876.496 ; gain = 0.000 ; free physical = 100924 ; free virtual = 109315

Phase 1.3 Constrain Clocks/Macros
Phase 1.3 Constrain Clocks/Macros | Checksum: 14d8768b8

Time (s): cpu = 00:01:23 ; elapsed = 00:00:42 . Memory (MB): peak = 2876.496 ; gain = 0.000 ; free physical = 100941 ; free virtual = 109332
Phase 1 Placer Initialization | Checksum: 14d8768b8

Time (s): cpu = 00:01:24 ; elapsed = 00:00:42 . Memory (MB): peak = 2876.496 ; gain = 0.000 ; free physical = 100939 ; free virtual = 109329

Phase 2 Global Placement
Phase 2 Global Placement | Checksum: 1c8f07445

Time (s): cpu = 00:02:37 ; elapsed = 00:01:16 . Memory (MB): peak = 2939.551 ; gain = 63.055 ; free physical = 99471 ; free virtual = 107862

Phase 3 Detail Placement

Phase 3.1 Commit Multi Column Macros
Phase 3.1 Commit Multi Column Macros | Checksum: 1c8f07445

Time (s): cpu = 00:02:39 ; elapsed = 00:01:16 . Memory (MB): peak = 2939.551 ; gain = 63.055 ; free physical = 99470 ; free virtual = 107860

Phase 3.2 Commit Most Macros & LUTRAMs
Phase 3.2 Commit Most Macros & LUTRAMs | Checksum: 242e95a5f

Time (s): cpu = 00:03:05 ; elapsed = 00:01:35 . Memory (MB): peak = 2939.551 ; gain = 63.055 ; free physical = 98151 ; free virtual = 106475

Phase 3.3 Area Swap Optimization
Phase 3.3 Area Swap Optimization | Checksum: 196f7786d

Time (s): cpu = 00:03:07 ; elapsed = 00:01:36 . Memory (MB): peak = 2939.551 ; gain = 63.055 ; free physical = 98072 ; free virtual = 106396

Phase 3.4 Pipeline Register Optimization
Phase 3.4 Pipeline Register Optimization | Checksum: 196f7786d

Time (s): cpu = 00:03:07 ; elapsed = 00:01:37 . Memory (MB): peak = 2939.551 ; gain = 63.055 ; free physical = 98027 ; free virtual = 106350

Phase 3.5 Timing Path Optimizer
Phase 3.5 Timing Path Optimizer | Checksum: 1bc02a226

Time (s): cpu = 00:03:12 ; elapsed = 00:01:39 . Memory (MB): peak = 2939.551 ; gain = 63.055 ; free physical = 97906 ; free virtual = 106246

Phase 3.6 Small Shape Detail Placement
Phase 3.6 Small Shape Detail Placement | Checksum: 1a22ed31d

Time (s): cpu = 00:03:42 ; elapsed = 00:02:07 . Memory (MB): peak = 2939.551 ; gain = 63.055 ; free physical = 97500 ; free virtual = 105790

Phase 3.7 Re-assign LUT pins
Phase 3.7 Re-assign LUT pins | Checksum: 1e523d4da

Time (s): cpu = 00:03:50 ; elapsed = 00:02:15 . Memory (MB): peak = 2939.551 ; gain = 63.055 ; free physical = 97417 ; free virtual = 105707

Phase 3.8 Pipeline Register Optimization
Phase 3.8 Pipeline Register Optimization | Checksum: 1e523d4da

Time (s): cpu = 00:03:52 ; elapsed = 00:02:17 . Memory (MB): peak = 2939.551 ; gain = 63.055 ; free physical = 97343 ; free virtual = 105634
Phase 3 Detail Placement | Checksum: 1e523d4da

Time (s): cpu = 00:03:54 ; elapsed = 00:02:18 . Memory (MB): peak = 2939.551 ; gain = 63.055 ; free physical = 97295 ; free virtual = 105585

Phase 4 Post Placement Optimization and Clean-Up

Phase 4.1 Post Commit Optimization

Phase 4.1.1 Post Placement Optimization
INFO: [Place 30-746] Post Placement Timing Summary WNS=1.453. For the most accurate timing information please run report_timing.
Phase 4.1.1 Post Placement Optimization | Checksum: 1a99f4576

Time (s): cpu = 00:04:42 ; elapsed = 00:02:35 . Memory (MB): peak = 2939.551 ; gain = 63.055 ; free physical = 96996 ; free virtual = 105325
Phase 4.1 Post Commit Optimization | Checksum: 1a99f4576

Time (s): cpu = 00:04:44 ; elapsed = 00:02:36 . Memory (MB): peak = 2939.551 ; gain = 63.055 ; free physical = 96919 ; free virtual = 105256

Phase 4.2 Post Placement Cleanup
Phase 4.2 Post Placement Cleanup | Checksum: 1a99f4576

Time (s): cpu = 00:04:46 ; elapsed = 00:02:38 . Memory (MB): peak = 2939.551 ; gain = 63.055 ; free physical = 96826 ; free virtual = 105173

Phase 4.3 Placer Reporting
Phase 4.3 Placer Reporting | Checksum: 1a99f4576

Time (s): cpu = 00:04:47 ; elapsed = 00:02:39 . Memory (MB): peak = 2939.551 ; gain = 63.055 ; free physical = 96743 ; free virtual = 105104

Phase 4.4 Final Placement Cleanup
Phase 4.4 Final Placement Cleanup | Checksum: 219fd2a17

Time (s): cpu = 00:04:48 ; elapsed = 00:02:40 . Memory (MB): peak = 2939.551 ; gain = 63.055 ; free physical = 96700 ; free virtual = 105062
Phase 4 Post Placement Optimization and Clean-Up | Checksum: 219fd2a17

Time (s): cpu = 00:04:49 ; elapsed = 00:02:41 . Memory (MB): peak = 2939.551 ; gain = 63.055 ; free physical = 96685 ; free virtual = 105048
Ending Placer Task | Checksum: 12158efaf

Time (s): cpu = 00:04:49 ; elapsed = 00:02:41 . Memory (MB): peak = 2939.551 ; gain = 63.055 ; free physical = 96677 ; free virtual = 105040
INFO: [Common 17-83] Releasing license: Implementation
43 Infos, 1 Warnings, 3 Critical Warnings and 0 Errors encountered.
place_design completed successfully
place_design: Time (s): cpu = 00:05:06 ; elapsed = 00:02:50 . Memory (MB): peak = 2939.551 ; gain = 63.055 ; free physical = 96683 ; free virtual = 105049
Writing placer database...
Writing XDEF routing.
Writing XDEF routing logical nets.
Writing XDEF routing special nets.
Write XDEF Complete: Time (s): cpu = 00:00:20 ; elapsed = 00:00:07 . Memory (MB): peak = 2939.551 ; gain = 0.000 ; free physical = 96656 ; free virtual = 105039
INFO: [Common 17-1381] The checkpoint '/users/tareelou/git_neural/neural_network_simul/neural_network_simul.runs/imple_243/top_level_placed.dcp' has been generated.
write_checkpoint: Time (s): cpu = 00:00:25 ; elapsed = 00:00:13 . Memory (MB): peak = 2939.551 ; gain = 0.000 ; free physical = 99568 ; free virtual = 107894
report_io: Time (s): cpu = 00:00:00.46 ; elapsed = 00:00:00.67 . Memory (MB): peak = 2939.551 ; gain = 0.000 ; free physical = 99566 ; free virtual = 107892
report_utilization: Time (s): cpu = 00:00:00.92 ; elapsed = 00:00:01 . Memory (MB): peak = 2939.551 ; gain = 0.000 ; free physical = 99559 ; free virtual = 107885
report_control_sets: Time (s): cpu = 00:00:00.16 ; elapsed = 00:00:00.37 . Memory (MB): peak = 2939.551 ; gain = 0.000 ; free physical = 99542 ; free virtual = 107868
Command: phys_opt_design -directive Explore
Attempting to get a license for feature 'Implementation' and/or device 'xc7z045'
INFO: [Common 17-349] Got license for feature 'Implementation' and/or device 'xc7z045'
INFO: [Common 17-1223] The version limit for your license is '2019.01' and will expire in -684 days. A version limit expiration means that, although you may be able to continue to use the current version of tools or IP with this license, you will not be eligible for any updates or new releases.
INFO: [Vivado_Tcl 4-137] Directive used for phys_opt_design is: Explore
Netlist sorting complete. Time (s): cpu = 00:00:00.19 ; elapsed = 00:00:00.21 . Memory (MB): peak = 2939.551 ; gain = 0.000 ; free physical = 99511 ; free virtual = 107836

Starting Physical Synthesis Task

Phase 1 Physical Synthesis Initialization
INFO: [Physopt 32-721] Multithreading enabled for phys_opt_design using a maximum of 8 CPUs
Phase 1 Physical Synthesis Initialization | Checksum: 10730224e

Time (s): cpu = 00:00:55 ; elapsed = 00:00:16 . Memory (MB): peak = 2939.551 ; gain = 0.000 ; free physical = 98722 ; free virtual = 107134
INFO: [Vivado_Tcl 4-383] Design worst setup slack (WNS) is greater than or equal to 0.500 ns. Skipping all physical synthesis optimizations.
INFO: [Vivado_Tcl 4-232] No setup violation found. The netlist was not modified.
Ending Physical Synthesis Task | Checksum: cd50ccdf

Time (s): cpu = 00:00:59 ; elapsed = 00:00:21 . Memory (MB): peak = 2939.551 ; gain = 0.000 ; free physical = 98590 ; free virtual = 107003
INFO: [Common 17-83] Releasing license: Implementation
51 Infos, 1 Warnings, 3 Critical Warnings and 0 Errors encountered.
phys_opt_design completed successfully
phys_opt_design: Time (s): cpu = 00:01:02 ; elapsed = 00:00:23 . Memory (MB): peak = 2939.551 ; gain = 0.000 ; free physical = 98604 ; free virtual = 107016
Writing placer database...
Writing XDEF routing.
Writing XDEF routing logical nets.
Writing XDEF routing special nets.
Write XDEF Complete: Time (s): cpu = 00:00:20 ; elapsed = 00:00:07 . Memory (MB): peak = 2939.551 ; gain = 0.000 ; free physical = 98503 ; free virtual = 106984
INFO: [Common 17-1381] The checkpoint '/users/tareelou/git_neural/neural_network_simul/neural_network_simul.runs/imple_243/top_level_physopt.dcp' has been generated.
write_checkpoint: Time (s): cpu = 00:00:25 ; elapsed = 00:00:13 . Memory (MB): peak = 2939.551 ; gain = 0.000 ; free physical = 98443 ; free virtual = 106871
Command: route_design -directive AlternateCLBRouting
Attempting to get a license for feature 'Implementation' and/or device 'xc7z045'
INFO: [Common 17-349] Got license for feature 'Implementation' and/or device 'xc7z045'
INFO: [Common 17-1223] The version limit for your license is '2019.01' and will expire in -684 days. A version limit expiration means that, although you may be able to continue to use the current version of tools or IP with this license, you will not be eligible for any updates or new releases.
Running DRC as a precondition to command route_design
INFO: [DRC 23-27] Running DRC with 8 threads
INFO: [Vivado_Tcl 4-198] DRC finished with 0 Errors
INFO: [Vivado_Tcl 4-199] Please refer to the DRC report (report_drc) for more information.


Starting Routing Task
INFO: [Route 35-270] Using Router directive 'AlternateCLBRouting'.
INFO: [Route 35-254] Multithreading enabled for route_design using a maximum of 8 CPUs
Checksum: PlaceDB: a99d5999 ConstDB: 0 ShapeSum: e766441 RouteDB: 0

Phase 1 Build RT Design
Phase 1 Build RT Design | Checksum: cfa3547a

Time (s): cpu = 00:02:12 ; elapsed = 00:01:32 . Memory (MB): peak = 2939.551 ; gain = 0.000 ; free physical = 101181 ; free virtual = 109659

Phase 2 Router Initialization

Phase 2.1 Create Timer
Phase 2.1 Create Timer | Checksum: cfa3547a

Time (s): cpu = 00:02:14 ; elapsed = 00:01:34 . Memory (MB): peak = 2939.551 ; gain = 0.000 ; free physical = 101138 ; free virtual = 109651

Phase 2.2 Fix Topology Constraints
Phase 2.2 Fix Topology Constraints | Checksum: cfa3547a

Time (s): cpu = 00:02:15 ; elapsed = 00:01:35 . Memory (MB): peak = 2939.551 ; gain = 0.000 ; free physical = 101062 ; free virtual = 109608

Phase 2.3 Pre Route Cleanup
Phase 2.3 Pre Route Cleanup | Checksum: cfa3547a

Time (s): cpu = 00:02:15 ; elapsed = 00:01:36 . Memory (MB): peak = 2939.551 ; gain = 0.000 ; free physical = 101057 ; free virtual = 109603
 Number of Nodes with overlaps = 0

Phase 2.4 Update Timing
Phase 2.4 Update Timing | Checksum: 1606bce2e

Time (s): cpu = 00:03:12 ; elapsed = 00:01:54 . Memory (MB): peak = 2975.621 ; gain = 36.070 ; free physical = 100185 ; free virtual = 108731
INFO: [Route 35-416] Intermediate Timing Summary | WNS=2.952  | TNS=0.000  | WHS=22.161 | THS=0.000  |

Phase 2 Router Initialization | Checksum: cf2dd0c8

Time (s): cpu = 00:03:41 ; elapsed = 00:02:00 . Memory (MB): peak = 2975.621 ; gain = 36.070 ; free physical = 100018 ; free virtual = 108565

Phase 3 Initial Routing
Phase 3 Initial Routing | Checksum: 13056e2f4

Time (s): cpu = 00:06:17 ; elapsed = 00:02:48 . Memory (MB): peak = 3724.980 ; gain = 785.430 ; free physical = 100234 ; free virtual = 108787

Phase 4 Rip-up And Reroute

Phase 4.1 Global Iteration 0
 Number of Nodes with overlaps = 9308
 Number of Nodes with overlaps = 31
 Number of Nodes with overlaps = 0

Phase 4.1.1 Update Timing
Phase 4.1.1 Update Timing | Checksum: 1148cc794

Time (s): cpu = 00:08:00 ; elapsed = 00:03:22 . Memory (MB): peak = 3724.980 ; gain = 785.430 ; free physical = 99365 ; free virtual = 107917
INFO: [Route 35-416] Intermediate Timing Summary | WNS=0.364  | TNS=0.000  | WHS=N/A    | THS=N/A    |

Phase 4.1 Global Iteration 0 | Checksum: 16630ffe9

Time (s): cpu = 00:08:02 ; elapsed = 00:03:23 . Memory (MB): peak = 3724.980 ; gain = 785.430 ; free physical = 99365 ; free virtual = 107918
Phase 4 Rip-up And Reroute | Checksum: 16630ffe9

Time (s): cpu = 00:08:02 ; elapsed = 00:03:23 . Memory (MB): peak = 3724.980 ; gain = 785.430 ; free physical = 99366 ; free virtual = 107918

Phase 5 Delay and Skew Optimization

Phase 5.1 Delay CleanUp
Phase 5.1 Delay CleanUp | Checksum: 16630ffe9

Time (s): cpu = 00:08:03 ; elapsed = 00:03:23 . Memory (MB): peak = 3724.980 ; gain = 785.430 ; free physical = 99364 ; free virtual = 107917

Phase 5.2 Clock Skew Optimization
Phase 5.2 Clock Skew Optimization | Checksum: 16630ffe9

Time (s): cpu = 00:08:03 ; elapsed = 00:03:23 . Memory (MB): peak = 3724.980 ; gain = 785.430 ; free physical = 99364 ; free virtual = 107917
Phase 5 Delay and Skew Optimization | Checksum: 16630ffe9

Time (s): cpu = 00:08:04 ; elapsed = 00:03:24 . Memory (MB): peak = 3724.980 ; gain = 785.430 ; free physical = 99364 ; free virtual = 107917

Phase 6 Post Hold Fix

Phase 6.1 Hold Fix Iter

Phase 6.1.1 Update Timing
Phase 6.1.1 Update Timing | Checksum: 1cfe358b0

Time (s): cpu = 00:08:10 ; elapsed = 00:03:26 . Memory (MB): peak = 3724.980 ; gain = 785.430 ; free physical = 99354 ; free virtual = 107907
INFO: [Route 35-416] Intermediate Timing Summary | WNS=0.364  | TNS=0.000  | WHS=22.207 | THS=0.000  |

Phase 6.1 Hold Fix Iter | Checksum: 1cfe358b0

Time (s): cpu = 00:08:11 ; elapsed = 00:03:26 . Memory (MB): peak = 3724.980 ; gain = 785.430 ; free physical = 99347 ; free virtual = 107907
Phase 6 Post Hold Fix | Checksum: 1cfe358b0

Time (s): cpu = 00:08:11 ; elapsed = 00:03:27 . Memory (MB): peak = 3724.980 ; gain = 785.430 ; free physical = 99345 ; free virtual = 107907

Phase 7 Timing Verification

Phase 7.1 Update Timing
Phase 7.1 Update Timing | Checksum: 14c94f6f7

Time (s): cpu = 00:08:26 ; elapsed = 00:03:30 . Memory (MB): peak = 3724.980 ; gain = 785.430 ; free physical = 99296 ; free virtual = 107885
INFO: [Route 35-416] Intermediate Timing Summary | WNS=0.364  | TNS=0.000  | WHS=N/A    | THS=N/A    |

Phase 7 Timing Verification | Checksum: 14c94f6f7

Time (s): cpu = 00:08:26 ; elapsed = 00:03:30 . Memory (MB): peak = 3724.980 ; gain = 785.430 ; free physical = 99304 ; free virtual = 107895

Phase 8 Route finalize

Router Utilization Summary
  Global Vertical Routing Utilization    = 5.43867 %
  Global Horizontal Routing Utilization  = 7.81227 %
  Routable Net Status*
  *Does not include unroutable nets such as driverless and loadless.
  Run report_route_status for detailed report.
  Number of Failed Nets               = 0
  Number of Unrouted Nets             = 0
  Number of Partially Routed Nets     = 0
  Number of Node Overlaps             = 0

Phase 8 Route finalize | Checksum: 14c94f6f7

Time (s): cpu = 00:08:28 ; elapsed = 00:03:31 . Memory (MB): peak = 3724.980 ; gain = 785.430 ; free physical = 99299 ; free virtual = 107895

Phase 9 Verifying routed nets

 Verification completed successfully
Phase 9 Verifying routed nets | Checksum: 14c94f6f7

Time (s): cpu = 00:08:29 ; elapsed = 00:03:31 . Memory (MB): peak = 3724.980 ; gain = 785.430 ; free physical = 99296 ; free virtual = 107895

Phase 10 Depositing Routes
Phase 10 Depositing Routes | Checksum: 196276719

Time (s): cpu = 00:08:38 ; elapsed = 00:03:41 . Memory (MB): peak = 3724.980 ; gain = 785.430 ; free physical = 99371 ; free virtual = 107875

Phase 11 Post Router Timing
INFO: [Route 35-20] Post Routing Timing Summary | WNS=0.375  | TNS=0.000  | WHS=22.207 | THS=0.000  |

INFO: [Route 35-61] The design met the timing requirement.
Phase 11 Post Router Timing | Checksum: 1779703a6

Time (s): cpu = 00:09:28 ; elapsed = 00:03:58 . Memory (MB): peak = 3724.980 ; gain = 785.430 ; free physical = 98869 ; free virtual = 107373
INFO: [Route 35-16] Router Completed Successfully

Time (s): cpu = 00:09:29 ; elapsed = 00:03:59 . Memory (MB): peak = 3724.980 ; gain = 785.430 ; free physical = 98830 ; free virtual = 107335

Routing Is Done.
INFO: [Common 17-83] Releasing license: Implementation
67 Infos, 1 Warnings, 3 Critical Warnings and 0 Errors encountered.
route_design completed successfully
route_design: Time (s): cpu = 00:09:46 ; elapsed = 00:04:07 . Memory (MB): peak = 3724.980 ; gain = 785.430 ; free physical = 98829 ; free virtual = 107334
Writing placer database...
Writing XDEF routing.
Writing XDEF routing logical nets.
Writing XDEF routing special nets.
Write XDEF Complete: Time (s): cpu = 00:00:21 ; elapsed = 00:00:08 . Memory (MB): peak = 3724.980 ; gain = 0.000 ; free physical = 98615 ; free virtual = 107207
INFO: [Common 17-1381] The checkpoint '/users/tareelou/git_neural/neural_network_simul/neural_network_simul.runs/imple_243/top_level_routed.dcp' has been generated.
write_checkpoint: Time (s): cpu = 00:00:26 ; elapsed = 00:00:13 . Memory (MB): peak = 3724.980 ; gain = 0.000 ; free physical = 98675 ; free virtual = 107199
INFO: [DRC 23-27] Running DRC with 8 threads
INFO: [Coretcl 2-168] The results of DRC are in file /users/tareelou/git_neural/neural_network_simul/neural_network_simul.runs/imple_243/top_level_drc_routed.rpt.
report_drc: Time (s): cpu = 00:00:31 ; elapsed = 00:00:10 . Memory (MB): peak = 3756.996 ; gain = 32.016 ; free physical = 98681 ; free virtual = 107206
INFO: [Timing 38-35] Done setting XDC timing constraints.
INFO: [DRC 23-133] Running Methodology with 8 threads
INFO: [Coretcl 2-1520] The results of Report Methodology are in file /users/tareelou/git_neural/neural_network_simul/neural_network_simul.runs/imple_243/top_level_methodology_drc_routed.rpt.
report_methodology: Time (s): cpu = 00:00:57 ; elapsed = 00:00:23 . Memory (MB): peak = 3756.996 ; gain = 0.000 ; free physical = 101531 ; free virtual = 109995
INFO: [Timing 38-35] Done setting XDC timing constraints.
INFO: [Timing 38-91] UpdateTimingParams: Speed grade: -2, Delay Type: min_max.
INFO: [Timing 38-191] Multithreading enabled for timing update using a maximum of 8 CPUs
INFO: [Timing 38-35] Done setting XDC timing constraints.
report_timing_summary: Time (s): cpu = 00:00:19 ; elapsed = 00:00:07 . Memory (MB): peak = 3756.996 ; gain = 0.000 ; free physical = 101329 ; free virtual = 109860
Command: report_power -file top_level_power_routed.rpt -pb top_level_power_summary_routed.pb -rpx top_level_power_routed.rpx
Running Vector-less Activity Propagation...

Finished Running Vector-less Activity Propagation
77 Infos, 1 Warnings, 3 Critical Warnings and 0 Errors encountered.
report_power completed successfully
report_power: Time (s): cpu = 00:00:40 ; elapsed = 00:00:15 . Memory (MB): peak = 3812.211 ; gain = 55.215 ; free physical = 100787 ; free virtual = 109324
INFO: [Common 17-206] Exiting Vivado at Tue Dec 15 17:39:09 2020...
