#
# An unexpected error has occurred (11)
#
Stack:
/lib/x86_64-linux-gnu/libc.so.6(+0x3f040) [0x7fe852f7f040]
/lib/x86_64-linux-gnu/libc.so.6(+0xb1426) [0x7fe852ff1426]
/lib/x86_64-linux-gnu/libc.so.6(+0x42bc9) [0x7fe852f82bc9]
/apps/Xilinx/Vivado/2016.4/lib/lnx64.o/librdi_common.so(HUTEnv::setEnv(char const*, char const*)+0xe) [0x7fe8540d5bde]
/apps/Xilinx/Vivado/2016.4/lib/lnx64.o/librdi_place.so(HAOPAbcJobManager::HAOPAbcJobManager()+0x94f) [0x7fe830a0a4bf]
/apps/Xilinx/Vivado/2016.4/lib/lnx64.o/librdi_place.so(HAOPAbcOpt::HAOPAbcOpt(std::string, std::string)+0x2a5) [0x7fe830a2f685]
/apps/Xilinx/Vivado/2016.4/lib/lnx64.o/librdi_place.so(HAOPFlow::resynthesis(std::string, std::set<std::string, std::less<std::string>, std::allocator<std::string> >&, std::string)+0x6d) [0x7fe830aa69cd]
/apps/Xilinx/Vivado/2016.4/lib/lnx64.o/librdi_place.so(HAOPFlow::doabc(HDPLTask&, std::string, std::string, HANENetlist*, bool, bool)+0xcb) [0x7fe830aa6dfb]
/apps/Xilinx/Vivado/2016.4/lib/lnx64.o/librdi_place.so(HAOPFlow::optDesignMod()+0x5fe) [0x7fe830aab39e]
/apps/Xilinx/Vivado/2016.4/lib/lnx64.o/librdi_place.so(HAOPFlow::optimize()+0x1a0) [0x7fe830aab830]
/apps/Xilinx/Vivado/2016.4/lib/lnx64.o/librdi_vivadotasks.so(+0x306717) [0x7fe81fcde717]
/apps/Xilinx/Vivado/2016.4/lib/lnx64.o/librdi_vivadotasks.so(+0x308e14) [0x7fe81fce0e14]
/apps/Xilinx/Vivado/2016.4/lib/lnx64.o/librdi_common.so(+0x5f8f37) [0x7fe854060f37]
/apps/Xilinx/Vivado/2016.4/lib/lnx64.o/libtcl8.5.so(+0x331f5) [0x7fe84ee4b1f5]
/apps/Xilinx/Vivado/2016.4/lib/lnx64.o/libtcl8.5.so(+0x76bbe) [0x7fe84ee8ebbe]
/apps/Xilinx/Vivado/2016.4/lib/lnx64.o/libtcl8.5.so(+0x7e767) [0x7fe84ee96767]
/apps/Xilinx/Vivado/2016.4/lib/lnx64.o/libtcl8.5.so(TclEvalObjEx+0x77) [0x7fe84ee4d327]
/apps/Xilinx/Vivado/2016.4/lib/lnx64.o/librdi_commontasks.so(+0x2d0924) [0x7fe84a870924]
/apps/Xilinx/Vivado/2016.4/lib/lnx64.o/libtcl8.5.so(+0x331f5) [0x7fe84ee4b1f5]
/apps/Xilinx/Vivado/2016.4/lib/lnx64.o/libtcl8.5.so(+0x34d6b) [0x7fe84ee4cd6b]
/apps/Xilinx/Vivado/2016.4/lib/lnx64.o/libtcl8.5.so(+0xad531) [0x7fe84eec5531]
/apps/Xilinx/Vivado/2016.4/lib/lnx64.o/libtcl8.5.so(+0x3491c) [0x7fe84ee4c91c]
/apps/Xilinx/Vivado/2016.4/lib/lnx64.o/libtcl8.5.so(Tcl_EvalEx+0x16) [0x7fe84ee4d276]
/apps/Xilinx/Vivado/2016.4/lib/lnx64.o/libtcl8.5.so(Tcl_FSEvalFileEx+0x1d2) [0x7fe84eeb1d02]
/apps/Xilinx/Vivado/2016.4/lib/lnx64.o/librdi_commontasks.so(+0x2edfb2) [0x7fe84a88dfb2]
/apps/Xilinx/Vivado/2016.4/lib/lnx64.o/librdi_common.so(+0x5f8f37) [0x7fe854060f37]
/apps/Xilinx/Vivado/2016.4/lib/lnx64.o/libtcl8.5.so(+0x331f5) [0x7fe84ee4b1f5]
/apps/Xilinx/Vivado/2016.4/lib/lnx64.o/libtcl8.5.so(Tcl_EvalObjv+0x32) [0x7fe84ee4b7e2]
/apps/Xilinx/Vivado/2016.4/lib/lnx64.o/libtcl8.5.so(TclEvalObjEx+0x322) [0x7fe84ee4d5d2]
/apps/Xilinx/Vivado/2016.4/lib/lnx64.o/librdi_commontasks.so(+0x30bef9) [0x7fe84a8abef9]
/apps/Xilinx/Vivado/2016.4/lib/lnx64.o/librdi_commontasks.so(+0x304d43) [0x7fe84a8a4d43]
/apps/Xilinx/Vivado/2016.4/lib/lnx64.o/librdi_common.so(+0x5f8f37) [0x7fe854060f37]
/apps/Xilinx/Vivado/2016.4/lib/lnx64.o/libtcl8.5.so(+0x331f5) [0x7fe84ee4b1f5]
/apps/Xilinx/Vivado/2016.4/lib/lnx64.o/libtcl8.5.so(Tcl_EvalObjv+0x32) [0x7fe84ee4b7e2]
/apps/Xilinx/Vivado/2016.4/lib/lnx64.o/libtcl8.5.so(TclEvalObjEx+0x322) [0x7fe84ee4d5d2]
/apps/Xilinx/Vivado/2016.4/lib/lnx64.o/librdi_commonmain.so(+0x6430) [0x7fe85385e430]
/apps/Xilinx/Vivado/2016.4/lib/lnx64.o/libtcl8.5.so(Tcl_Main+0x1d5) [0x7fe84eeb8175]
/apps/Xilinx/Vivado/2016.4/lib/lnx64.o/librdi_common.so(+0x631d09) [0x7fe854099d09]
/lib/x86_64-linux-gnu/libpthread.so.0(+0x76db) [0x7fe8529876db]
/lib/x86_64-linux-gnu/libc.so.6(clone+0x3f) [0x7fe85306171f]
