#
# An unexpected error has occurred (11)
#
Stack:
/lib/x86_64-linux-gnu/libc.so.6(+0x3efd0) [0x7f360146dfd0]
/lib/x86_64-linux-gnu/libc.so.6(+0x18e811) [0x7f36015bd811]
/lib/x86_64-linux-gnu/libc.so.6(+0x42b59) [0x7f3601471b59]
/home/elliot/Vivado/Vivado_2016/Vivado/2016.4/lib/lnx64.o/librdi_common.so(HUTEnv::setEnv(char const*, char const*)+0xe) [0x7f36025b0bde]
/home/elliot/Vivado/Vivado_2016/Vivado/2016.4/lib/lnx64.o/librdi_place.so(HAOPAbcJobManager::HAOPAbcJobManager()+0x94f) [0x7f35df5654bf]
/home/elliot/Vivado/Vivado_2016/Vivado/2016.4/lib/lnx64.o/librdi_place.so(HAOPAbcOpt::HAOPAbcOpt(std::string, std::string)+0x2a5) [0x7f35df58a685]
/home/elliot/Vivado/Vivado_2016/Vivado/2016.4/lib/lnx64.o/librdi_place.so(HAOPFlow::resynthesis(std::string, std::set<std::string, std::less<std::string>, std::allocator<std::string> >&, std::string)+0x6d) [0x7f35df6019cd]
/home/elliot/Vivado/Vivado_2016/Vivado/2016.4/lib/lnx64.o/librdi_place.so(HAOPFlow::doabc(HDPLTask&, std::string, std::string, HANENetlist*, bool, bool)+0xcb) [0x7f35df601dfb]
/home/elliot/Vivado/Vivado_2016/Vivado/2016.4/lib/lnx64.o/librdi_place.so(HAOPFlow::optDesignMod()+0x5fe) [0x7f35df60639e]
/home/elliot/Vivado/Vivado_2016/Vivado/2016.4/lib/lnx64.o/librdi_place.so(HAOPFlow::optimize()+0x1a0) [0x7f35df606830]
/home/elliot/Vivado/Vivado_2016/Vivado/2016.4/lib/lnx64.o/librdi_vivadotasks.so(+0x306717) [0x7f35ce8b1717]
/home/elliot/Vivado/Vivado_2016/Vivado/2016.4/lib/lnx64.o/librdi_vivadotasks.so(+0x308e14) [0x7f35ce8b3e14]
/home/elliot/Vivado/Vivado_2016/Vivado/2016.4/lib/lnx64.o/librdi_common.so(+0x5f8f37) [0x7f360253bf37]
/home/elliot/Vivado/Vivado_2016/Vivado/2016.4/lib/lnx64.o/libtcl8.5.so(+0x331f5) [0x7f35fd37c1f5]
/home/elliot/Vivado/Vivado_2016/Vivado/2016.4/lib/lnx64.o/libtcl8.5.so(+0x76bbe) [0x7f35fd3bfbbe]
/home/elliot/Vivado/Vivado_2016/Vivado/2016.4/lib/lnx64.o/libtcl8.5.so(+0x7e767) [0x7f35fd3c7767]
/home/elliot/Vivado/Vivado_2016/Vivado/2016.4/lib/lnx64.o/libtcl8.5.so(TclEvalObjEx+0x77) [0x7f35fd37e327]
/home/elliot/Vivado/Vivado_2016/Vivado/2016.4/lib/lnx64.o/librdi_commontasks.so(+0x2d0924) [0x7f35f9362924]
/home/elliot/Vivado/Vivado_2016/Vivado/2016.4/lib/lnx64.o/libtcl8.5.so(+0x331f5) [0x7f35fd37c1f5]
/home/elliot/Vivado/Vivado_2016/Vivado/2016.4/lib/lnx64.o/libtcl8.5.so(+0x34d6b) [0x7f35fd37dd6b]
/home/elliot/Vivado/Vivado_2016/Vivado/2016.4/lib/lnx64.o/libtcl8.5.so(+0xad531) [0x7f35fd3f6531]
/home/elliot/Vivado/Vivado_2016/Vivado/2016.4/lib/lnx64.o/libtcl8.5.so(+0x3491c) [0x7f35fd37d91c]
/home/elliot/Vivado/Vivado_2016/Vivado/2016.4/lib/lnx64.o/libtcl8.5.so(Tcl_EvalEx+0x16) [0x7f35fd37e276]
/home/elliot/Vivado/Vivado_2016/Vivado/2016.4/lib/lnx64.o/libtcl8.5.so(Tcl_FSEvalFileEx+0x1d2) [0x7f35fd3e2d02]
/home/elliot/Vivado/Vivado_2016/Vivado/2016.4/lib/lnx64.o/librdi_commontasks.so(+0x2edfb2) [0x7f35f937ffb2]
/home/elliot/Vivado/Vivado_2016/Vivado/2016.4/lib/lnx64.o/librdi_common.so(+0x5f8f37) [0x7f360253bf37]
/home/elliot/Vivado/Vivado_2016/Vivado/2016.4/lib/lnx64.o/libtcl8.5.so(+0x331f5) [0x7f35fd37c1f5]
/home/elliot/Vivado/Vivado_2016/Vivado/2016.4/lib/lnx64.o/libtcl8.5.so(Tcl_EvalObjv+0x32) [0x7f35fd37c7e2]
/home/elliot/Vivado/Vivado_2016/Vivado/2016.4/lib/lnx64.o/libtcl8.5.so(TclEvalObjEx+0x322) [0x7f35fd37e5d2]
/home/elliot/Vivado/Vivado_2016/Vivado/2016.4/lib/lnx64.o/librdi_commontasks.so(+0x30bef9) [0x7f35f939def9]
/home/elliot/Vivado/Vivado_2016/Vivado/2016.4/lib/lnx64.o/librdi_commontasks.so(+0x304d43) [0x7f35f9396d43]
/home/elliot/Vivado/Vivado_2016/Vivado/2016.4/lib/lnx64.o/librdi_common.so(+0x5f8f37) [0x7f360253bf37]
/home/elliot/Vivado/Vivado_2016/Vivado/2016.4/lib/lnx64.o/libtcl8.5.so(+0x331f5) [0x7f35fd37c1f5]
/home/elliot/Vivado/Vivado_2016/Vivado/2016.4/lib/lnx64.o/libtcl8.5.so(Tcl_EvalObjv+0x32) [0x7f35fd37c7e2]
/home/elliot/Vivado/Vivado_2016/Vivado/2016.4/lib/lnx64.o/libtcl8.5.so(TclEvalObjEx+0x322) [0x7f35fd37e5d2]
/home/elliot/Vivado/Vivado_2016/Vivado/2016.4/lib/lnx64.o/librdi_commonmain.so(+0x6430) [0x7f3601d3e430]
/home/elliot/Vivado/Vivado_2016/Vivado/2016.4/lib/lnx64.o/libtcl8.5.so(Tcl_Main+0x1d5) [0x7f35fd3e9175]
/home/elliot/Vivado/Vivado_2016/Vivado/2016.4/lib/lnx64.o/librdi_common.so(+0x631d09) [0x7f3602574d09]
/lib/x86_64-linux-gnu/libpthread.so.0(+0x76db) [0x7f3600e796db]
/lib/x86_64-linux-gnu/libc.so.6(clone+0x3f) [0x7f3601550a3f]
