
*** Running vivado
    with args -log top_level.vdi -applog -m64 -product Vivado -messageDb vivado.pb -mode batch -source top_level.tcl -notrace


****** Vivado v2016.4 (64-bit)
  **** SW Build 1756540 on Mon Jan 23 19:11:19 MST 2017
  **** IP Build 1755317 on Mon Jan 23 20:30:07 MST 2017
    ** Copyright 1986-2016 Xilinx, Inc. All Rights Reserved.

source top_level.tcl -notrace
Design is defaulting to srcset: sources_1
Design is defaulting to constrset: constrs_1
INFO: [Netlist 29-17] Analyzing 17143 Unisim elements for replacement
INFO: [Netlist 29-28] Unisim Transformation completed in 0 CPU seconds
WARNING: [Netlist 29-101] Netlist 'top_level' is not ideal for floorplanning, since the cellview 'tree_reduction' contains a large number of primitives.  Please consider enabling hierarchy in synthesis if you want to do floorplanning.
INFO: [Project 1-479] Netlist was created with Vivado 2016.4
INFO: [Device 21-403] Loading part xc7z045ffg900-2
INFO: [Project 1-570] Preparing netlist for logic optimization
Parsing XDC File [/home/elliot/git_neural/neural_IP/neural_network_simul/neural_network_simul.srcs/constrs_1/new/top_constraints.xdc]
CRITICAL WARNING: [Vivado 12-2272] Clock names may not contain wildcard characters, as it confuses tcl. Skipping 'VecOut_mux[*]' [/home/elliot/git_neural/neural_IP/neural_network_simul/neural_network_simul.srcs/constrs_1/new/top_constraints.xdc:2]
CRITICAL WARNING: [Vivado 12-2272] Clock names may not contain wildcard characters, as it confuses tcl. Skipping 'pixel[*]' [/home/elliot/git_neural/neural_IP/neural_network_simul/neural_network_simul.srcs/constrs_1/new/top_constraints.xdc:3]
CRITICAL WARNING: [Vivado 12-2272] Clock names may not contain wildcard characters, as it confuses tcl. Skipping 'weight[*]' [/home/elliot/git_neural/neural_IP/neural_network_simul/neural_network_simul.srcs/constrs_1/new/top_constraints.xdc:4]
INFO: [Timing 38-35] Done setting XDC timing constraints. [/home/elliot/git_neural/neural_IP/neural_network_simul/neural_network_simul.srcs/constrs_1/new/top_constraints.xdc:7]
get_clocks: Time (s): cpu = 00:00:26 ; elapsed = 00:00:22 . Memory (MB): peak = 2648.785 ; gain = 724.461 ; free physical = 3355 ; free virtual = 6468
Finished Parsing XDC File [/home/elliot/git_neural/neural_IP/neural_network_simul/neural_network_simul.srcs/constrs_1/new/top_constraints.xdc]
INFO: [Opt 31-138] Pushed 0 inverter(s) to 0 load pin(s).
INFO: [Project 1-111] Unisim Transformation Summary:
No Unisim elements were transformed.

link_design: Time (s): cpu = 00:01:20 ; elapsed = 00:01:13 . Memory (MB): peak = 2648.785 ; gain = 1636.926 ; free physical = 3558 ; free virtual = 6457
INFO: [Vivado_Tcl 4-424] Cannot write hardware definition file as there are no IPI block design hardware handoff files present
Command: opt_design -directive RuntimeOptimized
INFO: [Vivado_Tcl 4-136] Directive used for opt_design is: RuntimeOptimized
Attempting to get a license for feature 'Implementation' and/or device 'xc7z045'
INFO: [Common 17-349] Got license for feature 'Implementation' and/or device 'xc7z045'
INFO: [Common 17-86] Your Implementation license expires in 16 day(s)
INFO: [Common 17-1223] The version limit for your license is '2019.08' and will expire in -469 days. A version limit expiration means that, although you may be able to continue to use the current version of tools or IP with this license, you will not be eligible for any updates or new releases.
Running DRC as a precondition to command opt_design

Starting DRC Task
INFO: [DRC 23-27] Running DRC with 8 threads
INFO: [Project 1-461] DRC finished with 0 Errors
INFO: [Project 1-462] Please refer to the DRC report (report_drc) for more information.

Time (s): cpu = 00:00:06 ; elapsed = 00:00:03 . Memory (MB): peak = 2720.820 ; gain = 64.031 ; free physical = 3555 ; free virtual = 6455

Starting Logic Optimization Task
Implement Debug Cores | Checksum: 660a30ff
INFO: [Timing 38-35] Done setting XDC timing constraints.

Phase 1 Retarget
INFO: [Opt 31-138] Pushed 0 inverter(s) to 0 load pin(s).
INFO: [Opt 31-49] Retargeted 0 cell(s).
Phase 1 Retarget | Checksum: f4b73625

Time (s): cpu = 00:00:42 ; elapsed = 00:00:34 . Memory (MB): peak = 2720.820 ; gain = 0.000 ; free physical = 3465 ; free virtual = 6366

Phase 2 Constant propagation
INFO: [Opt 31-138] Pushed 0 inverter(s) to 0 load pin(s).
INFO: [Opt 31-10] Eliminated 252256 cells.
Phase 2 Constant propagation | Checksum: 13fcbddd8

Time (s): cpu = 00:21:39 ; elapsed = 00:21:30 . Memory (MB): peak = 2720.820 ; gain = 0.000 ; free physical = 3456 ; free virtual = 6429

Phase 3 Sweep
INFO: [Opt 31-12] Eliminated 374378 unconnected nets.
INFO: [Opt 31-11] Eliminated 138563 unconnected cells.
Phase 3 Sweep | Checksum: 52ff5e91

Time (s): cpu = 00:21:55 ; elapsed = 00:21:47 . Memory (MB): peak = 2720.820 ; gain = 0.000 ; free physical = 3517 ; free virtual = 6490

Phase 4 BUFG optimization
INFO: [Opt 31-12] Eliminated 0 unconnected nets.
INFO: [Opt 31-11] Eliminated 0 unconnected cells.
Phase 4 BUFG optimization | Checksum: 52ff5e91

Time (s): cpu = 00:21:58 ; elapsed = 00:21:50 . Memory (MB): peak = 2720.820 ; gain = 0.000 ; free physical = 3449 ; free virtual = 6488

Starting Connectivity Check Task

Time (s): cpu = 00:00:00.26 ; elapsed = 00:00:00.26 . Memory (MB): peak = 2720.820 ; gain = 0.000 ; free physical = 3445 ; free virtual = 6488
Ending Logic Optimization Task | Checksum: 52ff5e91

Time (s): cpu = 00:21:59 ; elapsed = 00:21:50 . Memory (MB): peak = 2720.820 ; gain = 0.000 ; free physical = 3413 ; free virtual = 6483
INFO: [Common 17-83] Releasing license: Implementation
26 Infos, 1 Warnings, 3 Critical Warnings and 0 Errors encountered.
opt_design completed successfully
opt_design: Time (s): cpu = 00:22:06 ; elapsed = 00:21:55 . Memory (MB): peak = 2720.820 ; gain = 72.035 ; free physical = 3411 ; free virtual = 6482
INFO: [Common 17-1381] The checkpoint '/home/elliot/git_neural/neural_IP/neural_network_simul/neural_network_simul.runs/impl_4/top_level_opt.dcp' has been generated.
write_checkpoint: Time (s): cpu = 00:00:09 ; elapsed = 00:00:07 . Memory (MB): peak = 2720.820 ; gain = 0.000 ; free physical = 3476 ; free virtual = 6478
INFO: [DRC 23-27] Running DRC with 8 threads
INFO: [Coretcl 2-168] The results of DRC are in file /home/elliot/git_neural/neural_IP/neural_network_simul/neural_network_simul.runs/impl_4/top_level_drc_opted.rpt.
report_drc: Time (s): cpu = 00:00:12 ; elapsed = 00:00:06 . Memory (MB): peak = 2720.820 ; gain = 0.000 ; free physical = 3481 ; free virtual = 6484
INFO: [Chipscope 16-241] No debug cores found in the current design.
Before running the implement_debug_core command, either use the Set Up Debug wizard (GUI mode)
or use the create_debug_core and connect_debug_core Tcl commands to insert debug cores into the design.
Command: place_design -directive RuntimeOptimized
Attempting to get a license for feature 'Implementation' and/or device 'xc7z045'
INFO: [Common 17-349] Got license for feature 'Implementation' and/or device 'xc7z045'
INFO: [Common 17-86] Your Implementation license expires in 16 day(s)
INFO: [Common 17-1223] The version limit for your license is '2019.08' and will expire in -469 days. A version limit expiration means that, although you may be able to continue to use the current version of tools or IP with this license, you will not be eligible for any updates or new releases.
INFO: [DRC 23-27] Running DRC with 8 threads
INFO: [Vivado_Tcl 4-198] DRC finished with 0 Errors
INFO: [Vivado_Tcl 4-199] Please refer to the DRC report (report_drc) for more information.
Running DRC as a precondition to command place_design
INFO: [DRC 23-27] Running DRC with 8 threads
INFO: [Vivado_Tcl 4-198] DRC finished with 0 Errors
INFO: [Vivado_Tcl 4-199] Please refer to the DRC report (report_drc) for more information.

Starting Placer Task
INFO: [Place 46-5] The placer was invoked with the 'RuntimeOptimized' directive.
INFO: [Place 30-611] Multithreading enabled for place_design using a maximum of 8 CPUs

Phase 1 Placer Initialization
Netlist sorting complete. Time (s): cpu = 00:00:00.09 ; elapsed = 00:00:00.09 . Memory (MB): peak = 2720.820 ; gain = 0.000 ; free physical = 3511 ; free virtual = 6514
Netlist sorting complete. Time (s): cpu = 00:00:00.10 ; elapsed = 00:00:00.11 . Memory (MB): peak = 2720.820 ; gain = 0.000 ; free physical = 3511 ; free virtual = 6514

Phase 1.1 IO Placement/ Clock Placement/ Build Placer Device
INFO: [Timing 38-35] Done setting XDC timing constraints.
Phase 1.1 IO Placement/ Clock Placement/ Build Placer Device | Checksum: fad13861

Time (s): cpu = 00:00:21 ; elapsed = 00:00:12 . Memory (MB): peak = 2720.820 ; gain = 0.000 ; free physical = 3513 ; free virtual = 6524

Phase 1.2 Build Placer Netlist Model
INFO: [Place 30-896] Complex timing constraints detected. Disabling fast timing updates
Phase 1.2 Build Placer Netlist Model | Checksum: 1cad27475

Time (s): cpu = 00:00:45 ; elapsed = 00:00:27 . Memory (MB): peak = 2720.820 ; gain = 0.000 ; free physical = 3528 ; free virtual = 6540

Phase 1.3 Constrain Clocks/Macros
Phase 1.3 Constrain Clocks/Macros | Checksum: 1cad27475

Time (s): cpu = 00:00:45 ; elapsed = 00:00:27 . Memory (MB): peak = 2720.820 ; gain = 0.000 ; free physical = 3527 ; free virtual = 6538
Phase 1 Placer Initialization | Checksum: 1cad27475

Time (s): cpu = 00:00:46 ; elapsed = 00:00:27 . Memory (MB): peak = 2720.820 ; gain = 0.000 ; free physical = 3526 ; free virtual = 6538

Phase 2 Global Placement
Phase 2 Global Placement | Checksum: fd62e504

Time (s): cpu = 00:02:43 ; elapsed = 00:01:18 . Memory (MB): peak = 2783.875 ; gain = 63.055 ; free physical = 3248 ; free virtual = 6314

Phase 3 Detail Placement

Phase 3.1 Commit Multi Column Macros
Phase 3.1 Commit Multi Column Macros | Checksum: fd62e504

Time (s): cpu = 00:02:45 ; elapsed = 00:01:19 . Memory (MB): peak = 2783.875 ; gain = 63.055 ; free physical = 3248 ; free virtual = 6314

Phase 3.2 Commit Most Macros & LUTRAMs
Phase 3.2 Commit Most Macros & LUTRAMs | Checksum: 1e3cbd901

Time (s): cpu = 00:02:59 ; elapsed = 00:01:31 . Memory (MB): peak = 2783.875 ; gain = 63.055 ; free physical = 3221 ; free virtual = 6318

Phase 3.3 Area Swap Optimization
Phase 3.3 Area Swap Optimization | Checksum: 1ca0bb60c

Time (s): cpu = 00:03:02 ; elapsed = 00:01:32 . Memory (MB): peak = 2783.875 ; gain = 63.055 ; free physical = 3228 ; free virtual = 6326

Phase 3.4 Pipeline Register Optimization
Phase 3.4 Pipeline Register Optimization | Checksum: 1ca0bb60c

Time (s): cpu = 00:03:02 ; elapsed = 00:01:32 . Memory (MB): peak = 2783.875 ; gain = 63.055 ; free physical = 3238 ; free virtual = 6324

Phase 3.5 Timing Path Optimizer
Phase 3.5 Timing Path Optimizer | Checksum: 23e26fc34

Time (s): cpu = 00:03:04 ; elapsed = 00:01:34 . Memory (MB): peak = 2783.875 ; gain = 63.055 ; free physical = 3224 ; free virtual = 6313

Phase 3.6 Fast Optimization
Phase 3.6 Fast Optimization | Checksum: 23e26fc34

Time (s): cpu = 00:03:05 ; elapsed = 00:01:35 . Memory (MB): peak = 2783.875 ; gain = 63.055 ; free physical = 3221 ; free virtual = 6310

Phase 3.7 Small Shape Detail Placement
Phase 3.7 Small Shape Detail Placement | Checksum: 151cc9e38

Time (s): cpu = 00:03:22 ; elapsed = 00:01:54 . Memory (MB): peak = 2783.875 ; gain = 63.055 ; free physical = 3202 ; free virtual = 6330

Phase 3.8 Re-assign LUT pins
Phase 3.8 Re-assign LUT pins | Checksum: 1ff84638d

Time (s): cpu = 00:03:27 ; elapsed = 00:01:59 . Memory (MB): peak = 2783.875 ; gain = 63.055 ; free physical = 3138 ; free virtual = 6266

Phase 3.9 Pipeline Register Optimization
Phase 3.9 Pipeline Register Optimization | Checksum: 1ff84638d

Time (s): cpu = 00:03:28 ; elapsed = 00:02:00 . Memory (MB): peak = 2783.875 ; gain = 63.055 ; free physical = 3136 ; free virtual = 6264

Phase 3.10 Fast Optimization
Phase 3.10 Fast Optimization | Checksum: 1ff84638d

Time (s): cpu = 00:03:29 ; elapsed = 00:02:00 . Memory (MB): peak = 2783.875 ; gain = 63.055 ; free physical = 3130 ; free virtual = 6259
Phase 3 Detail Placement | Checksum: 1ff84638d

Time (s): cpu = 00:03:30 ; elapsed = 00:02:01 . Memory (MB): peak = 2783.875 ; gain = 63.055 ; free physical = 3128 ; free virtual = 6257

Phase 4 Post Placement Optimization and Clean-Up

Phase 4.1 Post Commit Optimization

Phase 4.1.1 Post Placement Optimization
INFO: [Place 30-746] Post Placement Timing Summary WNS=-0.074. For the most accurate timing information please run report_timing.
Phase 4.1.1 Post Placement Optimization | Checksum: a56132b1

Time (s): cpu = 00:03:59 ; elapsed = 00:02:15 . Memory (MB): peak = 2783.875 ; gain = 63.055 ; free physical = 3049 ; free virtual = 6181
Phase 4.1 Post Commit Optimization | Checksum: a56132b1

Time (s): cpu = 00:04:00 ; elapsed = 00:02:16 . Memory (MB): peak = 2783.875 ; gain = 63.055 ; free physical = 3036 ; free virtual = 6167

Phase 4.2 Post Placement Cleanup
Phase 4.2 Post Placement Cleanup | Checksum: a56132b1

Time (s): cpu = 00:04:02 ; elapsed = 00:02:17 . Memory (MB): peak = 2783.875 ; gain = 63.055 ; free physical = 2938 ; free virtual = 6069

Phase 4.3 Placer Reporting
Phase 4.3 Placer Reporting | Checksum: a56132b1

Time (s): cpu = 00:04:03 ; elapsed = 00:02:18 . Memory (MB): peak = 2783.875 ; gain = 63.055 ; free physical = 2915 ; free virtual = 6046

Phase 4.4 Final Placement Cleanup
Phase 4.4 Final Placement Cleanup | Checksum: e42dba64

Time (s): cpu = 00:04:03 ; elapsed = 00:02:18 . Memory (MB): peak = 2783.875 ; gain = 63.055 ; free physical = 2887 ; free virtual = 6019
Phase 4 Post Placement Optimization and Clean-Up | Checksum: e42dba64

Time (s): cpu = 00:04:04 ; elapsed = 00:02:19 . Memory (MB): peak = 2783.875 ; gain = 63.055 ; free physical = 2871 ; free virtual = 6002
Ending Placer Task | Checksum: 8e61acaf

Time (s): cpu = 00:04:04 ; elapsed = 00:02:19 . Memory (MB): peak = 2783.875 ; gain = 63.055 ; free physical = 2842 ; free virtual = 5974
INFO: [Common 17-83] Releasing license: Implementation
45 Infos, 1 Warnings, 3 Critical Warnings and 0 Errors encountered.
place_design completed successfully
place_design: Time (s): cpu = 00:04:15 ; elapsed = 00:02:25 . Memory (MB): peak = 2783.875 ; gain = 63.055 ; free physical = 2842 ; free virtual = 5974
Writing placer database...
Writing XDEF routing.
Writing XDEF routing logical nets.
Writing XDEF routing special nets.
Write XDEF Complete: Time (s): cpu = 00:00:12 ; elapsed = 00:00:06 . Memory (MB): peak = 2783.875 ; gain = 0.000 ; free physical = 2757 ; free virtual = 5964
INFO: [Common 17-1381] The checkpoint '/home/elliot/git_neural/neural_IP/neural_network_simul/neural_network_simul.runs/impl_4/top_level_placed.dcp' has been generated.
write_checkpoint: Time (s): cpu = 00:00:14 ; elapsed = 00:00:09 . Memory (MB): peak = 2783.875 ; gain = 0.000 ; free physical = 2811 ; free virtual = 5959
report_io: Time (s): cpu = 00:00:00.27 ; elapsed = 00:00:00.39 . Memory (MB): peak = 2783.875 ; gain = 0.000 ; free physical = 2811 ; free virtual = 5959
report_utilization: Time (s): cpu = 00:00:00.55 ; elapsed = 00:00:00.95 . Memory (MB): peak = 2783.875 ; gain = 0.000 ; free physical = 2811 ; free virtual = 5958
report_control_sets: Time (s): cpu = 00:00:00.14 ; elapsed = 00:00:00.50 . Memory (MB): peak = 2783.875 ; gain = 0.000 ; free physical = 2811 ; free virtual = 5959
Command: route_design -directive RuntimeOptimized
Attempting to get a license for feature 'Implementation' and/or device 'xc7z045'
INFO: [Common 17-349] Got license for feature 'Implementation' and/or device 'xc7z045'
INFO: [Common 17-86] Your Implementation license expires in 16 day(s)
INFO: [Common 17-1223] The version limit for your license is '2019.08' and will expire in -469 days. A version limit expiration means that, although you may be able to continue to use the current version of tools or IP with this license, you will not be eligible for any updates or new releases.
Running DRC as a precondition to command route_design
INFO: [DRC 23-27] Running DRC with 8 threads
INFO: [Vivado_Tcl 4-198] DRC finished with 0 Errors
INFO: [Vivado_Tcl 4-199] Please refer to the DRC report (report_drc) for more information.


Starting Routing Task
INFO: [Route 35-270] Using Router directive 'RuntimeOptimized'.
INFO: [Route 35-254] Multithreading enabled for route_design using a maximum of 8 CPUs
Checksum: PlaceDB: 489f0994 ConstDB: 0 ShapeSum: 45c2a31b RouteDB: 0

Phase 1 Build RT Design
Phase 1 Build RT Design | Checksum: 115bc9243

Time (s): cpu = 00:01:22 ; elapsed = 00:02:18 . Memory (MB): peak = 2786.918 ; gain = 3.043 ; free physical = 2491 ; free virtual = 5666

Phase 2 Router Initialization

Phase 2.1 Create Timer
Phase 2.1 Create Timer | Checksum: 115bc9243

Time (s): cpu = 00:01:23 ; elapsed = 00:02:19 . Memory (MB): peak = 2786.918 ; gain = 3.043 ; free physical = 2486 ; free virtual = 5660

Phase 2.2 Fix Topology Constraints
Phase 2.2 Fix Topology Constraints | Checksum: 115bc9243

Time (s): cpu = 00:01:24 ; elapsed = 00:02:20 . Memory (MB): peak = 2818.555 ; gain = 34.680 ; free physical = 2451 ; free virtual = 5626

Phase 2.3 Pre Route Cleanup
Phase 2.3 Pre Route Cleanup | Checksum: 115bc9243

Time (s): cpu = 00:01:24 ; elapsed = 00:02:20 . Memory (MB): peak = 2818.555 ; gain = 34.680 ; free physical = 2451 ; free virtual = 5626
 Number of Nodes with overlaps = 0

Phase 2.4 Update Timing
Phase 2.4 Update Timing | Checksum: 208b6596a

Time (s): cpu = 00:01:49 ; elapsed = 00:02:35 . Memory (MB): peak = 2860.961 ; gain = 77.086 ; free physical = 2393 ; free virtual = 5567
INFO: [Route 35-416] Intermediate Timing Summary | WNS=1.590  | TNS=0.000  | WHS=22.136 | THS=0.000  |

Phase 2 Router Initialization | Checksum: 1b655055d

Time (s): cpu = 00:01:59 ; elapsed = 00:02:41 . Memory (MB): peak = 2860.961 ; gain = 77.086 ; free physical = 2385 ; free virtual = 5559

Phase 3 Initial Routing
Phase 3 Initial Routing | Checksum: 2486048b6

Time (s): cpu = 00:02:39 ; elapsed = 00:02:58 . Memory (MB): peak = 3071.422 ; gain = 287.547 ; free physical = 2159 ; free virtual = 5335

Phase 4 Rip-up And Reroute

Phase 4.1 Global Iteration 0
 Number of Nodes with overlaps = 7454
 Number of Nodes with overlaps = 585
 Number of Nodes with overlaps = 18
 Number of Nodes with overlaps = 0

Phase 4.1.1 Update Timing
Phase 4.1.1 Update Timing | Checksum: 26ea83ac1

Time (s): cpu = 01:02:51 ; elapsed = 00:26:41 . Memory (MB): peak = 3135.422 ; gain = 351.547 ; free physical = 4616 ; free virtual = 8160
INFO: [Route 35-416] Intermediate Timing Summary | WNS=0.074  | TNS=0.000  | WHS=N/A    | THS=N/A    |

Phase 4.1 Global Iteration 0 | Checksum: 20b2fd849

Time (s): cpu = 01:02:52 ; elapsed = 00:26:41 . Memory (MB): peak = 3135.422 ; gain = 351.547 ; free physical = 4617 ; free virtual = 8160
Phase 4 Rip-up And Reroute | Checksum: 20b2fd849

Time (s): cpu = 01:02:52 ; elapsed = 00:26:41 . Memory (MB): peak = 3135.422 ; gain = 351.547 ; free physical = 4617 ; free virtual = 8160

Phase 5 Delay and Skew Optimization

Phase 5.1 Delay CleanUp
Phase 5.1 Delay CleanUp | Checksum: 20b2fd849

Time (s): cpu = 01:02:53 ; elapsed = 00:26:42 . Memory (MB): peak = 3135.422 ; gain = 351.547 ; free physical = 4617 ; free virtual = 8160

Phase 5.2 Clock Skew Optimization
Phase 5.2 Clock Skew Optimization | Checksum: 20b2fd849

Time (s): cpu = 01:02:53 ; elapsed = 00:26:42 . Memory (MB): peak = 3135.422 ; gain = 351.547 ; free physical = 4617 ; free virtual = 8160
Phase 5 Delay and Skew Optimization | Checksum: 20b2fd849

Time (s): cpu = 01:02:53 ; elapsed = 00:26:42 . Memory (MB): peak = 3135.422 ; gain = 351.547 ; free physical = 4617 ; free virtual = 8160

Phase 6 Post Hold Fix

Phase 6.1 Hold Fix Iter

Phase 6.1.1 Update Timing
Phase 6.1.1 Update Timing | Checksum: 21212eb2d

Time (s): cpu = 01:02:56 ; elapsed = 00:26:44 . Memory (MB): peak = 3135.422 ; gain = 351.547 ; free physical = 4617 ; free virtual = 8160
INFO: [Route 35-416] Intermediate Timing Summary | WNS=0.074  | TNS=0.000  | WHS=22.204 | THS=0.000  |

Phase 6.1 Hold Fix Iter | Checksum: 21212eb2d

Time (s): cpu = 01:02:56 ; elapsed = 00:26:44 . Memory (MB): peak = 3135.422 ; gain = 351.547 ; free physical = 4617 ; free virtual = 8160
Phase 6 Post Hold Fix | Checksum: 21212eb2d

Time (s): cpu = 01:02:56 ; elapsed = 00:26:44 . Memory (MB): peak = 3135.422 ; gain = 351.547 ; free physical = 4617 ; free virtual = 8160

Phase 7 Route finalize

Router Utilization Summary
  Global Vertical Routing Utilization    = 1.96569 %
  Global Horizontal Routing Utilization  = 2.66166 %
  Routable Net Status*
  *Does not include unroutable nets such as driverless and loadless.
  Run report_route_status for detailed report.
  Number of Failed Nets               = 0
  Number of Unrouted Nets             = 0
  Number of Partially Routed Nets     = 0
  Number of Node Overlaps             = 0

Phase 7 Route finalize | Checksum: 1ddd47b7d

Time (s): cpu = 01:02:58 ; elapsed = 00:26:44 . Memory (MB): peak = 3135.422 ; gain = 351.547 ; free physical = 4617 ; free virtual = 8160

Phase 8 Verifying routed nets

 Verification completed successfully
Phase 8 Verifying routed nets | Checksum: 1ddd47b7d

Time (s): cpu = 01:02:58 ; elapsed = 00:26:44 . Memory (MB): peak = 3135.422 ; gain = 351.547 ; free physical = 4617 ; free virtual = 8160

Phase 9 Depositing Routes
Phase 9 Depositing Routes | Checksum: 1c080f1f8

Time (s): cpu = 01:03:03 ; elapsed = 00:26:50 . Memory (MB): peak = 3135.422 ; gain = 351.547 ; free physical = 4617 ; free virtual = 8160

Phase 10 Post Router Timing
INFO: [Route 35-57] Estimated Timing Summary | WNS=0.074  | TNS=0.000  | WHS=22.204 | THS=0.000  |

INFO: [Route 35-327] The final timing numbers are based on the router estimated timing analysis. For a complete and accurate timing signoff, please run report_timing_summary.
Phase 10 Post Router Timing | Checksum: 1c080f1f8

Time (s): cpu = 01:03:03 ; elapsed = 00:26:50 . Memory (MB): peak = 3135.422 ; gain = 351.547 ; free physical = 4616 ; free virtual = 8160
INFO: [Route 35-16] Router Completed Successfully

Time (s): cpu = 01:03:06 ; elapsed = 00:26:51 . Memory (MB): peak = 3135.422 ; gain = 351.547 ; free physical = 4616 ; free virtual = 8160

Routing Is Done.
INFO: [Common 17-83] Releasing license: Implementation
61 Infos, 1 Warnings, 3 Critical Warnings and 0 Errors encountered.
route_design completed successfully
route_design: Time (s): cpu = 01:03:14 ; elapsed = 00:26:58 . Memory (MB): peak = 3135.422 ; gain = 351.547 ; free physical = 4616 ; free virtual = 8160
Writing placer database...
Writing XDEF routing.
Writing XDEF routing logical nets.
Writing XDEF routing special nets.
Write XDEF Complete: Time (s): cpu = 00:00:09 ; elapsed = 00:00:03 . Memory (MB): peak = 3135.422 ; gain = 0.000 ; free physical = 4545 ; free virtual = 8159
INFO: [Common 17-1381] The checkpoint '/home/elliot/git_neural/neural_IP/neural_network_simul/neural_network_simul.runs/impl_4/top_level_routed.dcp' has been generated.
write_checkpoint: Time (s): cpu = 00:00:13 ; elapsed = 00:00:07 . Memory (MB): peak = 3135.422 ; gain = 0.000 ; free physical = 4578 ; free virtual = 8158
INFO: [DRC 23-27] Running DRC with 8 threads
INFO: [Coretcl 2-168] The results of DRC are in file /home/elliot/git_neural/neural_IP/neural_network_simul/neural_network_simul.runs/impl_4/top_level_drc_routed.rpt.
report_drc: Time (s): cpu = 00:00:18 ; elapsed = 00:00:06 . Memory (MB): peak = 3167.438 ; gain = 32.016 ; free physical = 4514 ; free virtual = 8153
INFO: [Timing 38-35] Done setting XDC timing constraints.
INFO: [DRC 23-133] Running Methodology with 8 threads
INFO: [Coretcl 2-1520] The results of Report Methodology are in file /home/elliot/git_neural/neural_IP/neural_network_simul/neural_network_simul.runs/impl_4/top_level_methodology_drc_routed.rpt.
report_methodology: Time (s): cpu = 00:00:26 ; elapsed = 00:00:11 . Memory (MB): peak = 3167.438 ; gain = 0.000 ; free physical = 4573 ; free virtual = 8151
INFO: [Timing 38-35] Done setting XDC timing constraints.
INFO: [Timing 38-91] UpdateTimingParams: Speed grade: -2, Delay Type: min_max.
INFO: [Timing 38-191] Multithreading enabled for timing update using a maximum of 8 CPUs
INFO: [Timing 38-35] Done setting XDC timing constraints.
Command: report_power -file top_level_power_routed.rpt -pb top_level_power_summary_routed.pb -rpx top_level_power_routed.rpx
Running Vector-less Activity Propagation...

Finished Running Vector-less Activity Propagation
71 Infos, 1 Warnings, 3 Critical Warnings and 0 Errors encountered.
report_power completed successfully
report_power: Time (s): cpu = 00:00:28 ; elapsed = 00:00:10 . Memory (MB): peak = 3191.449 ; gain = 24.012 ; free physical = 4551 ; free virtual = 8137
INFO: [Common 17-206] Exiting Vivado at Sat Dec 12 22:10:46 2020...
